<?xml version="1.0" encoding="UTF-8"?>
<!-- Generated by org.testng.reporters.JUnitXMLReporter -->
<testsuite hostname="SVFL-XAADQAF-39" ignored="0" name="Default test" tests="12" failures="0" timestamp="12 Apr 2021 23:54:10 GMT" time="431.205" errors="0">
  <testcase name="HFIC_Initial_Application_Search" time="38.713" classname="HFIC.Testcases.com.PEGA_Search"/>
  <testcase name="HFIC_Maintenance_Application_Search" time="40.449" classname="HFIC.Testcases.com.PEGA_Search"/>
  <testcase name="HFIC_Renewal_Application_Search" time="40.479" classname="HFIC.Testcases.com.PEGA_Search"/>
  <testcase name="Task_B_Search" time="51.537" classname="HFIC.Testcases.com.PEGA_Search"/>
  <testcase name="Task_M_Search" time="26.808" classname="HFIC.Testcases.com.PEGA_Search"/>
  <testcase name="Task_G_Search" time="15.431" classname="HFIC.Testcases.com.PEGA_Search"/>
  <testcase name="Task_Payment_Exception_Search" time="19.378" classname="HFIC.Testcases.com.PEGA_Search"/>
  <testcase name="Task_COBTask_Search" time="35.877" classname="HFIC.Testcases.com.PEGA_Search"/>
  <testcase name="Task_QLETrack_Search" time="36.259" classname="HFIC.Testcases.com.PEGA_Search"/>
  <testcase name="Task_Presumptive_Search" time="44.727" classname="HFIC.Testcases.com.PEGA_Search"/>
  <testcase name="HP_Group_Task_Serach" time="26.318" classname="HFIC.Testcases.com.PEGA_Search"/>
  <testcase name="HP_Reconciliation_Task_Serach" time="45.118" classname="HFIC.Testcases.com.PEGA_Search"/>
</testsuite> <!-- Default test -->
