<?xml version="1.0" encoding="UTF-8"?>
<!-- Generated by org.testng.reporters.JUnitXMLReporter -->
<testsuite hostname="SVFL-XAAD-038" name="Default test" tests="12" failures="0" timestamp="21 Apr 2021 15:47:08 GMT" time="162.295" errors="0">
  <testcase name="Lamp_Login" time="5.485" classname="HFIC.Testcases.com.LampLogin"/>
  <testcase name="Lamp_Homepage1" time="6.96" classname="HFIC.Testcases.com.LampLogin"/>
  <testcase name="Get_Quotepage1" time="9.457" classname="HFIC.Testcases.com.LampLogin"/>
  <testcase name="HealthInsurencePlans1" time="1.022" classname="HFIC.Testcases.com.LampLogin"/>
  <testcase name="GroupInformationPage1" time="7.404" classname="HFIC.Testcases.com.LampLogin"/>
  <testcase name="Group_Administration1" time="1.373" classname="HFIC.Testcases.com.LampLogin"/>
  <testcase name="COBRA_Coverage1" time="0.847" classname="HFIC.Testcases.com.LampLogin"/>
  <testcase name="BrokerGeneral_AgentInformation1" time="0.827" classname="HFIC.Testcases.com.LampLogin"/>
  <testcase name="AddEmployee1" time="23.892" classname="HFIC.Testcases.com.LampLogin"/>
  <testcase name="Uploaddocument13" time="68.151" classname="HFIC.Testcases.com.LampLogin"/>
  <testcase name="ReviewApplication_Details" time="2.17" classname="HFIC.Testcases.com.LampLogin"/>
  <testcase name="Agreement1" time="18.693" classname="HFIC.Testcases.com.LampLogin"/>
</testsuite> <!-- Default test -->
