<?xml version="1.0" encoding="UTF-8"?>
<!-- Generated by org.testng.reporters.JUnitXMLReporter -->
<testsuite hostname="SVFL-XAADQAF-31" ignored="0" name="Default test" tests="4" failures="0" timestamp="09 Apr 2021 00:19:20 GMT" time="199.38" errors="0">
  <testcase name="HFIC_Group_Number_Search" time="31.221" classname="HFIC.Testcases.com.Enrollment_360_new"/>
  <testcase name="HP_Group_Search" time="32.596" classname="HFIC.Testcases.com.Enrollment_360_new"/>
  <testcase name="MemberSearch" time="45.704" classname="HFIC.Testcases.com.Enrollment_360_new"/>
  <testcase name="Member_Search_Otherinfo" time="79.563" classname="HFIC.Testcases.com.Enrollment_360_new"/>
</testsuite> <!-- Default test -->
