<?xml version="1.0" encoding="UTF-8"?>
<!-- Generated by org.testng.reporters.JUnitXMLReporter -->
<testsuite hostname="SVFL-XAADQAF-37" ignored="0" name="Default test" tests="2" failures="0" timestamp="10 Apr 2021 19:29:32 GMT" time="297.098" errors="0">
  <testcase name="CR_Audit_UploadeDocument" time="104.451" classname="HFIC.Testcases.com.CR_UploadeDocuments"/>
  <testcase name="CR_Other_UploadeDocument" time="183.374" classname="HFIC.Testcases.com.CR_UploadeDocuments"/>
</testsuite> <!-- Default test -->
