<?xml version="1.0" encoding="UTF-8"?>
<!-- Generated by org.testng.reporters.JUnitXMLReporter -->
<testsuite hostname="SVFL-XAADQAF-05" ignored="0" name="Default test" tests="4" failures="0" timestamp="10 Apr 2021 03:30:13 GMT" time="194.804" errors="0">
  <testcase name="HFIC_Group_Number_Search" time="30.166" classname="HFIC.Testcases.com.Enrollment_360_new"/>
  <testcase name="HP_Group_Search" time="31.699" classname="HFIC.Testcases.com.Enrollment_360_new"/>
  <testcase name="MemberSearch" time="44.556" classname="HFIC.Testcases.com.Enrollment_360_new"/>
  <testcase name="Member_Search_Otherinfo" time="78.066" classname="HFIC.Testcases.com.Enrollment_360_new"/>
</testsuite> <!-- Default test -->
