<?xml version="1.0" encoding="UTF-8"?>
<!-- Generated by org.testng.reporters.JUnitXMLReporter -->
<testsuite hostname="SVFL-XAAD-047" name="Default test" tests="3" failures="0" timestamp="22 Apr 2021 21:40:54 GMT" time="351.744" errors="0">
  <testcase name="Lamp_SMG_Application_Submissionn" time="114.249" classname="HFIC.Testcases.com.LampLogin"/>
  <testcase name="Lamp_SMG_Application_Submissionn" time="112.428" classname="HFIC.Testcases.com.LampLogin"/>
  <testcase name="Lamp_SMG_Application_Submissionn" time="115.211" classname="HFIC.Testcases.com.LampLogin"/>
</testsuite> <!-- Default test -->
