<?xml version="1.0" encoding="UTF-8"?>
<!-- Generated by org.testng.reporters.JUnitXMLReporter -->
<testsuite hostname="SVFL-XAADQAF-17" ignored="0" name="Default test" tests="2" failures="0" timestamp="09 Apr 2021 15:04:54 GMT" time="358.788" errors="0">
  <testcase name="CR_Audit_UploadeDocument" time="126.051" classname="HFIC.Testcases.com.CR_UploadeDocuments"/>
  <testcase name="CR_Other_UploadeDocument" time="220.872" classname="HFIC.Testcases.com.CR_UploadeDocuments"/>
</testsuite> <!-- Default test -->
