<?xml version="1.0" encoding="UTF-8"?>
<!-- Generated by org.testng.reporters.JUnitXMLReporter -->
<testsuite hostname="SVFL-XAADQAF-31" ignored="0" name="Default test" tests="1" failures="1" timestamp="09 Apr 2021 05:13:02 GMT" time="78.157" errors="0">
  <testcase name="CR_Other_UploadeDocument" time="67.33" classname="HFIC.Testcases.com.CR_UploadeDocuments">
    <failure type="org.openqa.selenium.ElementClickInterceptedException" message="element click intercepted: Element &amp;lt;img data-template=&amp;quot;&amp;quot; data-click=&amp;quot;[[&amp;amp;quot;processAction&amp;amp;quot;, [&amp;amp;quot;HFICNotesDetails&amp;amp;quot;,&amp;amp;quot;true&amp;amp;quot;,&amp;amp;quot;:event&amp;amp;quot;,&amp;amp;quot;&amp;amp;quot;,&amp;amp;quot;Rule-HTML-Section&amp;amp;quot;,&amp;amp;quot;hfic_modal_modal&amp;amp;quot;,&amp;amp;quot;RejectReasonModalTemplate&amp;amp;quot;,&amp;amp;quot;%7B%22mobile%22%3A%7B%22reveal%22%3A%7B%22effect%22%3A%22anim-bottom%22%7D%2C%22isCustomDismiss%22%3A%22false%22%7D%7D&amp;amp;quot;,&amp;amp;quot;true&amp;amp;quot;,&amp;amp;quot;HF-Product-Enroll-Work-Maint-ChangeRequest&amp;amp;quot;,&amp;amp;quot;HF-Product-Enroll-Work-Maint-ChangeRequest&amp;amp;quot;,&amp;amp;quot;false&amp;amp;quot;,&amp;amp;quot;false&amp;amp;quot;,&amp;amp;quot;&amp;amp;quot;,&amp;amp;quot;&amp;amp;quot;]],[&amp;amp;quot;refresh&amp;amp;quot;, [&amp;amp;quot;otherSection&amp;amp;quot;,&amp;amp;quot;DocumentUploadUI&amp;amp;quot;, &amp;amp;quot;&amp;amp;quot;, &amp;amp;quot;=&amp;amp;quot;, &amp;amp;quot;&amp;amp;quot;, &amp;amp;quot;,&amp;amp;quot;,&amp;amp;quot;:event&amp;amp;quot;,&amp;amp;quot;&amp;amp;quot;,[&amp;amp;quot;pzuiactionzzz=CXt0cn17U1RBTkRBUkR9NDZkY2E2NDhiMWY1ZjE1MDlhNzZkY2U2MTY5ZGMzNzdhZWUyMzliOGMzODEyZWVjZjhiNTJhMDU4OWU5NjBkN2FlZWNhZTA4OTk3ZWY5ZmM5ZmJlNmMwYjcxYmY1MTkyNzIzMmE3ZTdhNGJhMzM0ZjA1YzNlNjM0ZTM0NTU0N2Y%3D*&amp;amp;quot;,{},{}],&amp;amp;quot;pyWorkPage&amp;amp;quot;]]]&amp;quot; data-ctl=&amp;quot;Icon&amp;quot; src=&amp;quot;webwb/hficnotes_11608496393.png!!.png&amp;quot; name=&amp;quot;HFICCaseHeader_pyWorkPage_16&amp;quot; tabindex=&amp;quot;0&amp;quot; role=&amp;quot;link&amp;quot;&amp;gt; is not clickable at point (1095, 142). Other element would receive the click: &amp;lt;div class=&amp;quot;modal-align-cell hfic_modal_reject_reason_modal&amp;quot;&amp;gt;...&amp;lt;/div&amp;gt;
  (Session info: chrome=89.0.4389.114)
Build info: version: &amp;apos;3.141.59&amp;apos;, revision: &amp;apos;e82be7d358&amp;apos;, time: &amp;apos;2018-11-14T08:17:03&amp;apos;
System info: host: &amp;apos;SVFL-XAADQAF-31&amp;apos;, ip: &amp;apos;10.200.189.38&amp;apos;, os.name: &amp;apos;Windows Server 2016&amp;apos;, os.arch: &amp;apos;amd64&amp;apos;, os.version: &amp;apos;10.0&amp;apos;, java.version: &amp;apos;1.8.0_211&amp;apos;
Driver info: org.openqa.selenium.chrome.ChromeDriver
Capabilities {acceptInsecureCerts: false, browserName: chrome, browserVersion: 89.0.4389.114, chrome: {chromedriverVersion: 89.0.4389.23 (61b08ee2c5002..., userDataDir: C:\Users\SMUTCH~1\AppData\L...}, goog:chromeOptions: {debuggerAddress: localhost:62335}, javascriptEnabled: true, networkConnectionEnabled: false, pageLoadStrategy: normal, platform: WINDOWS, platformName: WINDOWS, proxy: Proxy(), setWindowRect: true, strictFileInteractability: false, timeouts: {implicit: 0, pageLoad: 300000, script: 30000}, unhandledPromptBehavior: dismiss and notify, webauthn:extension:largeBlob: true, webauthn:virtualAuthenticators: true}
Session ID: f8ef68dfb89ae84eb653d21d8dd55e33">
      <![CDATA[org.openqa.selenium.ElementClickInterceptedException: element click intercepted: Element <img data-template="" data-click="[[&quot;processAction&quot;, [&quot;HFICNotesDetails&quot;,&quot;true&quot;,&quot;:event&quot;,&quot;&quot;,&quot;Rule-HTML-Section&quot;,&quot;hfic_modal_modal&quot;,&quot;RejectReasonModalTemplate&quot;,&quot;%7B%22mobile%22%3A%7B%22reveal%22%3A%7B%22effect%22%3A%22anim-bottom%22%7D%2C%22isCustomDismiss%22%3A%22false%22%7D%7D&quot;,&quot;true&quot;,&quot;HF-Product-Enroll-Work-Maint-ChangeRequest&quot;,&quot;HF-Product-Enroll-Work-Maint-ChangeRequest&quot;,&quot;false&quot;,&quot;false&quot;,&quot;&quot;,&quot;&quot;]],[&quot;refresh&quot;, [&quot;otherSection&quot;,&quot;DocumentUploadUI&quot;, &quot;&quot;, &quot;=&quot;, &quot;&quot;, &quot;,&quot;,&quot;:event&quot;,&quot;&quot;,[&quot;pzuiactionzzz=CXt0cn17U1RBTkRBUkR9NDZkY2E2NDhiMWY1ZjE1MDlhNzZkY2U2MTY5ZGMzNzdhZWUyMzliOGMzODEyZWVjZjhiNTJhMDU4OWU5NjBkN2FlZWNhZTA4OTk3ZWY5ZmM5ZmJlNmMwYjcxYmY1MTkyNzIzMmE3ZTdhNGJhMzM0ZjA1YzNlNjM0ZTM0NTU0N2Y%3D*&quot;,{},{}],&quot;pyWorkPage&quot;]]]" data-ctl="Icon" src="webwb/hficnotes_11608496393.png!!.png" name="HFICCaseHeader_pyWorkPage_16" tabindex="0" role="link"> is not clickable at point (1095, 142). Other element would receive the click: <div class="modal-align-cell hfic_modal_reject_reason_modal">...</div>
  (Session info: chrome=89.0.4389.114)
Build info: version: '3.141.59', revision: 'e82be7d358', time: '2018-11-14T08:17:03'
System info: host: 'SVFL-XAADQAF-31', ip: '10.200.189.38', os.name: 'Windows Server 2016', os.arch: 'amd64', os.version: '10.0', java.version: '1.8.0_211'
Driver info: org.openqa.selenium.chrome.ChromeDriver
Capabilities {acceptInsecureCerts: false, browserName: chrome, browserVersion: 89.0.4389.114, chrome: {chromedriverVersion: 89.0.4389.23 (61b08ee2c5002..., userDataDir: C:\Users\SMUTCH~1\AppData\L...}, goog:chromeOptions: {debuggerAddress: localhost:62335}, javascriptEnabled: true, networkConnectionEnabled: false, pageLoadStrategy: normal, platform: WINDOWS, platformName: WINDOWS, proxy: Proxy(), setWindowRect: true, strictFileInteractability: false, timeouts: {implicit: 0, pageLoad: 300000, script: 30000}, unhandledPromptBehavior: dismiss and notify, webauthn:extension:largeBlob: true, webauthn:virtualAuthenticators: true}
Session ID: f8ef68dfb89ae84eb653d21d8dd55e33
at sun.reflect.NativeConstructorAccessorImpl.newInstance0(Native Method)
at sun.reflect.NativeConstructorAccessorImpl.newInstance(Unknown Source)
at sun.reflect.DelegatingConstructorAccessorImpl.newInstance(Unknown Source)
at java.lang.reflect.Constructor.newInstance(Unknown Source)
at org.openqa.selenium.remote.http.W3CHttpResponseCodec.createException(W3CHttpResponseCodec.java:187)
at org.openqa.selenium.remote.http.W3CHttpResponseCodec.decode(W3CHttpResponseCodec.java:122)
at org.openqa.selenium.remote.http.W3CHttpResponseCodec.decode(W3CHttpResponseCodec.java:49)
at org.openqa.selenium.remote.HttpCommandExecutor.execute(HttpCommandExecutor.java:158)
at org.openqa.selenium.remote.service.DriverCommandExecutor.execute(DriverCommandExecutor.java:83)
at org.openqa.selenium.remote.RemoteWebDriver.execute(RemoteWebDriver.java:552)
at org.openqa.selenium.remote.RemoteWebElement.execute(RemoteWebElement.java:285)
at org.openqa.selenium.remote.RemoteWebElement.click(RemoteWebElement.java:84)
at sun.reflect.NativeMethodAccessorImpl.invoke0(Native Method)
at sun.reflect.NativeMethodAccessorImpl.invoke(Unknown Source)
at sun.reflect.DelegatingMethodAccessorImpl.invoke(Unknown Source)
at java.lang.reflect.Method.invoke(Unknown Source)
at org.openqa.selenium.support.pagefactory.internal.LocatingElementHandler.invoke(LocatingElementHandler.java:51)
at com.sun.proxy.$Proxy13.click(Unknown Source)
at HFIC.Pages.com.ChangeRequest_Uplodedocuments.Notes(ChangeRequest_Uplodedocuments.java:309)
at HFIC.Pages.com.ChangeRequest_Uplodedocuments.CR_Upload_document_Other(ChangeRequest_Uplodedocuments.java:401)
at HFIC.Testcases.com.CR_UploadeDocuments.CR_Other_UploadeDocument(CR_UploadeDocuments.java:31)
at sun.reflect.NativeMethodAccessorImpl.invoke0(Native Method)
at sun.reflect.NativeMethodAccessorImpl.invoke(Unknown Source)
at sun.reflect.DelegatingMethodAccessorImpl.invoke(Unknown Source)
at java.lang.reflect.Method.invoke(Unknown Source)
at org.testng.internal.MethodInvocationHelper.invokeMethod(MethodInvocationHelper.java:124)
at org.testng.internal.Invoker.invokeMethod(Invoker.java:583)
at org.testng.internal.Invoker.invokeTestMethod(Invoker.java:719)
at org.testng.internal.Invoker.invokeTestMethods(Invoker.java:989)
at org.testng.internal.TestMethodWorker.invokeTestMethods(TestMethodWorker.java:125)
at org.testng.internal.TestMethodWorker.run(TestMethodWorker.java:109)
at org.testng.TestRunner.privateRun(TestRunner.java:648)
at org.testng.TestRunner.run(TestRunner.java:505)
at org.testng.SuiteRunner.runTest(SuiteRunner.java:455)
at org.testng.SuiteRunner.runSequentially(SuiteRunner.java:450)
at org.testng.SuiteRunner.privateRun(SuiteRunner.java:415)
at org.testng.SuiteRunner.run(SuiteRunner.java:364)
at org.testng.SuiteRunnerWorker.runSuite(SuiteRunnerWorker.java:52)
at org.testng.SuiteRunnerWorker.run(SuiteRunnerWorker.java:84)
at org.testng.TestNG.runSuitesSequentially(TestNG.java:1208)
at org.testng.TestNG.runSuitesLocally(TestNG.java:1137)
at org.testng.TestNG.runSuites(TestNG.java:1049)
at org.testng.TestNG.run(TestNG.java:1017)
at org.testng.remote.AbstractRemoteTestNG.run(AbstractRemoteTestNG.java:114)
at org.testng.remote.RemoteTestNG.initAndRun(RemoteTestNG.java:251)
at org.testng.remote.RemoteTestNG.main(RemoteTestNG.java:77)
]]>
    </failure>
  </testcase> <!-- CR_Other_UploadeDocument -->
</testsuite> <!-- Default test -->
