<?xml version="1.0" encoding="UTF-8"?>
<!-- Generated by org.testng.reporters.JUnitXMLReporter -->
<testsuite hostname="SVFL-XAADQAF-08" ignored="0" name="Default test" tests="12" failures="0" timestamp="15 Apr 2021 22:43:25 GMT" time="155.116" errors="0">
  <testcase name="Lamp_Login" time="5.475" classname="HFIC.Testcases.com.LampLogin"/>
  <testcase name="Lamp_Homepage1" time="5.215" classname="HFIC.Testcases.com.LampLogin"/>
  <testcase name="Get_Quotepage1" time="9.254" classname="HFIC.Testcases.com.LampLogin"/>
  <testcase name="HealthInsurencePlans1" time="0.749" classname="HFIC.Testcases.com.LampLogin"/>
  <testcase name="GroupInformationPage1" time="7.699" classname="HFIC.Testcases.com.LampLogin"/>
  <testcase name="Group_Administration1" time="1.084" classname="HFIC.Testcases.com.LampLogin"/>
  <testcase name="COBRA_Coverage1" time="0.133" classname="HFIC.Testcases.com.LampLogin"/>
  <testcase name="BrokerGeneral_AgentInformation1" time="1.216" classname="HFIC.Testcases.com.LampLogin"/>
  <testcase name="AddEmployee1" time="23.752" classname="HFIC.Testcases.com.LampLogin"/>
  <testcase name="Uploaddocument13" time="65.836" classname="HFIC.Testcases.com.LampLogin"/>
  <testcase name="ReviewApplication_Details" time="4.11" classname="HFIC.Testcases.com.LampLogin"/>
  <testcase name="Agreement1" time="18.146" classname="HFIC.Testcases.com.LampLogin"/>
</testsuite> <!-- Default test -->
