<?xml version="1.0" encoding="UTF-8"?>
<!-- Generated by org.testng.reporters.JUnitXMLReporter -->
<testsuite hostname="SVFL-XAAD-047" name="Default test" tests="3" failures="0" timestamp="23 Apr 2021 17:19:10 GMT" time="368.374" errors="0">
  <testcase name="Lamp_SMG_Application_Submissionn" time="116.734" classname="HFIC.Testcases.com.LampLogin"/>
  <testcase name="Lamp_SMG_Application_Submissionn" time="123.513" classname="HFIC.Testcases.com.LampLogin"/>
  <testcase name="Lamp_SMG_Application_Submissionn" time="117.979" classname="HFIC.Testcases.com.LampLogin"/>
</testsuite> <!-- Default test -->
