<?xml version="1.0" encoding="UTF-8"?>
<!-- Generated by org.testng.reporters.JUnitXMLReporter -->
<testsuite hostname="SVFL-XAADQAF-34" ignored="0" name="Default test" tests="3" failures="0" timestamp="11 Apr 2021 19:46:14 GMT" time="252.173" errors="0">
  <testcase name="Application_Search" time="154.328" classname="HFIC.Testcases.com.PEGA_Search"/>
  <testcase name="Task_B_Search" time="54.806" classname="HFIC.Testcases.com.PEGA_Search"/>
  <testcase name="Task_M_Search" time="34.62" classname="HFIC.Testcases.com.PEGA_Search"/>
</testsuite> <!-- Default test -->
