<?xml version="1.0" encoding="UTF-8"?>
<!-- Generated by org.testng.reporters.JUnitXMLReporter -->
<testsuite hostname="SVFL-XAADQAF-38" ignored="0" name="Default test" tests="5" failures="0" timestamp="12 Apr 2021 01:56:18 GMT" time="242.872" errors="0">
  <testcase name="Application_Search" time="116.716" classname="HFIC.Testcases.com.PEGA_Search"/>
  <testcase name="Task_B_Search" time="47.609" classname="HFIC.Testcases.com.PEGA_Search"/>
  <testcase name="Task_G_Search" time="18.829" classname="HFIC.Testcases.com.PEGA_Search"/>
  <testcase name="Task_M_Search" time="28.955" classname="HFIC.Testcases.com.PEGA_Search"/>
  <testcase name="Task_Payment_Exception_Search" time="21.422" classname="HFIC.Testcases.com.PEGA_Search"/>
</testsuite> <!-- Default test -->
