<?xml version="1.0" encoding="UTF-8"?>
<!-- Generated by org.testng.reporters.JUnitXMLReporter -->
<testsuite hostname="SVFL-XAADQAF-38" ignored="0" name="Default test" tests="2" failures="0" timestamp="12 Apr 2021 02:59:42 GMT" time="55.305" errors="0">
  <testcase name="CR_HSA_Member_update" time="21.62" classname="HFIC.Testcases.com.CR_UpdateHSA_Group_Member"/>
  <testcase name="CR_HSA_Group_update" time="24.237" classname="HFIC.Testcases.com.CR_UpdateHSA_Group_Member"/>
</testsuite> <!-- Default test -->
