<?xml version="1.0" encoding="UTF-8"?>
<!-- Generated by org.testng.reporters.JUnitXMLReporter -->
<testsuite hostname="SVFL-XAADQAF-05" ignored="0" name="Default test" tests="2" failures="0" timestamp="10 Apr 2021 03:16:02 GMT" time="71.223" errors="0">
  <testcase name="HFIC_Group_Number_Search" time="30.247" classname="HFIC.Testcases.com.Enrollment_360_new"/>
  <testcase name="HP_Group_Search" time="31.741" classname="HFIC.Testcases.com.Enrollment_360_new"/>
</testsuite> <!-- Default test -->
