<?xml version="1.0" encoding="UTF-8"?>
<!-- Generated by org.testng.reporters.JUnitXMLReporter -->
<testsuite hostname="SVFL-XAAD-036" name="Default test" tests="12" failures="0" timestamp="19 Apr 2021 15:17:45 GMT" time="163.341" errors="0">
  <testcase name="Lamp_Login" time="5.687" classname="HFIC.Testcases.com.LampLogin"/>
  <testcase name="Lamp_Homepage1" time="7.205" classname="HFIC.Testcases.com.LampLogin"/>
  <testcase name="Get_Quotepage1" time="9.481" classname="HFIC.Testcases.com.LampLogin"/>
  <testcase name="HealthInsurencePlans1" time="1.155" classname="HFIC.Testcases.com.LampLogin"/>
  <testcase name="GroupInformationPage1" time="7.788" classname="HFIC.Testcases.com.LampLogin"/>
  <testcase name="Group_Administration1" time="1.369" classname="HFIC.Testcases.com.LampLogin"/>
  <testcase name="COBRA_Coverage1" time="0.209" classname="HFIC.Testcases.com.LampLogin"/>
  <testcase name="BrokerGeneral_AgentInformation1" time="0.845" classname="HFIC.Testcases.com.LampLogin"/>
  <testcase name="AddEmployee1" time="24.421" classname="HFIC.Testcases.com.LampLogin"/>
  <testcase name="Uploaddocument13" time="66.038" classname="HFIC.Testcases.com.LampLogin"/>
  <testcase name="ReviewApplication_Details" time="2.165" classname="HFIC.Testcases.com.LampLogin"/>
  <testcase name="Agreement1" time="18.726" classname="HFIC.Testcases.com.LampLogin"/>
</testsuite> <!-- Default test -->
