<?xml version="1.0" encoding="UTF-8"?>
<!-- Generated by org.testng.reporters.JUnitXMLReporter -->
<testsuite hostname="SVFL-XAADQAF-08" ignored="0" name="Default test" tests="12" failures="0" timestamp="15 Apr 2021 22:34:46 GMT" time="199.082" errors="0">
  <testcase name="Lamp_Login" time="5.409" classname="HFIC.Testcases.com.LampLogin"/>
  <testcase name="Lamp_Homepage1" time="5.497" classname="HFIC.Testcases.com.LampLogin"/>
  <testcase name="Get_Quotepage1" time="9.15" classname="HFIC.Testcases.com.LampLogin"/>
  <testcase name="HealthInsurencePlans1" time="0.767" classname="HFIC.Testcases.com.LampLogin"/>
  <testcase name="GroupInformationPage1" time="7.534" classname="HFIC.Testcases.com.LampLogin"/>
  <testcase name="Group_Administration1" time="0.956" classname="HFIC.Testcases.com.LampLogin"/>
  <testcase name="COBRA_Coverage1" time="0.737" classname="HFIC.Testcases.com.LampLogin"/>
  <testcase name="BrokerGeneral_AgentInformation1" time="1.098" classname="HFIC.Testcases.com.LampLogin"/>
  <testcase name="AddEmployee1" time="68.801" classname="HFIC.Testcases.com.LampLogin"/>
  <testcase name="Uploaddocument13" time="65.195" classname="HFIC.Testcases.com.LampLogin"/>
  <testcase name="ReviewApplication_Details" time="4.121" classname="HFIC.Testcases.com.LampLogin"/>
  <testcase name="Agreement1" time="18.153" classname="HFIC.Testcases.com.LampLogin"/>
</testsuite> <!-- Default test -->
