<?xml version="1.0" encoding="UTF-8"?>
<!-- Generated by org.testng.reporters.JUnitXMLReporter -->
<testsuite hostname="SVFL-XAADQAF-38" ignored="0" name="Default test" tests="4" failures="0" timestamp="12 Apr 2021 01:17:17 GMT" time="274.451" errors="0">
  <testcase name="Application_Search" time="152.973" classname="HFIC.Testcases.com.PEGA_Search"/>
  <testcase name="Task_B_Search" time="54.503" classname="HFIC.Testcases.com.PEGA_Search"/>
  <testcase name="Task_G_Search" time="23.013" classname="HFIC.Testcases.com.PEGA_Search"/>
  <testcase name="Task_M_Search" time="34.638" classname="HFIC.Testcases.com.PEGA_Search"/>
</testsuite> <!-- Default test -->
