<?xml version="1.0" encoding="UTF-8"?>
<!-- Generated by org.testng.reporters.JUnitXMLReporter -->
<testsuite hostname="SVFL-XAADQAF-39" ignored="0" name="Default test" tests="10" failures="0" timestamp="12 Apr 2021 17:23:38 GMT" time="419.438" errors="0">
  <testcase name="Application_Search" time="123.397" classname="HFIC.Testcases.com.PEGA_Search"/>
  <testcase name="Task_B_Search" time="48.6" classname="HFIC.Testcases.com.PEGA_Search"/>
  <testcase name="Task_M_Search" time="28.778" classname="HFIC.Testcases.com.PEGA_Search"/>
  <testcase name="Task_G_Search" time="18.44" classname="HFIC.Testcases.com.PEGA_Search"/>
  <testcase name="Task_Payment_Exception_Search" time="21.237" classname="HFIC.Testcases.com.PEGA_Search"/>
  <testcase name="Task_COBTask_Search" time="36.407" classname="HFIC.Testcases.com.PEGA_Search"/>
  <testcase name="Task_QLETrack_Search" time="36.22" classname="HFIC.Testcases.com.PEGA_Search"/>
  <testcase name="Task_Presumptive_Search" time="42.786" classname="HFIC.Testcases.com.PEGA_Search"/>
  <testcase name="Changerequest_Search" time="19.831" classname="HFIC.Testcases.com.PEGA_Search"/>
  <testcase name="HP_Reco_Search" time="31.093" classname="HFIC.Testcases.com.PEGA_Search"/>
</testsuite> <!-- Default test -->
