<?xml version="1.0" encoding="UTF-8"?>
<!-- Generated by org.testng.reporters.JUnitXMLReporter -->
<testsuite hostname="SVFL-XAADQAF-13" ignored="0" name="Default test" tests="14" failures="0" timestamp="06 Apr 2021 22:00:28 GMT" time="227.432" errors="0">
  <testcase name="HFIC_InValid_GRPnameSearch" time="12.821" classname="HFIC.Testcases.com.Enrollment_360"/>
  <testcase name="HFIC_InValid_GRPnumSearch" time="12.74" classname="HFIC.Testcases.com.Enrollment_360"/>
  <testcase name="HFIC_InValid_effdateSearch" time="12.603" classname="HFIC.Testcases.com.Enrollment_360"/>
  <testcase name="HFIC_InValid_taxSearch" time="12.763" classname="HFIC.Testcases.com.Enrollment_360"/>
  <testcase name="HFIC_Valid_GRPSearch" time="17.733" classname="HFIC.Testcases.com.Enrollment_360"/>
  <testcase name="HP_Group_Search" time="17.703" classname="HFIC.Testcases.com.Enrollment_360"/>
  <testcase name="HP_invalid_Group_Eff_Search" time="12.684" classname="HFIC.Testcases.com.Enrollment_360"/>
  <testcase name="HP_invalid_Group_Healthpass_Group_ID_Search" time="12.662" classname="HFIC.Testcases.com.Enrollment_360"/>
  <testcase name="InvalidHFICMember360" time="15.535" classname="HFIC.Testcases.com.Enrollment_360"/>
  <testcase name="InvalidHFICMembereffectdate" time="15.523" classname="HFIC.Testcases.com.Enrollment_360"/>
  <testcase name="InvalidHPMember360" time="15.569" classname="HFIC.Testcases.com.Enrollment_360"/>
  <testcase name="InvalidHPMembereffectdate" time="15.54" classname="HFIC.Testcases.com.Enrollment_360"/>
  <testcase name="VALIDHFICMember360" time="20.563" classname="HFIC.Testcases.com.Enrollment_360"/>
  <testcase name="VALIDHPMember360" time="20.639" classname="HFIC.Testcases.com.Enrollment_360"/>
</testsuite> <!-- Default test -->
