<?xml version="1.0" encoding="UTF-8"?>
<testng-results skipped="0" failed="0" ignored="0" total="14" passed="14">
  <reporter-output>
    <line>
      <![CDATA[Project set up done]]>
    </line>
    <line>
      <![CDATA[Application up and running as expected]]>
    </line>
    <line>
      <![CDATA[Test results are capture and report genwrated sussfully]]>
    </line>
    <line>
      <![CDATA[Test results are capture and report genwrated sussfully]]>
    </line>
    <line>
      <![CDATA[Test results are capture and report genwrated sussfully]]>
    </line>
    <line>
      <![CDATA[Test results are capture and report genwrated sussfully]]>
    </line>
    <line>
      <![CDATA[Test results are capture and report genwrated sussfully]]>
    </line>
    <line>
      <![CDATA[Test results are capture and report genwrated sussfully]]>
    </line>
    <line>
      <![CDATA[Test results are capture and report genwrated sussfully]]>
    </line>
    <line>
      <![CDATA[Test results are capture and report genwrated sussfully]]>
    </line>
    <line>
      <![CDATA[Test results are capture and report genwrated sussfully]]>
    </line>
    <line>
      <![CDATA[Test results are capture and report genwrated sussfully]]>
    </line>
    <line>
      <![CDATA[Test results are capture and report genwrated sussfully]]>
    </line>
    <line>
      <![CDATA[Test results are capture and report genwrated sussfully]]>
    </line>
    <line>
      <![CDATA[Test results are capture and report genwrated sussfully]]>
    </line>
    <line>
      <![CDATA[Test results are capture and report genwrated sussfully]]>
    </line>
  </reporter-output>
  <suite name="Default suite" duration-ms="227432" started-at="2021-04-06T21:56:41Z" finished-at="2021-04-06T22:00:28Z">
    <groups>
    </groups>
    <test name="Default test" duration-ms="227432" started-at="2021-04-06T21:56:41Z" finished-at="2021-04-06T22:00:28Z">
      <class name="HFIC.Testcases.com.Enrollment_360">
        <test-method status="PASS" signature="Start_up()[pri:0, instance:HFIC.Testcases.com.Enrollment_360@754ba872]" name="Start_up" is-config="true" duration-ms="933" started-at="2021-04-06T21:56:40Z" finished-at="2021-04-06T21:56:41Z">
          <reporter-output>
            <line>
              <![CDATA[Project set up done]]>
            </line>
          </reporter-output>
        </test-method> <!-- Start_up -->
        <test-method status="PASS" signature="Application_Start()[pri:0, instance:HFIC.Testcases.com.Enrollment_360@754ba872]" name="Application_Start" is-config="true" duration-ms="7096" started-at="2021-04-06T21:56:41Z" finished-at="2021-04-06T21:56:48Z">
          <reporter-output>
            <line>
              <![CDATA[Application up and running as expected]]>
            </line>
          </reporter-output>
        </test-method> <!-- Application_Start -->
        <test-method status="PASS" signature="HFIC_InValid_GRPnameSearch()[pri:0, instance:HFIC.Testcases.com.Enrollment_360@754ba872]" name="HFIC_InValid_GRPnameSearch" duration-ms="12821" started-at="2021-04-06T21:56:48Z" finished-at="2021-04-06T21:57:00Z">
          <reporter-output>
          </reporter-output>
        </test-method> <!-- HFIC_InValid_GRPnameSearch -->
        <test-method status="PASS" signature="Tear_Down(org.testng.ITestResult)[pri:0, instance:HFIC.Testcases.com.Enrollment_360@754ba872]" name="Tear_Down" is-config="true" duration-ms="625" started-at="2021-04-06T21:57:00Z" finished-at="2021-04-06T21:57:01Z">
          <params>
            <param index="0">
              <value>
                <![CDATA[[TestResult name=HFIC_InValid_GRPnameSearch status=SUCCESS method=Enrollment_360.HFIC_InValid_GRPnameSearch()[pri:0, instance:HFIC.Testcases.com.Enrollment_360@754ba872] output={null}]]]>
              </value>
            </param>
          </params>
          <reporter-output>
            <line>
              <![CDATA[Test results are capture and report genwrated sussfully]]>
            </line>
          </reporter-output>
        </test-method> <!-- Tear_Down -->
        <test-method status="PASS" signature="HFIC_InValid_GRPnumSearch()[pri:0, instance:HFIC.Testcases.com.Enrollment_360@754ba872]" name="HFIC_InValid_GRPnumSearch" duration-ms="12740" started-at="2021-04-06T21:57:01Z" finished-at="2021-04-06T21:57:14Z">
          <reporter-output>
          </reporter-output>
        </test-method> <!-- HFIC_InValid_GRPnumSearch -->
        <test-method status="PASS" signature="Tear_Down(org.testng.ITestResult)[pri:0, instance:HFIC.Testcases.com.Enrollment_360@754ba872]" name="Tear_Down" is-config="true" duration-ms="297" started-at="2021-04-06T21:57:14Z" finished-at="2021-04-06T21:57:14Z">
          <params>
            <param index="0">
              <value>
                <![CDATA[[TestResult name=HFIC_InValid_GRPnumSearch status=SUCCESS method=Enrollment_360.HFIC_InValid_GRPnumSearch()[pri:0, instance:HFIC.Testcases.com.Enrollment_360@754ba872] output={null}]]]>
              </value>
            </param>
          </params>
          <reporter-output>
            <line>
              <![CDATA[Test results are capture and report genwrated sussfully]]>
            </line>
          </reporter-output>
        </test-method> <!-- Tear_Down -->
        <test-method status="PASS" signature="HFIC_InValid_effdateSearch()[pri:0, instance:HFIC.Testcases.com.Enrollment_360@754ba872]" name="HFIC_InValid_effdateSearch" duration-ms="12603" started-at="2021-04-06T21:57:14Z" finished-at="2021-04-06T21:57:27Z">
          <reporter-output>
          </reporter-output>
        </test-method> <!-- HFIC_InValid_effdateSearch -->
        <test-method status="PASS" signature="Tear_Down(org.testng.ITestResult)[pri:0, instance:HFIC.Testcases.com.Enrollment_360@754ba872]" name="Tear_Down" is-config="true" duration-ms="302" started-at="2021-04-06T21:57:27Z" finished-at="2021-04-06T21:57:27Z">
          <params>
            <param index="0">
              <value>
                <![CDATA[[TestResult name=HFIC_InValid_effdateSearch status=SUCCESS method=Enrollment_360.HFIC_InValid_effdateSearch()[pri:0, instance:HFIC.Testcases.com.Enrollment_360@754ba872] output={null}]]]>
              </value>
            </param>
          </params>
          <reporter-output>
            <line>
              <![CDATA[Test results are capture and report genwrated sussfully]]>
            </line>
          </reporter-output>
        </test-method> <!-- Tear_Down -->
        <test-method status="PASS" signature="HFIC_InValid_taxSearch()[pri:0, instance:HFIC.Testcases.com.Enrollment_360@754ba872]" name="HFIC_InValid_taxSearch" duration-ms="12763" started-at="2021-04-06T21:57:27Z" finished-at="2021-04-06T21:57:40Z">
          <reporter-output>
          </reporter-output>
        </test-method> <!-- HFIC_InValid_taxSearch -->
        <test-method status="PASS" signature="Tear_Down(org.testng.ITestResult)[pri:0, instance:HFIC.Testcases.com.Enrollment_360@754ba872]" name="Tear_Down" is-config="true" duration-ms="299" started-at="2021-04-06T21:57:40Z" finished-at="2021-04-06T21:57:40Z">
          <params>
            <param index="0">
              <value>
                <![CDATA[[TestResult name=HFIC_InValid_taxSearch status=SUCCESS method=Enrollment_360.HFIC_InValid_taxSearch()[pri:0, instance:HFIC.Testcases.com.Enrollment_360@754ba872] output={null}]]]>
              </value>
            </param>
          </params>
          <reporter-output>
            <line>
              <![CDATA[Test results are capture and report genwrated sussfully]]>
            </line>
          </reporter-output>
        </test-method> <!-- Tear_Down -->
        <test-method status="PASS" signature="HFIC_Valid_GRPSearch()[pri:0, instance:HFIC.Testcases.com.Enrollment_360@754ba872]" name="HFIC_Valid_GRPSearch" duration-ms="17733" started-at="2021-04-06T21:57:40Z" finished-at="2021-04-06T21:57:58Z">
          <reporter-output>
          </reporter-output>
        </test-method> <!-- HFIC_Valid_GRPSearch -->
        <test-method status="PASS" signature="Tear_Down(org.testng.ITestResult)[pri:0, instance:HFIC.Testcases.com.Enrollment_360@754ba872]" name="Tear_Down" is-config="true" duration-ms="289" started-at="2021-04-06T21:57:58Z" finished-at="2021-04-06T21:57:58Z">
          <params>
            <param index="0">
              <value>
                <![CDATA[[TestResult name=HFIC_Valid_GRPSearch status=SUCCESS method=Enrollment_360.HFIC_Valid_GRPSearch()[pri:0, instance:HFIC.Testcases.com.Enrollment_360@754ba872] output={null}]]]>
              </value>
            </param>
          </params>
          <reporter-output>
            <line>
              <![CDATA[Test results are capture and report genwrated sussfully]]>
            </line>
          </reporter-output>
        </test-method> <!-- Tear_Down -->
        <test-method status="PASS" signature="HP_Group_Search()[pri:0, instance:HFIC.Testcases.com.Enrollment_360@754ba872]" name="HP_Group_Search" duration-ms="17703" started-at="2021-04-06T21:57:58Z" finished-at="2021-04-06T21:58:16Z">
          <reporter-output>
          </reporter-output>
        </test-method> <!-- HP_Group_Search -->
        <test-method status="PASS" signature="Tear_Down(org.testng.ITestResult)[pri:0, instance:HFIC.Testcases.com.Enrollment_360@754ba872]" name="Tear_Down" is-config="true" duration-ms="299" started-at="2021-04-06T21:58:16Z" finished-at="2021-04-06T21:58:16Z">
          <params>
            <param index="0">
              <value>
                <![CDATA[[TestResult name=HP_Group_Search status=SUCCESS method=Enrollment_360.HP_Group_Search()[pri:0, instance:HFIC.Testcases.com.Enrollment_360@754ba872] output={null}]]]>
              </value>
            </param>
          </params>
          <reporter-output>
            <line>
              <![CDATA[Test results are capture and report genwrated sussfully]]>
            </line>
          </reporter-output>
        </test-method> <!-- Tear_Down -->
        <test-method status="PASS" signature="HP_invalid_Group_Eff_Search()[pri:0, instance:HFIC.Testcases.com.Enrollment_360@754ba872]" name="HP_invalid_Group_Eff_Search" duration-ms="12684" started-at="2021-04-06T21:58:16Z" finished-at="2021-04-06T21:58:29Z">
          <reporter-output>
          </reporter-output>
        </test-method> <!-- HP_invalid_Group_Eff_Search -->
        <test-method status="PASS" signature="Tear_Down(org.testng.ITestResult)[pri:0, instance:HFIC.Testcases.com.Enrollment_360@754ba872]" name="Tear_Down" is-config="true" duration-ms="297" started-at="2021-04-06T21:58:29Z" finished-at="2021-04-06T21:58:29Z">
          <params>
            <param index="0">
              <value>
                <![CDATA[[TestResult name=HP_invalid_Group_Eff_Search status=SUCCESS method=Enrollment_360.HP_invalid_Group_Eff_Search()[pri:0, instance:HFIC.Testcases.com.Enrollment_360@754ba872] output={null}]]]>
              </value>
            </param>
          </params>
          <reporter-output>
            <line>
              <![CDATA[Test results are capture and report genwrated sussfully]]>
            </line>
          </reporter-output>
        </test-method> <!-- Tear_Down -->
        <test-method status="PASS" signature="HP_invalid_Group_Healthpass_Group_ID_Search()[pri:0, instance:HFIC.Testcases.com.Enrollment_360@754ba872]" name="HP_invalid_Group_Healthpass_Group_ID_Search" duration-ms="12662" started-at="2021-04-06T21:58:29Z" finished-at="2021-04-06T21:58:42Z">
          <reporter-output>
          </reporter-output>
        </test-method> <!-- HP_invalid_Group_Healthpass_Group_ID_Search -->
        <test-method status="PASS" signature="Tear_Down(org.testng.ITestResult)[pri:0, instance:HFIC.Testcases.com.Enrollment_360@754ba872]" name="Tear_Down" is-config="true" duration-ms="329" started-at="2021-04-06T21:58:42Z" finished-at="2021-04-06T21:58:42Z">
          <params>
            <param index="0">
              <value>
                <![CDATA[[TestResult name=HP_invalid_Group_Healthpass_Group_ID_Search status=SUCCESS method=Enrollment_360.HP_invalid_Group_Healthpass_Group_ID_Search()[pri:0, instance:HFIC.Testcases.com.Enrollment_360@754ba872] output={null}]]]>
              </value>
            </param>
          </params>
          <reporter-output>
            <line>
              <![CDATA[Test results are capture and report genwrated sussfully]]>
            </line>
          </reporter-output>
        </test-method> <!-- Tear_Down -->
        <test-method status="PASS" signature="InvalidHFICMember360()[pri:0, instance:HFIC.Testcases.com.Enrollment_360@754ba872]" name="InvalidHFICMember360" duration-ms="15535" started-at="2021-04-06T21:58:42Z" finished-at="2021-04-06T21:58:58Z">
          <reporter-output>
          </reporter-output>
        </test-method> <!-- InvalidHFICMember360 -->
        <test-method status="PASS" signature="Tear_Down(org.testng.ITestResult)[pri:0, instance:HFIC.Testcases.com.Enrollment_360@754ba872]" name="Tear_Down" is-config="true" duration-ms="277" started-at="2021-04-06T21:58:58Z" finished-at="2021-04-06T21:58:58Z">
          <params>
            <param index="0">
              <value>
                <![CDATA[[TestResult name=InvalidHFICMember360 status=SUCCESS method=Enrollment_360.InvalidHFICMember360()[pri:0, instance:HFIC.Testcases.com.Enrollment_360@754ba872] output={null}]]]>
              </value>
            </param>
          </params>
          <reporter-output>
            <line>
              <![CDATA[Test results are capture and report genwrated sussfully]]>
            </line>
          </reporter-output>
        </test-method> <!-- Tear_Down -->
        <test-method status="PASS" signature="InvalidHFICMembereffectdate()[pri:0, instance:HFIC.Testcases.com.Enrollment_360@754ba872]" name="InvalidHFICMembereffectdate" duration-ms="15523" started-at="2021-04-06T21:58:58Z" finished-at="2021-04-06T21:59:13Z">
          <reporter-output>
          </reporter-output>
        </test-method> <!-- InvalidHFICMembereffectdate -->
        <test-method status="PASS" signature="Tear_Down(org.testng.ITestResult)[pri:0, instance:HFIC.Testcases.com.Enrollment_360@754ba872]" name="Tear_Down" is-config="true" duration-ms="300" started-at="2021-04-06T21:59:13Z" finished-at="2021-04-06T21:59:14Z">
          <params>
            <param index="0">
              <value>
                <![CDATA[[TestResult name=InvalidHFICMembereffectdate status=SUCCESS method=Enrollment_360.InvalidHFICMembereffectdate()[pri:0, instance:HFIC.Testcases.com.Enrollment_360@754ba872] output={null}]]]>
              </value>
            </param>
          </params>
          <reporter-output>
            <line>
              <![CDATA[Test results are capture and report genwrated sussfully]]>
            </line>
          </reporter-output>
        </test-method> <!-- Tear_Down -->
        <test-method status="PASS" signature="InvalidHPMember360()[pri:0, instance:HFIC.Testcases.com.Enrollment_360@754ba872]" name="InvalidHPMember360" duration-ms="15569" started-at="2021-04-06T21:59:14Z" finished-at="2021-04-06T21:59:29Z">
          <reporter-output>
          </reporter-output>
        </test-method> <!-- InvalidHPMember360 -->
        <test-method status="PASS" signature="Tear_Down(org.testng.ITestResult)[pri:0, instance:HFIC.Testcases.com.Enrollment_360@754ba872]" name="Tear_Down" is-config="true" duration-ms="282" started-at="2021-04-06T21:59:29Z" finished-at="2021-04-06T21:59:30Z">
          <params>
            <param index="0">
              <value>
                <![CDATA[[TestResult name=InvalidHPMember360 status=SUCCESS method=Enrollment_360.InvalidHPMember360()[pri:0, instance:HFIC.Testcases.com.Enrollment_360@754ba872] output={null}]]]>
              </value>
            </param>
          </params>
          <reporter-output>
            <line>
              <![CDATA[Test results are capture and report genwrated sussfully]]>
            </line>
          </reporter-output>
        </test-method> <!-- Tear_Down -->
        <test-method status="PASS" signature="InvalidHPMembereffectdate()[pri:0, instance:HFIC.Testcases.com.Enrollment_360@754ba872]" name="InvalidHPMembereffectdate" duration-ms="15540" started-at="2021-04-06T21:59:30Z" finished-at="2021-04-06T21:59:45Z">
          <reporter-output>
          </reporter-output>
        </test-method> <!-- InvalidHPMembereffectdate -->
        <test-method status="PASS" signature="Tear_Down(org.testng.ITestResult)[pri:0, instance:HFIC.Testcases.com.Enrollment_360@754ba872]" name="Tear_Down" is-config="true" duration-ms="287" started-at="2021-04-06T21:59:45Z" finished-at="2021-04-06T21:59:45Z">
          <params>
            <param index="0">
              <value>
                <![CDATA[[TestResult name=InvalidHPMembereffectdate status=SUCCESS method=Enrollment_360.InvalidHPMembereffectdate()[pri:0, instance:HFIC.Testcases.com.Enrollment_360@754ba872] output={null}]]]>
              </value>
            </param>
          </params>
          <reporter-output>
            <line>
              <![CDATA[Test results are capture and report genwrated sussfully]]>
            </line>
          </reporter-output>
        </test-method> <!-- Tear_Down -->
        <test-method status="PASS" signature="VALIDHFICMember360()[pri:0, instance:HFIC.Testcases.com.Enrollment_360@754ba872]" name="VALIDHFICMember360" duration-ms="20563" started-at="2021-04-06T21:59:45Z" finished-at="2021-04-06T22:00:06Z">
          <reporter-output>
          </reporter-output>
        </test-method> <!-- VALIDHFICMember360 -->
        <test-method status="PASS" signature="Tear_Down(org.testng.ITestResult)[pri:0, instance:HFIC.Testcases.com.Enrollment_360@754ba872]" name="Tear_Down" is-config="true" duration-ms="309" started-at="2021-04-06T22:00:06Z" finished-at="2021-04-06T22:00:06Z">
          <params>
            <param index="0">
              <value>
                <![CDATA[[TestResult name=VALIDHFICMember360 status=SUCCESS method=Enrollment_360.VALIDHFICMember360()[pri:0, instance:HFIC.Testcases.com.Enrollment_360@754ba872] output={null}]]]>
              </value>
            </param>
          </params>
          <reporter-output>
            <line>
              <![CDATA[Test results are capture and report genwrated sussfully]]>
            </line>
          </reporter-output>
        </test-method> <!-- Tear_Down -->
        <test-method status="PASS" signature="VALIDHPMember360()[pri:0, instance:HFIC.Testcases.com.Enrollment_360@754ba872]" name="VALIDHPMember360" duration-ms="20639" started-at="2021-04-06T22:00:06Z" finished-at="2021-04-06T22:00:27Z">
          <reporter-output>
          </reporter-output>
        </test-method> <!-- VALIDHPMember360 -->
        <test-method status="PASS" signature="Tear_Down(org.testng.ITestResult)[pri:0, instance:HFIC.Testcases.com.Enrollment_360@754ba872]" name="Tear_Down" is-config="true" duration-ms="308" started-at="2021-04-06T22:00:27Z" finished-at="2021-04-06T22:00:27Z">
          <params>
            <param index="0">
              <value>
                <![CDATA[[TestResult name=VALIDHPMember360 status=SUCCESS method=Enrollment_360.VALIDHPMember360()[pri:0, instance:HFIC.Testcases.com.Enrollment_360@754ba872] output={null}]]]>
              </value>
            </param>
          </params>
          <reporter-output>
            <line>
              <![CDATA[Test results are capture and report genwrated sussfully]]>
            </line>
          </reporter-output>
        </test-method> <!-- Tear_Down -->
        <test-method status="PASS" signature="Application_Exit()[pri:0, instance:HFIC.Testcases.com.Enrollment_360@754ba872]" name="Application_Exit" is-config="true" duration-ms="719" started-at="2021-04-06T22:00:27Z" finished-at="2021-04-06T22:00:28Z">
          <reporter-output>
          </reporter-output>
        </test-method> <!-- Application_Exit -->
      </class> <!-- HFIC.Testcases.com.Enrollment_360 -->
    </test> <!-- Default test -->
  </suite> <!-- Default suite -->
</testng-results>
