<?xml version="1.0" encoding="UTF-8"?>
<testng-results skipped="0" failed="0" total="12" passed="12">
  <reporter-output>
    <line>
      <![CDATA[Project set up done]]>
    </line>
    <line>
      <![CDATA[Application up and running as expected]]>
    </line>
  </reporter-output>
  <suite name="Default suite" duration-ms="162295" started-at="2021-04-21T15:44:26Z" finished-at="2021-04-21T15:47:08Z">
    <groups>
    </groups>
    <test name="Default test" duration-ms="162295" started-at="2021-04-21T15:44:26Z" finished-at="2021-04-21T15:47:08Z">
      <class name="HFIC.Testcases.com.LampLogin">
        <test-method status="PASS" signature="Start_up()[pri:0, instance:HFIC.Testcases.com.LampLogin@39c0f4a]" name="Start_up" is-config="true" duration-ms="1845" started-at="2021-04-21T11:44:24Z" finished-at="2021-04-21T11:44:26Z">
          <reporter-output>
            <line>
              <![CDATA[Project set up done]]>
            </line>
          </reporter-output>
        </test-method> <!-- Start_up -->
        <test-method status="PASS" signature="Application_Start()[pri:0, instance:HFIC.Testcases.com.LampLogin@39c0f4a]" name="Application_Start" is-config="true" duration-ms="5986" started-at="2021-04-21T11:44:26Z" finished-at="2021-04-21T11:44:32Z">
          <reporter-output>
            <line>
              <![CDATA[Application up and running as expected]]>
            </line>
          </reporter-output>
        </test-method> <!-- Application_Start -->
        <test-method status="PASS" signature="Lamp_Login()[pri:1, instance:HFIC.Testcases.com.LampLogin@39c0f4a]" name="Lamp_Login" duration-ms="5485" started-at="2021-04-21T11:44:32Z" finished-at="2021-04-21T11:44:37Z">
          <reporter-output>
          </reporter-output>
        </test-method> <!-- Lamp_Login -->
        <test-method status="PASS" signature="Tear_Down(org.testng.ITestResult)[pri:0, instance:HFIC.Testcases.com.LampLogin@39c0f4a]" name="Tear_Down" is-config="true" duration-ms="830" started-at="2021-04-21T11:44:37Z" finished-at="2021-04-21T11:44:38Z">
          <params>
            <param index="0">
              <value>
                <![CDATA[[TestResult name=Lamp_Login status=SUCCESS method=LampLogin.Lamp_Login()[pri:1, instance:HFIC.Testcases.com.LampLogin@39c0f4a] output={null}]]]>
              </value>
            </param>
          </params>
          <reporter-output>
          </reporter-output>
        </test-method> <!-- Tear_Down -->
        <test-method status="PASS" signature="Lamp_Homepage1()[pri:2, instance:HFIC.Testcases.com.LampLogin@39c0f4a]" name="Lamp_Homepage1" duration-ms="6960" started-at="2021-04-21T11:44:38Z" finished-at="2021-04-21T11:44:45Z">
          <reporter-output>
          </reporter-output>
        </test-method> <!-- Lamp_Homepage1 -->
        <test-method status="PASS" signature="Tear_Down(org.testng.ITestResult)[pri:0, instance:HFIC.Testcases.com.LampLogin@39c0f4a]" name="Tear_Down" is-config="true" duration-ms="319" started-at="2021-04-21T11:44:45Z" finished-at="2021-04-21T11:44:45Z">
          <params>
            <param index="0">
              <value>
                <![CDATA[[TestResult name=Lamp_Homepage1 status=SUCCESS method=LampLogin.Lamp_Homepage1()[pri:2, instance:HFIC.Testcases.com.LampLogin@39c0f4a] output={null}]]]>
              </value>
            </param>
          </params>
          <reporter-output>
          </reporter-output>
        </test-method> <!-- Tear_Down -->
        <test-method status="PASS" signature="Get_Quotepage1()[pri:3, instance:HFIC.Testcases.com.LampLogin@39c0f4a]" name="Get_Quotepage1" duration-ms="9457" started-at="2021-04-21T11:44:45Z" finished-at="2021-04-21T11:44:55Z">
          <reporter-output>
          </reporter-output>
        </test-method> <!-- Get_Quotepage1 -->
        <test-method status="PASS" signature="Tear_Down(org.testng.ITestResult)[pri:0, instance:HFIC.Testcases.com.LampLogin@39c0f4a]" name="Tear_Down" is-config="true" duration-ms="323" started-at="2021-04-21T11:44:55Z" finished-at="2021-04-21T11:44:55Z">
          <params>
            <param index="0">
              <value>
                <![CDATA[[TestResult name=Get_Quotepage1 status=SUCCESS method=LampLogin.Get_Quotepage1()[pri:3, instance:HFIC.Testcases.com.LampLogin@39c0f4a] output={null}]]]>
              </value>
            </param>
          </params>
          <reporter-output>
          </reporter-output>
        </test-method> <!-- Tear_Down -->
        <test-method status="PASS" signature="HealthInsurencePlans1()[pri:4, instance:HFIC.Testcases.com.LampLogin@39c0f4a]" name="HealthInsurencePlans1" duration-ms="1022" started-at="2021-04-21T11:44:55Z" finished-at="2021-04-21T11:44:56Z">
          <reporter-output>
          </reporter-output>
        </test-method> <!-- HealthInsurencePlans1 -->
        <test-method status="PASS" signature="Tear_Down(org.testng.ITestResult)[pri:0, instance:HFIC.Testcases.com.LampLogin@39c0f4a]" name="Tear_Down" is-config="true" duration-ms="269" started-at="2021-04-21T11:44:56Z" finished-at="2021-04-21T11:44:56Z">
          <params>
            <param index="0">
              <value>
                <![CDATA[[TestResult name=HealthInsurencePlans1 status=SUCCESS method=LampLogin.HealthInsurencePlans1()[pri:4, instance:HFIC.Testcases.com.LampLogin@39c0f4a] output={null}]]]>
              </value>
            </param>
          </params>
          <reporter-output>
          </reporter-output>
        </test-method> <!-- Tear_Down -->
        <test-method status="PASS" signature="GroupInformationPage1()[pri:5, instance:HFIC.Testcases.com.LampLogin@39c0f4a]" name="GroupInformationPage1" duration-ms="7404" started-at="2021-04-21T11:44:56Z" finished-at="2021-04-21T11:45:04Z">
          <reporter-output>
          </reporter-output>
        </test-method> <!-- GroupInformationPage1 -->
        <test-method status="PASS" signature="Tear_Down(org.testng.ITestResult)[pri:0, instance:HFIC.Testcases.com.LampLogin@39c0f4a]" name="Tear_Down" is-config="true" duration-ms="909" started-at="2021-04-21T11:45:04Z" finished-at="2021-04-21T11:45:05Z">
          <params>
            <param index="0">
              <value>
                <![CDATA[[TestResult name=GroupInformationPage1 status=SUCCESS method=LampLogin.GroupInformationPage1()[pri:5, instance:HFIC.Testcases.com.LampLogin@39c0f4a] output={null}]]]>
              </value>
            </param>
          </params>
          <reporter-output>
          </reporter-output>
        </test-method> <!-- Tear_Down -->
        <test-method status="PASS" signature="Group_Administration1()[pri:6, instance:HFIC.Testcases.com.LampLogin@39c0f4a]" name="Group_Administration1" duration-ms="1373" started-at="2021-04-21T11:45:05Z" finished-at="2021-04-21T11:45:06Z">
          <reporter-output>
          </reporter-output>
        </test-method> <!-- Group_Administration1 -->
        <test-method status="PASS" signature="Tear_Down(org.testng.ITestResult)[pri:0, instance:HFIC.Testcases.com.LampLogin@39c0f4a]" name="Tear_Down" is-config="true" duration-ms="284" started-at="2021-04-21T11:45:06Z" finished-at="2021-04-21T11:45:06Z">
          <params>
            <param index="0">
              <value>
                <![CDATA[[TestResult name=Group_Administration1 status=SUCCESS method=LampLogin.Group_Administration1()[pri:6, instance:HFIC.Testcases.com.LampLogin@39c0f4a] output={null}]]]>
              </value>
            </param>
          </params>
          <reporter-output>
          </reporter-output>
        </test-method> <!-- Tear_Down -->
        <test-method status="PASS" signature="COBRA_Coverage1()[pri:7, instance:HFIC.Testcases.com.LampLogin@39c0f4a]" name="COBRA_Coverage1" duration-ms="847" started-at="2021-04-21T11:45:06Z" finished-at="2021-04-21T11:45:07Z">
          <reporter-output>
          </reporter-output>
        </test-method> <!-- COBRA_Coverage1 -->
        <test-method status="PASS" signature="Tear_Down(org.testng.ITestResult)[pri:0, instance:HFIC.Testcases.com.LampLogin@39c0f4a]" name="Tear_Down" is-config="true" duration-ms="940" started-at="2021-04-21T11:45:07Z" finished-at="2021-04-21T11:45:08Z">
          <params>
            <param index="0">
              <value>
                <![CDATA[[TestResult name=COBRA_Coverage1 status=SUCCESS method=LampLogin.COBRA_Coverage1()[pri:7, instance:HFIC.Testcases.com.LampLogin@39c0f4a] output={null}]]]>
              </value>
            </param>
          </params>
          <reporter-output>
          </reporter-output>
        </test-method> <!-- Tear_Down -->
        <test-method status="PASS" signature="BrokerGeneral_AgentInformation1()[pri:8, instance:HFIC.Testcases.com.LampLogin@39c0f4a]" name="BrokerGeneral_AgentInformation1" duration-ms="827" started-at="2021-04-21T11:45:08Z" finished-at="2021-04-21T11:45:09Z">
          <reporter-output>
          </reporter-output>
        </test-method> <!-- BrokerGeneral_AgentInformation1 -->
        <test-method status="PASS" signature="Tear_Down(org.testng.ITestResult)[pri:0, instance:HFIC.Testcases.com.LampLogin@39c0f4a]" name="Tear_Down" is-config="true" duration-ms="1115" started-at="2021-04-21T11:45:09Z" finished-at="2021-04-21T11:45:10Z">
          <params>
            <param index="0">
              <value>
                <![CDATA[[TestResult name=BrokerGeneral_AgentInformation1 status=SUCCESS method=LampLogin.BrokerGeneral_AgentInformation1()[pri:8, instance:HFIC.Testcases.com.LampLogin@39c0f4a] output={null}]]]>
              </value>
            </param>
          </params>
          <reporter-output>
          </reporter-output>
        </test-method> <!-- Tear_Down -->
        <test-method status="PASS" signature="AddEmployee1()[pri:9, instance:HFIC.Testcases.com.LampLogin@39c0f4a]" name="AddEmployee1" duration-ms="23892" started-at="2021-04-21T11:45:10Z" finished-at="2021-04-21T11:45:34Z">
          <reporter-output>
          </reporter-output>
        </test-method> <!-- AddEmployee1 -->
        <test-method status="PASS" signature="Tear_Down(org.testng.ITestResult)[pri:0, instance:HFIC.Testcases.com.LampLogin@39c0f4a]" name="Tear_Down" is-config="true" duration-ms="291" started-at="2021-04-21T11:45:34Z" finished-at="2021-04-21T11:45:34Z">
          <params>
            <param index="0">
              <value>
                <![CDATA[[TestResult name=AddEmployee1 status=SUCCESS method=LampLogin.AddEmployee1()[pri:9, instance:HFIC.Testcases.com.LampLogin@39c0f4a] output={null}]]]>
              </value>
            </param>
          </params>
          <reporter-output>
          </reporter-output>
        </test-method> <!-- Tear_Down -->
        <test-method status="PASS" signature="Uploaddocument13()[pri:10, instance:HFIC.Testcases.com.LampLogin@39c0f4a]" name="Uploaddocument13" duration-ms="68151" started-at="2021-04-21T11:45:34Z" finished-at="2021-04-21T11:46:42Z">
          <reporter-output>
          </reporter-output>
        </test-method> <!-- Uploaddocument13 -->
        <test-method status="PASS" signature="Tear_Down(org.testng.ITestResult)[pri:0, instance:HFIC.Testcases.com.LampLogin@39c0f4a]" name="Tear_Down" is-config="true" duration-ms="339" started-at="2021-04-21T11:46:42Z" finished-at="2021-04-21T11:46:43Z">
          <params>
            <param index="0">
              <value>
                <![CDATA[[TestResult name=Uploaddocument13 status=SUCCESS method=LampLogin.Uploaddocument13()[pri:10, instance:HFIC.Testcases.com.LampLogin@39c0f4a] output={null}]]]>
              </value>
            </param>
          </params>
          <reporter-output>
          </reporter-output>
        </test-method> <!-- Tear_Down -->
        <test-method status="PASS" signature="ReviewApplication_Details()[pri:11, instance:HFIC.Testcases.com.LampLogin@39c0f4a]" name="ReviewApplication_Details" duration-ms="2170" started-at="2021-04-21T11:46:43Z" finished-at="2021-04-21T11:46:45Z">
          <reporter-output>
          </reporter-output>
        </test-method> <!-- ReviewApplication_Details -->
        <test-method status="PASS" signature="Tear_Down(org.testng.ITestResult)[pri:0, instance:HFIC.Testcases.com.LampLogin@39c0f4a]" name="Tear_Down" is-config="true" duration-ms="306" started-at="2021-04-21T11:46:45Z" finished-at="2021-04-21T11:46:45Z">
          <params>
            <param index="0">
              <value>
                <![CDATA[[TestResult name=ReviewApplication_Details status=SUCCESS method=LampLogin.ReviewApplication_Details()[pri:11, instance:HFIC.Testcases.com.LampLogin@39c0f4a] output={null}]]]>
              </value>
            </param>
          </params>
          <reporter-output>
          </reporter-output>
        </test-method> <!-- Tear_Down -->
        <test-method status="PASS" signature="Agreement1()[pri:12, instance:HFIC.Testcases.com.LampLogin@39c0f4a]" name="Agreement1" duration-ms="18693" started-at="2021-04-21T11:46:45Z" finished-at="2021-04-21T11:47:04Z">
          <reporter-output>
          </reporter-output>
        </test-method> <!-- Agreement1 -->
        <test-method status="PASS" signature="Tear_Down(org.testng.ITestResult)[pri:0, instance:HFIC.Testcases.com.LampLogin@39c0f4a]" name="Tear_Down" is-config="true" duration-ms="339" started-at="2021-04-21T11:47:04Z" finished-at="2021-04-21T11:47:04Z">
          <params>
            <param index="0">
              <value>
                <![CDATA[[TestResult name=Agreement1 status=SUCCESS method=LampLogin.Agreement1()[pri:12, instance:HFIC.Testcases.com.LampLogin@39c0f4a] output={null}]]]>
              </value>
            </param>
          </params>
          <reporter-output>
          </reporter-output>
        </test-method> <!-- Tear_Down -->
        <test-method status="PASS" signature="Application_Exit()[pri:0, instance:HFIC.Testcases.com.LampLogin@39c0f4a]" name="Application_Exit" is-config="true" duration-ms="3710" started-at="2021-04-21T11:47:04Z" finished-at="2021-04-21T11:47:08Z">
          <reporter-output>
          </reporter-output>
        </test-method> <!-- Application_Exit -->
      </class> <!-- HFIC.Testcases.com.LampLogin -->
    </test> <!-- Default test -->
  </suite> <!-- Default suite -->
</testng-results>
