<?xml version="1.0" encoding="UTF-8"?>
<testng-results skipped="0" failed="0" ignored="0" total="5" passed="5">
  <reporter-output>
    <line>
      <![CDATA[Project set up done]]>
    </line>
    <line>
      <![CDATA[Application up and running as expected]]>
    </line>
  </reporter-output>
  <suite name="Default suite" duration-ms="279316" started-at="2021-04-12T01:40:43Z" finished-at="2021-04-12T01:45:23Z">
    <groups>
    </groups>
    <test name="Default test" duration-ms="279316" started-at="2021-04-12T01:40:43Z" finished-at="2021-04-12T01:45:23Z">
      <class name="HFIC.Testcases.com.PEGA_Search">
        <test-method status="PASS" signature="Start_up()[pri:0, instance:HFIC.Testcases.com.PEGA_Search@e25b2fe]" name="Start_up" is-config="true" duration-ms="846" started-at="2021-04-12T01:40:43Z" finished-at="2021-04-12T01:40:43Z">
          <reporter-output>
            <line>
              <![CDATA[Project set up done]]>
            </line>
          </reporter-output>
        </test-method> <!-- Start_up -->
        <test-method status="PASS" signature="Application_Start()[pri:0, instance:HFIC.Testcases.com.PEGA_Search@e25b2fe]" name="Application_Start" is-config="true" duration-ms="7140" started-at="2021-04-12T01:40:43Z" finished-at="2021-04-12T01:40:51Z">
          <reporter-output>
            <line>
              <![CDATA[Application up and running as expected]]>
            </line>
          </reporter-output>
        </test-method> <!-- Application_Start -->
        <test-method status="PASS" signature="Application_Search()[pri:0, instance:HFIC.Testcases.com.PEGA_Search@e25b2fe]" name="Application_Search" duration-ms="152945" started-at="2021-04-12T01:40:51Z" finished-at="2021-04-12T01:43:23Z">
          <reporter-output>
          </reporter-output>
        </test-method> <!-- Application_Search -->
        <test-method status="PASS" signature="Tear_Down(org.testng.ITestResult)[pri:0, instance:HFIC.Testcases.com.PEGA_Search@e25b2fe]" name="Tear_Down" is-config="true" duration-ms="561" started-at="2021-04-12T01:43:23Z" finished-at="2021-04-12T01:43:24Z">
          <params>
            <param index="0">
              <value>
                <![CDATA[[TestResult name=Application_Search status=SUCCESS method=PEGA_Search.Application_Search()[pri:0, instance:HFIC.Testcases.com.PEGA_Search@e25b2fe] output={null}]]]>
              </value>
            </param>
          </params>
          <reporter-output>
          </reporter-output>
        </test-method> <!-- Tear_Down -->
        <test-method status="PASS" signature="Task_B_Search()[pri:0, instance:HFIC.Testcases.com.PEGA_Search@e25b2fe]" name="Task_B_Search" duration-ms="47578" started-at="2021-04-12T01:43:24Z" finished-at="2021-04-12T01:44:12Z">
          <reporter-output>
          </reporter-output>
        </test-method> <!-- Task_B_Search -->
        <test-method status="PASS" signature="Tear_Down(org.testng.ITestResult)[pri:0, instance:HFIC.Testcases.com.PEGA_Search@e25b2fe]" name="Tear_Down" is-config="true" duration-ms="301" started-at="2021-04-12T01:44:12Z" finished-at="2021-04-12T01:44:12Z">
          <params>
            <param index="0">
              <value>
                <![CDATA[[TestResult name=Task_B_Search status=SUCCESS method=PEGA_Search.Task_B_Search()[pri:0, instance:HFIC.Testcases.com.PEGA_Search@e25b2fe] output={null}]]]>
              </value>
            </param>
          </params>
          <reporter-output>
          </reporter-output>
        </test-method> <!-- Tear_Down -->
        <test-method status="PASS" signature="Task_G_Search()[pri:0, instance:HFIC.Testcases.com.PEGA_Search@e25b2fe]" name="Task_G_Search" duration-ms="18913" started-at="2021-04-12T01:44:12Z" finished-at="2021-04-12T01:44:31Z">
          <reporter-output>
          </reporter-output>
        </test-method> <!-- Task_G_Search -->
        <test-method status="PASS" signature="Tear_Down(org.testng.ITestResult)[pri:0, instance:HFIC.Testcases.com.PEGA_Search@e25b2fe]" name="Tear_Down" is-config="true" duration-ms="283" started-at="2021-04-12T01:44:31Z" finished-at="2021-04-12T01:44:31Z">
          <params>
            <param index="0">
              <value>
                <![CDATA[[TestResult name=Task_G_Search status=SUCCESS method=PEGA_Search.Task_G_Search()[pri:0, instance:HFIC.Testcases.com.PEGA_Search@e25b2fe] output={null}]]]>
              </value>
            </param>
          </params>
          <reporter-output>
          </reporter-output>
        </test-method> <!-- Tear_Down -->
        <test-method status="PASS" signature="Task_M_Search()[pri:0, instance:HFIC.Testcases.com.PEGA_Search@e25b2fe]" name="Task_M_Search" duration-ms="28826" started-at="2021-04-12T01:44:31Z" finished-at="2021-04-12T01:45:00Z">
          <reporter-output>
          </reporter-output>
        </test-method> <!-- Task_M_Search -->
        <test-method status="PASS" signature="Tear_Down(org.testng.ITestResult)[pri:0, instance:HFIC.Testcases.com.PEGA_Search@e25b2fe]" name="Tear_Down" is-config="true" duration-ms="293" started-at="2021-04-12T01:45:00Z" finished-at="2021-04-12T01:45:00Z">
          <params>
            <param index="0">
              <value>
                <![CDATA[[TestResult name=Task_M_Search status=SUCCESS method=PEGA_Search.Task_M_Search()[pri:0, instance:HFIC.Testcases.com.PEGA_Search@e25b2fe] output={null}]]]>
              </value>
            </param>
          </params>
          <reporter-output>
          </reporter-output>
        </test-method> <!-- Tear_Down -->
        <test-method status="PASS" signature="Task_Payment_Exception_Search()[pri:0, instance:HFIC.Testcases.com.PEGA_Search@e25b2fe]" name="Task_Payment_Exception_Search" duration-ms="21492" started-at="2021-04-12T01:45:00Z" finished-at="2021-04-12T01:45:22Z">
          <reporter-output>
          </reporter-output>
        </test-method> <!-- Task_Payment_Exception_Search -->
        <test-method status="PASS" signature="Tear_Down(org.testng.ITestResult)[pri:0, instance:HFIC.Testcases.com.PEGA_Search@e25b2fe]" name="Tear_Down" is-config="true" duration-ms="278" started-at="2021-04-12T01:45:22Z" finished-at="2021-04-12T01:45:22Z">
          <params>
            <param index="0">
              <value>
                <![CDATA[[TestResult name=Task_Payment_Exception_Search status=SUCCESS method=PEGA_Search.Task_Payment_Exception_Search()[pri:0, instance:HFIC.Testcases.com.PEGA_Search@e25b2fe] output={null}]]]>
              </value>
            </param>
          </params>
          <reporter-output>
          </reporter-output>
        </test-method> <!-- Tear_Down -->
        <test-method status="PASS" signature="Application_Exit()[pri:0, instance:HFIC.Testcases.com.PEGA_Search@e25b2fe]" name="Application_Exit" is-config="true" duration-ms="683" started-at="2021-04-12T01:45:22Z" finished-at="2021-04-12T01:45:23Z">
          <reporter-output>
          </reporter-output>
        </test-method> <!-- Application_Exit -->
      </class> <!-- HFIC.Testcases.com.PEGA_Search -->
    </test> <!-- Default test -->
  </suite> <!-- Default suite -->
</testng-results>
