<?xml version="1.0" encoding="UTF-8"?>
<testng-results skipped="0" failed="0" total="1" passed="1">
  <reporter-output>
    <line>
      <![CDATA[Project set up done]]>
    </line>
    <line>
      <![CDATA[Application up and running as expected]]>
    </line>
  </reporter-output>
  <suite name="Default suite" duration-ms="99833" started-at="2021-04-20T13:38:43Z" finished-at="2021-04-20T13:40:23Z">
    <groups>
    </groups>
    <test name="Default test" duration-ms="99833" started-at="2021-04-20T13:38:43Z" finished-at="2021-04-20T13:40:23Z">
      <class name="HFIC.Testcases.com.PEGA_Search">
        <test-method status="PASS" signature="Start_up()[pri:0, instance:HFIC.Testcases.com.PEGA_Search@7d9d1a19]" name="Start_up" is-config="true" duration-ms="2809" started-at="2021-04-20T09:38:41Z" finished-at="2021-04-20T09:38:43Z">
          <reporter-output>
            <line>
              <![CDATA[Project set up done]]>
            </line>
          </reporter-output>
        </test-method> <!-- Start_up -->
        <test-method status="PASS" signature="Application_Start()[pri:0, instance:HFIC.Testcases.com.PEGA_Search@7d9d1a19]" name="Application_Start" is-config="true" duration-ms="10502" started-at="2021-04-20T09:38:43Z" finished-at="2021-04-20T09:38:54Z">
          <reporter-output>
            <line>
              <![CDATA[Application up and running as expected]]>
            </line>
          </reporter-output>
        </test-method> <!-- Application_Start -->
        <test-method status="PASS" signature="Task_G_Search()[pri:6, instance:HFIC.Testcases.com.PEGA_Search@7d9d1a19]" name="Task_G_Search" duration-ms="84803" started-at="2021-04-20T09:38:54Z" finished-at="2021-04-20T09:40:19Z">
          <reporter-output>
          </reporter-output>
        </test-method> <!-- Task_G_Search -->
        <test-method status="PASS" signature="Tear_Down(org.testng.ITestResult)[pri:0, instance:HFIC.Testcases.com.PEGA_Search@7d9d1a19]" name="Tear_Down" is-config="true" duration-ms="882" started-at="2021-04-20T09:40:19Z" finished-at="2021-04-20T09:40:20Z">
          <params>
            <param index="0">
              <value>
                <![CDATA[[TestResult name=Task_G_Search status=SUCCESS method=PEGA_Search.Task_G_Search()[pri:6, instance:HFIC.Testcases.com.PEGA_Search@7d9d1a19] output={null}]]]>
              </value>
            </param>
          </params>
          <reporter-output>
          </reporter-output>
        </test-method> <!-- Tear_Down -->
        <test-method status="PASS" signature="Application_Exit()[pri:0, instance:HFIC.Testcases.com.PEGA_Search@7d9d1a19]" name="Application_Exit" is-config="true" duration-ms="3607" started-at="2021-04-20T09:40:20Z" finished-at="2021-04-20T09:40:23Z">
          <reporter-output>
          </reporter-output>
        </test-method> <!-- Application_Exit -->
      </class> <!-- HFIC.Testcases.com.PEGA_Search -->
    </test> <!-- Default test -->
  </suite> <!-- Default suite -->
</testng-results>
