<?xml version="1.0" encoding="UTF-8"?>
<testng-results skipped="0" failed="0" total="1" passed="1">
  <reporter-output>
    <line>
      <![CDATA[Project set up done]]>
    </line>
    <line>
      <![CDATA[Application up and running as expected]]>
    </line>
  </reporter-output>
  <suite name="Default suite" duration-ms="393116" started-at="2021-05-12T16:25:33Z" finished-at="2021-05-12T16:32:06Z">
    <groups>
    </groups>
    <test name="Default test" duration-ms="393116" started-at="2021-05-12T16:25:33Z" finished-at="2021-05-12T16:32:06Z">
      <class name="HFIC.Testcases.com.Enrollment_360_Search">
        <test-method status="PASS" signature="Start_up()[pri:0, instance:HFIC.Testcases.com.Enrollment_360_Search@2133c8f8]" name="Start_up" is-config="true" duration-ms="1769" started-at="2021-05-12T12:25:31Z" finished-at="2021-05-12T12:25:33Z">
          <reporter-output>
            <line>
              <![CDATA[Project set up done]]>
            </line>
          </reporter-output>
        </test-method> <!-- Start_up -->
        <test-method status="PASS" signature="Application_Start()[pri:0, instance:HFIC.Testcases.com.Enrollment_360_Search@2133c8f8]" name="Application_Start" is-config="true" duration-ms="14241" started-at="2021-05-12T12:25:33Z" finished-at="2021-05-12T12:25:47Z">
          <reporter-output>
            <line>
              <![CDATA[Application up and running as expected]]>
            </line>
          </reporter-output>
        </test-method> <!-- Application_Start -->
        <test-method status="PASS" signature="HFIC_Group_Number_Search()[pri:0, instance:HFIC.Testcases.com.Enrollment_360_Search@2133c8f8]" name="HFIC_Group_Number_Search" duration-ms="373006" started-at="2021-05-12T12:25:47Z" finished-at="2021-05-12T12:32:00Z">
          <reporter-output>
          </reporter-output>
        </test-method> <!-- HFIC_Group_Number_Search -->
        <test-method status="PASS" signature="Tear_Down(org.testng.ITestResult)[pri:0, instance:HFIC.Testcases.com.Enrollment_360_Search@2133c8f8]" name="Tear_Down" is-config="true" duration-ms="2798" started-at="2021-05-12T12:32:00Z" finished-at="2021-05-12T12:32:03Z">
          <params>
            <param index="0">
              <value>
                <![CDATA[[TestResult name=HFIC_Group_Number_Search status=SUCCESS method=Enrollment_360_Search.HFIC_Group_Number_Search()[pri:0, instance:HFIC.Testcases.com.Enrollment_360_Search@2133c8f8] output={null}]]]>
              </value>
            </param>
          </params>
          <reporter-output>
          </reporter-output>
        </test-method> <!-- Tear_Down -->
        <test-method status="PASS" signature="Application_Exit()[pri:0, instance:HFIC.Testcases.com.Enrollment_360_Search@2133c8f8]" name="Application_Exit" is-config="true" duration-ms="3054" started-at="2021-05-12T12:32:03Z" finished-at="2021-05-12T12:32:06Z">
          <reporter-output>
          </reporter-output>
        </test-method> <!-- Application_Exit -->
      </class> <!-- HFIC.Testcases.com.Enrollment_360_Search -->
    </test> <!-- Default test -->
  </suite> <!-- Default suite -->
</testng-results>
