<?xml version="1.0" encoding="UTF-8"?>
<testng-results skipped="0" failed="0" ignored="0" total="1" passed="1">
  <reporter-output>
  </reporter-output>
  <suite name="Default suite" duration-ms="329773" started-at="2021-04-05T17:18:38Z" finished-at="2021-04-05T17:24:08Z">
    <groups>
    </groups>
    <test name="Default test" duration-ms="329773" started-at="2021-04-05T17:18:38Z" finished-at="2021-04-05T17:24:08Z">
      <class name="HFIC.Testcases.com.CR_UploadeDocuments">
        <test-method status="PASS" signature="Start_up()[pri:0, instance:HFIC.Testcases.com.CR_UploadeDocuments@204f30ec]" name="Start_up" is-config="true" duration-ms="1180" started-at="2021-04-05T17:18:37Z" finished-at="2021-04-05T17:18:38Z">
          <reporter-output>
          </reporter-output>
        </test-method> <!-- Start_up -->
        <test-method status="PASS" signature="Application_Start()[pri:0, instance:HFIC.Testcases.com.CR_UploadeDocuments@204f30ec]" name="Application_Start" is-config="true" duration-ms="8583" started-at="2021-04-05T17:18:38Z" finished-at="2021-04-05T17:18:47Z">
          <reporter-output>
          </reporter-output>
        </test-method> <!-- Application_Start -->
        <test-method status="PASS" signature="CR_UploadeDocument()[pri:0, instance:HFIC.Testcases.com.CR_UploadeDocuments@204f30ec]" name="CR_UploadeDocument" duration-ms="320566" started-at="2021-04-05T17:18:47Z" finished-at="2021-04-05T17:24:07Z">
          <reporter-output>
          </reporter-output>
        </test-method> <!-- CR_UploadeDocument -->
        <test-method status="FAIL" signature="Tear_Down(org.testng.ITestResult)[pri:0, instance:HFIC.Testcases.com.CR_UploadeDocuments@204f30ec]" name="Tear_Down" is-config="true" duration-ms="599" started-at="2021-04-05T17:24:07Z" finished-at="2021-04-05T17:24:08Z">
          <params>
            <param index="0">
              <value>
                <![CDATA[[TestResult name=CR_UploadeDocument status=SUCCESS method=CR_UploadeDocuments.CR_UploadeDocument()[pri:0, instance:HFIC.Testcases.com.CR_UploadeDocuments@204f30ec] output={null}]]]>
              </value>
            </param>
          </params>
          <exception class="java.io.FileNotFoundException">
            <message>
              <![CDATA[C:\Users\smutchumilli\git\HFIC\HFICTestResults\04_05_2021_13_24_08.png (The system cannot find the path specified)]]>
            </message>
            <full-stacktrace>
              <![CDATA[java.io.FileNotFoundException: C:\Users\smutchumilli\git\HFIC\HFICTestResults\04_05_2021_13_24_08.png (The system cannot find the path specified)
at java.io.FileOutputStream.open0(Native Method)
at java.io.FileOutputStream.open(Unknown Source)
at java.io.FileOutputStream.<init>(Unknown Source)
at java.io.FileOutputStream.<init>(Unknown Source)
at org.openqa.selenium.io.FileHandler.copyFile(FileHandler.java:138)
at org.openqa.selenium.io.FileHandler.copy(FileHandler.java:117)
at Utilities.com.Helper.Get_Screenshot(Helper.java:20)
at HFIC.Pages.com.Baseclass.Tear_Down(Baseclass.java:52)
at sun.reflect.NativeMethodAccessorImpl.invoke0(Native Method)
at sun.reflect.NativeMethodAccessorImpl.invoke(Unknown Source)
at sun.reflect.DelegatingMethodAccessorImpl.invoke(Unknown Source)
at java.lang.reflect.Method.invoke(Unknown Source)
at org.testng.internal.MethodInvocationHelper.invokeMethod(MethodInvocationHelper.java:124)
at org.testng.internal.MethodInvocationHelper.invokeMethodConsideringTimeout(MethodInvocationHelper.java:59)
at org.testng.internal.Invoker.invokeConfigurationMethod(Invoker.java:458)
at org.testng.internal.Invoker.invokeConfigurations(Invoker.java:222)
at org.testng.internal.Invoker.invokeMethod(Invoker.java:646)
at org.testng.internal.Invoker.invokeTestMethod(Invoker.java:719)
at org.testng.internal.Invoker.invokeTestMethods(Invoker.java:989)
at org.testng.internal.TestMethodWorker.invokeTestMethods(TestMethodWorker.java:125)
at org.testng.internal.TestMethodWorker.run(TestMethodWorker.java:109)
at org.testng.TestRunner.privateRun(TestRunner.java:648)
at org.testng.TestRunner.run(TestRunner.java:505)
at org.testng.SuiteRunner.runTest(SuiteRunner.java:455)
at org.testng.SuiteRunner.runSequentially(SuiteRunner.java:450)
at org.testng.SuiteRunner.privateRun(SuiteRunner.java:415)
at org.testng.SuiteRunner.run(SuiteRunner.java:364)
at org.testng.SuiteRunnerWorker.runSuite(SuiteRunnerWorker.java:52)
at org.testng.SuiteRunnerWorker.run(SuiteRunnerWorker.java:84)
at org.testng.TestNG.runSuitesSequentially(TestNG.java:1208)
at org.testng.TestNG.runSuitesLocally(TestNG.java:1137)
at org.testng.TestNG.runSuites(TestNG.java:1049)
at org.testng.TestNG.run(TestNG.java:1017)
at org.testng.remote.AbstractRemoteTestNG.run(AbstractRemoteTestNG.java:114)
at org.testng.remote.RemoteTestNG.initAndRun(RemoteTestNG.java:251)
at org.testng.remote.RemoteTestNG.main(RemoteTestNG.java:77)
]]>
            </full-stacktrace>
          </exception> <!-- java.io.FileNotFoundException -->
          <reporter-output>
          </reporter-output>
        </test-method> <!-- Tear_Down -->
      </class> <!-- HFIC.Testcases.com.CR_UploadeDocuments -->
    </test> <!-- Default test -->
  </suite> <!-- Default suite -->
</testng-results>
