<?xml version="1.0" encoding="UTF-8"?>
<testng-results skipped="0" failed="3" ignored="0" total="7" passed="4">
  <reporter-output>
  </reporter-output>
  <suite name="Suite" duration-ms="489924" started-at="2021-04-04T15:01:22Z" finished-at="2021-04-04T15:09:32Z">
    <groups>
    </groups>
    <test name="Test" duration-ms="489924" started-at="2021-04-04T15:01:22Z" finished-at="2021-04-04T15:09:32Z">
      <class name="PEGA.Changerequest2">
        <test-method status="PASS" signature="uplod_Documents()[pri:0, instance:PEGA.Changerequest2@754ba872]" name="uplod_Documents" duration-ms="56119" started-at="2021-04-04T15:07:42Z" finished-at="2021-04-04T15:08:38Z">
          <reporter-output>
          </reporter-output>
        </test-method> <!-- uplod_Documents -->
      </class> <!-- PEGA.Changerequest2 -->
      <class name="PEGA.Changerequest3">
        <test-method status="FAIL" signature="uplod_Documents()[pri:0, instance:PEGA.Changerequest3@146ba0ac]" name="uplod_Documents" duration-ms="53420" started-at="2021-04-04T15:08:38Z" finished-at="2021-04-04T15:09:32Z">
          <exception class="org.openqa.selenium.ElementClickInterceptedException">
            <message>
              <![CDATA[element click intercepted: Element <button data-ctl="" data-click="[[&quot;setMobileTransition&quot;,[&quot;pega.mobile.transitions.NONE&quot;]],[&quot;setUserStart&quot;,[&quot;FINISHASSIGNMENT&quot;]],[&quot;doFormSubmit&quot;,[&quot;pyActivity=FinishAssignment&quot;,&quot;:this&quot;,&quot;&quot;,&quot;:event&quot;]]]" name="DocumentUploadUI_pyWorkPage_48" class="Cancel_Edit_Button pzhc pzbutton" type="button" title="" disabled="" tabindex="-1">...</button> is not clickable at point (696, 465). Other element would receive the click: <span data-template="">...</span>
  (Session info: chrome=89.0.4389.114)
Build info: version: '3.141.59', revision: 'e82be7d358', time: '2018-11-14T08:17:03'
System info: host: 'SVFL-XAADQAF-40', ip: '10.200.189.204', os.name: 'Windows Server 2016', os.arch: 'amd64', os.version: '10.0', java.version: '1.8.0_211'
Driver info: org.openqa.selenium.chrome.ChromeDriver
Capabilities {acceptInsecureCerts: false, browserName: chrome, browserVersion: 89.0.4389.114, chrome: {chromedriverVersion: 89.0.4389.23 (61b08ee2c5002..., userDataDir: C:\Users\SMUTCH~1\AppData\L...}, goog:chromeOptions: {debuggerAddress: localhost:52825}, javascriptEnabled: true, networkConnectionEnabled: false, pageLoadStrategy: normal, platform: WINDOWS, platformName: WINDOWS, proxy: Proxy(), setWindowRect: true, strictFileInteractability: false, timeouts: {implicit: 0, pageLoad: 300000, script: 30000}, unhandledPromptBehavior: dismiss and notify, webauthn:extension:largeBlob: true, webauthn:virtualAuthenticators: true}
Session ID: f5cdca097d1b7420b5ecb2d7fcef4574]]>
            </message>
            <full-stacktrace>
              <![CDATA[org.openqa.selenium.ElementClickInterceptedException: element click intercepted: Element <button data-ctl="" data-click="[[&quot;setMobileTransition&quot;,[&quot;pega.mobile.transitions.NONE&quot;]],[&quot;setUserStart&quot;,[&quot;FINISHASSIGNMENT&quot;]],[&quot;doFormSubmit&quot;,[&quot;pyActivity=FinishAssignment&quot;,&quot;:this&quot;,&quot;&quot;,&quot;:event&quot;]]]" name="DocumentUploadUI_pyWorkPage_48" class="Cancel_Edit_Button pzhc pzbutton" type="button" title="" disabled="" tabindex="-1">...</button> is not clickable at point (696, 465). Other element would receive the click: <span data-template="">...</span>
  (Session info: chrome=89.0.4389.114)
Build info: version: '3.141.59', revision: 'e82be7d358', time: '2018-11-14T08:17:03'
System info: host: 'SVFL-XAADQAF-40', ip: '10.200.189.204', os.name: 'Windows Server 2016', os.arch: 'amd64', os.version: '10.0', java.version: '1.8.0_211'
Driver info: org.openqa.selenium.chrome.ChromeDriver
Capabilities {acceptInsecureCerts: false, browserName: chrome, browserVersion: 89.0.4389.114, chrome: {chromedriverVersion: 89.0.4389.23 (61b08ee2c5002..., userDataDir: C:\Users\SMUTCH~1\AppData\L...}, goog:chromeOptions: {debuggerAddress: localhost:52825}, javascriptEnabled: true, networkConnectionEnabled: false, pageLoadStrategy: normal, platform: WINDOWS, platformName: WINDOWS, proxy: Proxy(), setWindowRect: true, strictFileInteractability: false, timeouts: {implicit: 0, pageLoad: 300000, script: 30000}, unhandledPromptBehavior: dismiss and notify, webauthn:extension:largeBlob: true, webauthn:virtualAuthenticators: true}
Session ID: f5cdca097d1b7420b5ecb2d7fcef4574
at sun.reflect.NativeConstructorAccessorImpl.newInstance0(Native Method)
at sun.reflect.NativeConstructorAccessorImpl.newInstance(Unknown Source)
at sun.reflect.DelegatingConstructorAccessorImpl.newInstance(Unknown Source)
at java.lang.reflect.Constructor.newInstance(Unknown Source)
at org.openqa.selenium.remote.http.W3CHttpResponseCodec.createException(W3CHttpResponseCodec.java:187)
at org.openqa.selenium.remote.http.W3CHttpResponseCodec.decode(W3CHttpResponseCodec.java:122)
at org.openqa.selenium.remote.http.W3CHttpResponseCodec.decode(W3CHttpResponseCodec.java:49)
at org.openqa.selenium.remote.HttpCommandExecutor.execute(HttpCommandExecutor.java:158)
at org.openqa.selenium.remote.service.DriverCommandExecutor.execute(DriverCommandExecutor.java:83)
at org.openqa.selenium.remote.RemoteWebDriver.execute(RemoteWebDriver.java:552)
at org.openqa.selenium.remote.RemoteWebElement.execute(RemoteWebElement.java:285)
at org.openqa.selenium.remote.RemoteWebElement.click(RemoteWebElement.java:84)
at PEGA.Changerequest3.uplod_Documents(Changerequest3.java:109)
at sun.reflect.NativeMethodAccessorImpl.invoke0(Native Method)
at sun.reflect.NativeMethodAccessorImpl.invoke(Unknown Source)
at sun.reflect.DelegatingMethodAccessorImpl.invoke(Unknown Source)
at java.lang.reflect.Method.invoke(Unknown Source)
at org.testng.internal.MethodInvocationHelper.invokeMethod(MethodInvocationHelper.java:124)
at org.testng.internal.Invoker.invokeMethod(Invoker.java:583)
at org.testng.internal.Invoker.invokeTestMethod(Invoker.java:719)
at org.testng.internal.Invoker.invokeTestMethods(Invoker.java:989)
at org.testng.internal.TestMethodWorker.invokeTestMethods(TestMethodWorker.java:125)
at org.testng.internal.TestMethodWorker.run(TestMethodWorker.java:109)
at org.testng.TestRunner.privateRun(TestRunner.java:648)
at org.testng.TestRunner.run(TestRunner.java:505)
at org.testng.SuiteRunner.runTest(SuiteRunner.java:455)
at org.testng.SuiteRunner.runSequentially(SuiteRunner.java:450)
at org.testng.SuiteRunner.privateRun(SuiteRunner.java:415)
at org.testng.SuiteRunner.run(SuiteRunner.java:364)
at org.testng.SuiteRunnerWorker.runSuite(SuiteRunnerWorker.java:52)
at org.testng.SuiteRunnerWorker.run(SuiteRunnerWorker.java:84)
at org.testng.TestNG.runSuitesSequentially(TestNG.java:1208)
at org.testng.TestNG.runSuitesLocally(TestNG.java:1137)
at org.testng.TestNG.runSuites(TestNG.java:1049)
at org.testng.TestNG.run(TestNG.java:1017)
at org.testng.remote.AbstractRemoteTestNG.run(AbstractRemoteTestNG.java:114)
at org.testng.remote.RemoteTestNG.initAndRun(RemoteTestNG.java:251)
at org.testng.remote.RemoteTestNG.main(RemoteTestNG.java:77)
]]>
            </full-stacktrace>
          </exception> <!-- org.openqa.selenium.ElementClickInterceptedException -->
          <reporter-output>
          </reporter-output>
        </test-method> <!-- uplod_Documents -->
      </class> <!-- PEGA.Changerequest3 -->
      <class name="PEGA.Changerequest6">
        <test-method status="PASS" signature="uplod_Documents()[pri:0, instance:PEGA.Changerequest6@4667ae56]" name="uplod_Documents" duration-ms="69463" started-at="2021-04-04T15:03:40Z" finished-at="2021-04-04T15:04:50Z">
          <reporter-output>
          </reporter-output>
        </test-method> <!-- uplod_Documents -->
      </class> <!-- PEGA.Changerequest6 -->
      <class name="PEGA.Changerequest7">
        <test-method status="FAIL" signature="uplod_Documents()[pri:0, instance:PEGA.Changerequest7@77cd7a0]" name="uplod_Documents" duration-ms="32580" started-at="2021-04-04T15:04:50Z" finished-at="2021-04-04T15:05:22Z">
          <exception class="java.lang.NullPointerException">
            <full-stacktrace>
              <![CDATA[java.lang.NullPointerException
at Utilities.com.TestDataProvider.getstringdata(TestDataProvider.java:25)
at PEGA.Changerequest7.uplod_Documents(Changerequest7.java:63)
at sun.reflect.NativeMethodAccessorImpl.invoke0(Native Method)
at sun.reflect.NativeMethodAccessorImpl.invoke(Unknown Source)
at sun.reflect.DelegatingMethodAccessorImpl.invoke(Unknown Source)
at java.lang.reflect.Method.invoke(Unknown Source)
at org.testng.internal.MethodInvocationHelper.invokeMethod(MethodInvocationHelper.java:124)
at org.testng.internal.Invoker.invokeMethod(Invoker.java:583)
at org.testng.internal.Invoker.invokeTestMethod(Invoker.java:719)
at org.testng.internal.Invoker.invokeTestMethods(Invoker.java:989)
at org.testng.internal.TestMethodWorker.invokeTestMethods(TestMethodWorker.java:125)
at org.testng.internal.TestMethodWorker.run(TestMethodWorker.java:109)
at org.testng.TestRunner.privateRun(TestRunner.java:648)
at org.testng.TestRunner.run(TestRunner.java:505)
at org.testng.SuiteRunner.runTest(SuiteRunner.java:455)
at org.testng.SuiteRunner.runSequentially(SuiteRunner.java:450)
at org.testng.SuiteRunner.privateRun(SuiteRunner.java:415)
at org.testng.SuiteRunner.run(SuiteRunner.java:364)
at org.testng.SuiteRunnerWorker.runSuite(SuiteRunnerWorker.java:52)
at org.testng.SuiteRunnerWorker.run(SuiteRunnerWorker.java:84)
at org.testng.TestNG.runSuitesSequentially(TestNG.java:1208)
at org.testng.TestNG.runSuitesLocally(TestNG.java:1137)
at org.testng.TestNG.runSuites(TestNG.java:1049)
at org.testng.TestNG.run(TestNG.java:1017)
at org.testng.remote.AbstractRemoteTestNG.run(AbstractRemoteTestNG.java:114)
at org.testng.remote.RemoteTestNG.initAndRun(RemoteTestNG.java:251)
at org.testng.remote.RemoteTestNG.main(RemoteTestNG.java:77)
]]>
            </full-stacktrace>
          </exception> <!-- java.lang.NullPointerException -->
          <reporter-output>
          </reporter-output>
        </test-method> <!-- uplod_Documents -->
      </class> <!-- PEGA.Changerequest7 -->
      <class name="PEGA.Changerequest4">
        <test-method status="PASS" signature="uplod_Documents()[pri:0, instance:PEGA.Changerequest4@204f30ec]" name="uplod_Documents" duration-ms="69914" started-at="2021-04-04T15:05:22Z" finished-at="2021-04-04T15:06:32Z">
          <reporter-output>
          </reporter-output>
        </test-method> <!-- uplod_Documents -->
      </class> <!-- PEGA.Changerequest4 -->
      <class name="PEGA.Changerequest">
        <test-method status="FAIL" signature="uplod_Documents()[pri:0, instance:PEGA.Changerequest@1a968a59]" name="uplod_Documents" duration-ms="135617" started-at="2021-04-04T15:01:25Z" finished-at="2021-04-04T15:03:40Z">
          <exception class="org.openqa.selenium.ElementClickInterceptedException">
            <message>
              <![CDATA[element click intercepted: Element <img data-template="" data-click="[[&quot;processAction&quot;, [&quot;HFICNotesDetails&quot;,&quot;true&quot;,&quot;:event&quot;,&quot;&quot;,&quot;Rule-HTML-Section&quot;,&quot;hfic_modal_modal&quot;,&quot;RejectReasonModalTemplate&quot;,&quot;%7B%22mobile%22%3A%7B%22reveal%22%3A%7B%22effect%22%3A%22anim-bottom%22%7D%2C%22isCustomDismiss%22%3A%22false%22%7D%7D&quot;,&quot;true&quot;,&quot;HF-Product-Enroll-Work-Maint-ChangeRequest&quot;,&quot;HF-Product-Enroll-Work-Maint-ChangeRequest&quot;,&quot;false&quot;,&quot;false&quot;,&quot;&quot;,&quot;&quot;]],[&quot;refresh&quot;, [&quot;otherSection&quot;,&quot;DocumentUploadUI&quot;, &quot;&quot;, &quot;=&quot;, &quot;&quot;, &quot;,&quot;,&quot;:event&quot;,&quot;&quot;,[&quot;pzuiactionzzz=CXt0cn17U1RBTkRBUkR9ZWVlYjI2NjEzZDc4MjFiNzRmOGJkYzdmNGFmY2ZkYTg2OTVmYzA4NTkzYjViYTE3NmVhODYwOGFmYmFhOTdlOGZmMjYzNzVkM2MwY2ExZTRmMTZlYTUyZWEzOWQzMDQ4NmI2NDJkODRlYTVlODZmMWNiOWM0NzViNmFjYjIxZTE%3D*&quot;,{},{}],&quot;pyWorkPage&quot;]]]" data-ctl="Icon" src="webwb/hficnotes_11608496393.png!!.png" name="HFICCaseHeader_pyWorkPage_16" tabindex="0" role="link"> is not clickable at point (1095, 142). Other element would receive the click: <div class="modal-align-cell hfic_modal_reject_reason_modal">...</div>
  (Session info: chrome=89.0.4389.114)
Build info: version: '3.141.59', revision: 'e82be7d358', time: '2018-11-14T08:17:03'
System info: host: 'SVFL-XAADQAF-40', ip: '10.200.189.204', os.name: 'Windows Server 2016', os.arch: 'amd64', os.version: '10.0', java.version: '1.8.0_211'
Driver info: org.openqa.selenium.chrome.ChromeDriver
Capabilities {acceptInsecureCerts: false, browserName: chrome, browserVersion: 89.0.4389.114, chrome: {chromedriverVersion: 89.0.4389.23 (61b08ee2c5002..., userDataDir: C:\Users\SMUTCH~1\AppData\L...}, goog:chromeOptions: {debuggerAddress: localhost:52468}, javascriptEnabled: true, networkConnectionEnabled: false, pageLoadStrategy: normal, platform: WINDOWS, platformName: WINDOWS, proxy: Proxy(), setWindowRect: true, strictFileInteractability: false, timeouts: {implicit: 0, pageLoad: 300000, script: 30000}, unhandledPromptBehavior: dismiss and notify, webauthn:extension:largeBlob: true, webauthn:virtualAuthenticators: true}
Session ID: fcdbdbba2f6037fc2d61ded8961f4000]]>
            </message>
            <full-stacktrace>
              <![CDATA[org.openqa.selenium.ElementClickInterceptedException: element click intercepted: Element <img data-template="" data-click="[[&quot;processAction&quot;, [&quot;HFICNotesDetails&quot;,&quot;true&quot;,&quot;:event&quot;,&quot;&quot;,&quot;Rule-HTML-Section&quot;,&quot;hfic_modal_modal&quot;,&quot;RejectReasonModalTemplate&quot;,&quot;%7B%22mobile%22%3A%7B%22reveal%22%3A%7B%22effect%22%3A%22anim-bottom%22%7D%2C%22isCustomDismiss%22%3A%22false%22%7D%7D&quot;,&quot;true&quot;,&quot;HF-Product-Enroll-Work-Maint-ChangeRequest&quot;,&quot;HF-Product-Enroll-Work-Maint-ChangeRequest&quot;,&quot;false&quot;,&quot;false&quot;,&quot;&quot;,&quot;&quot;]],[&quot;refresh&quot;, [&quot;otherSection&quot;,&quot;DocumentUploadUI&quot;, &quot;&quot;, &quot;=&quot;, &quot;&quot;, &quot;,&quot;,&quot;:event&quot;,&quot;&quot;,[&quot;pzuiactionzzz=CXt0cn17U1RBTkRBUkR9ZWVlYjI2NjEzZDc4MjFiNzRmOGJkYzdmNGFmY2ZkYTg2OTVmYzA4NTkzYjViYTE3NmVhODYwOGFmYmFhOTdlOGZmMjYzNzVkM2MwY2ExZTRmMTZlYTUyZWEzOWQzMDQ4NmI2NDJkODRlYTVlODZmMWNiOWM0NzViNmFjYjIxZTE%3D*&quot;,{},{}],&quot;pyWorkPage&quot;]]]" data-ctl="Icon" src="webwb/hficnotes_11608496393.png!!.png" name="HFICCaseHeader_pyWorkPage_16" tabindex="0" role="link"> is not clickable at point (1095, 142). Other element would receive the click: <div class="modal-align-cell hfic_modal_reject_reason_modal">...</div>
  (Session info: chrome=89.0.4389.114)
Build info: version: '3.141.59', revision: 'e82be7d358', time: '2018-11-14T08:17:03'
System info: host: 'SVFL-XAADQAF-40', ip: '10.200.189.204', os.name: 'Windows Server 2016', os.arch: 'amd64', os.version: '10.0', java.version: '1.8.0_211'
Driver info: org.openqa.selenium.chrome.ChromeDriver
Capabilities {acceptInsecureCerts: false, browserName: chrome, browserVersion: 89.0.4389.114, chrome: {chromedriverVersion: 89.0.4389.23 (61b08ee2c5002..., userDataDir: C:\Users\SMUTCH~1\AppData\L...}, goog:chromeOptions: {debuggerAddress: localhost:52468}, javascriptEnabled: true, networkConnectionEnabled: false, pageLoadStrategy: normal, platform: WINDOWS, platformName: WINDOWS, proxy: Proxy(), setWindowRect: true, strictFileInteractability: false, timeouts: {implicit: 0, pageLoad: 300000, script: 30000}, unhandledPromptBehavior: dismiss and notify, webauthn:extension:largeBlob: true, webauthn:virtualAuthenticators: true}
Session ID: fcdbdbba2f6037fc2d61ded8961f4000
at sun.reflect.NativeConstructorAccessorImpl.newInstance0(Native Method)
at sun.reflect.NativeConstructorAccessorImpl.newInstance(Unknown Source)
at sun.reflect.DelegatingConstructorAccessorImpl.newInstance(Unknown Source)
at java.lang.reflect.Constructor.newInstance(Unknown Source)
at org.openqa.selenium.remote.http.W3CHttpResponseCodec.createException(W3CHttpResponseCodec.java:187)
at org.openqa.selenium.remote.http.W3CHttpResponseCodec.decode(W3CHttpResponseCodec.java:122)
at org.openqa.selenium.remote.http.W3CHttpResponseCodec.decode(W3CHttpResponseCodec.java:49)
at org.openqa.selenium.remote.HttpCommandExecutor.execute(HttpCommandExecutor.java:158)
at org.openqa.selenium.remote.service.DriverCommandExecutor.execute(DriverCommandExecutor.java:83)
at org.openqa.selenium.remote.RemoteWebDriver.execute(RemoteWebDriver.java:552)
at org.openqa.selenium.remote.RemoteWebElement.execute(RemoteWebElement.java:285)
at org.openqa.selenium.remote.RemoteWebElement.click(RemoteWebElement.java:84)
at PEGA.Changerequest.uplod_Documents(Changerequest.java:91)
at sun.reflect.NativeMethodAccessorImpl.invoke0(Native Method)
at sun.reflect.NativeMethodAccessorImpl.invoke(Unknown Source)
at sun.reflect.DelegatingMethodAccessorImpl.invoke(Unknown Source)
at java.lang.reflect.Method.invoke(Unknown Source)
at org.testng.internal.MethodInvocationHelper.invokeMethod(MethodInvocationHelper.java:124)
at org.testng.internal.Invoker.invokeMethod(Invoker.java:583)
at org.testng.internal.Invoker.invokeTestMethod(Invoker.java:719)
at org.testng.internal.Invoker.invokeTestMethods(Invoker.java:989)
at org.testng.internal.TestMethodWorker.invokeTestMethods(TestMethodWorker.java:125)
at org.testng.internal.TestMethodWorker.run(TestMethodWorker.java:109)
at org.testng.TestRunner.privateRun(TestRunner.java:648)
at org.testng.TestRunner.run(TestRunner.java:505)
at org.testng.SuiteRunner.runTest(SuiteRunner.java:455)
at org.testng.SuiteRunner.runSequentially(SuiteRunner.java:450)
at org.testng.SuiteRunner.privateRun(SuiteRunner.java:415)
at org.testng.SuiteRunner.run(SuiteRunner.java:364)
at org.testng.SuiteRunnerWorker.runSuite(SuiteRunnerWorker.java:52)
at org.testng.SuiteRunnerWorker.run(SuiteRunnerWorker.java:84)
at org.testng.TestNG.runSuitesSequentially(TestNG.java:1208)
at org.testng.TestNG.runSuitesLocally(TestNG.java:1137)
at org.testng.TestNG.runSuites(TestNG.java:1049)
at org.testng.TestNG.run(TestNG.java:1017)
at org.testng.remote.AbstractRemoteTestNG.run(AbstractRemoteTestNG.java:114)
at org.testng.remote.RemoteTestNG.initAndRun(RemoteTestNG.java:251)
at org.testng.remote.RemoteTestNG.main(RemoteTestNG.java:77)
]]>
            </full-stacktrace>
          </exception> <!-- org.openqa.selenium.ElementClickInterceptedException -->
          <reporter-output>
          </reporter-output>
        </test-method> <!-- uplod_Documents -->
      </class> <!-- PEGA.Changerequest -->
      <class name="PEGA.Changerequest5">
        <test-method status="PASS" signature="uplod_Documents()[pri:0, instance:PEGA.Changerequest5@e25b2fe]" name="uplod_Documents" duration-ms="70020" started-at="2021-04-04T15:06:32Z" finished-at="2021-04-04T15:07:42Z">
          <reporter-output>
          </reporter-output>
        </test-method> <!-- uplod_Documents -->
      </class> <!-- PEGA.Changerequest5 -->
    </test> <!-- Test -->
  </suite> <!-- Suite -->
</testng-results>
