<?xml version="1.0" encoding="UTF-8"?>
<testng-results skipped="0" failed="0" total="3" passed="3">
  <reporter-output>
    <line>
      <![CDATA[Project set up done]]>
    </line>
    <line>
      <![CDATA[Application up and running as expected]]>
    </line>
  </reporter-output>
  <suite name="Default suite" duration-ms="351744" started-at="2021-04-22T21:35:03Z" finished-at="2021-04-22T21:40:54Z">
    <groups>
    </groups>
    <test name="Default test" duration-ms="351744" started-at="2021-04-22T21:35:03Z" finished-at="2021-04-22T21:40:54Z">
      <class name="HFIC.Testcases.com.LampLogin">
        <test-method status="PASS" signature="Start_up()[pri:0, instance:HFIC.Testcases.com.LampLogin@2133c8f8]" name="Start_up" is-config="true" duration-ms="1524" started-at="2021-04-22T17:35:01Z" finished-at="2021-04-22T17:35:03Z">
          <reporter-output>
            <line>
              <![CDATA[Project set up done]]>
            </line>
          </reporter-output>
        </test-method> <!-- Start_up -->
        <test-method status="PASS" signature="Application_Start()[pri:0, instance:HFIC.Testcases.com.LampLogin@2133c8f8]" name="Application_Start" is-config="true" duration-ms="5898" started-at="2021-04-22T17:35:03Z" finished-at="2021-04-22T17:35:09Z">
          <reporter-output>
            <line>
              <![CDATA[Application up and running as expected]]>
            </line>
          </reporter-output>
        </test-method> <!-- Application_Start -->
        <test-method status="PASS" signature="Lamp_SMG_Application_Submissionn()[pri:0, instance:HFIC.Testcases.com.LampLogin@2133c8f8]" name="Lamp_SMG_Application_Submissionn" duration-ms="114249" started-at="2021-04-22T17:35:09Z" finished-at="2021-04-22T17:37:03Z">
          <reporter-output>
          </reporter-output>
        </test-method> <!-- Lamp_SMG_Application_Submissionn -->
        <test-method status="PASS" signature="Tear_Down(org.testng.ITestResult)[pri:0, instance:HFIC.Testcases.com.LampLogin@2133c8f8]" name="Tear_Down" is-config="true" duration-ms="748" started-at="2021-04-22T17:37:03Z" finished-at="2021-04-22T17:37:04Z">
          <params>
            <param index="0">
              <value>
                <![CDATA[[TestResult name=Lamp_SMG_Application_Submissionn status=SUCCESS method=LampLogin.Lamp_SMG_Application_Submissionn()[pri:0, instance:HFIC.Testcases.com.LampLogin@2133c8f8] output={null}]]]>
              </value>
            </param>
          </params>
          <reporter-output>
          </reporter-output>
        </test-method> <!-- Tear_Down -->
        <test-method status="PASS" signature="Lamp_SMG_Application_Submissionn()[pri:0, instance:HFIC.Testcases.com.LampLogin@2133c8f8]" name="Lamp_SMG_Application_Submissionn" duration-ms="112428" started-at="2021-04-22T17:37:04Z" finished-at="2021-04-22T17:38:56Z">
          <reporter-output>
          </reporter-output>
        </test-method> <!-- Lamp_SMG_Application_Submissionn -->
        <test-method status="PASS" signature="Tear_Down(org.testng.ITestResult)[pri:0, instance:HFIC.Testcases.com.LampLogin@2133c8f8]" name="Tear_Down" is-config="true" duration-ms="333" started-at="2021-04-22T17:38:56Z" finished-at="2021-04-22T17:38:56Z">
          <params>
            <param index="0">
              <value>
                <![CDATA[[TestResult name=Lamp_SMG_Application_Submissionn status=SUCCESS method=LampLogin.Lamp_SMG_Application_Submissionn()[pri:0, instance:HFIC.Testcases.com.LampLogin@2133c8f8] output={null}]]]>
              </value>
            </param>
          </params>
          <reporter-output>
          </reporter-output>
        </test-method> <!-- Tear_Down -->
        <test-method status="PASS" signature="Lamp_SMG_Application_Submissionn()[pri:0, instance:HFIC.Testcases.com.LampLogin@2133c8f8]" name="Lamp_SMG_Application_Submissionn" duration-ms="115211" started-at="2021-04-22T17:38:56Z" finished-at="2021-04-22T17:40:52Z">
          <reporter-output>
          </reporter-output>
        </test-method> <!-- Lamp_SMG_Application_Submissionn -->
        <test-method status="PASS" signature="Tear_Down(org.testng.ITestResult)[pri:0, instance:HFIC.Testcases.com.LampLogin@2133c8f8]" name="Tear_Down" is-config="true" duration-ms="324" started-at="2021-04-22T17:40:52Z" finished-at="2021-04-22T17:40:52Z">
          <params>
            <param index="0">
              <value>
                <![CDATA[[TestResult name=Lamp_SMG_Application_Submissionn status=SUCCESS method=LampLogin.Lamp_SMG_Application_Submissionn()[pri:0, instance:HFIC.Testcases.com.LampLogin@2133c8f8] output={null}]]]>
              </value>
            </param>
          </params>
          <reporter-output>
          </reporter-output>
        </test-method> <!-- Tear_Down -->
        <test-method status="PASS" signature="Application_Exit()[pri:0, instance:HFIC.Testcases.com.LampLogin@2133c8f8]" name="Application_Exit" is-config="true" duration-ms="2537" started-at="2021-04-22T17:40:52Z" finished-at="2021-04-22T17:40:54Z">
          <reporter-output>
          </reporter-output>
        </test-method> <!-- Application_Exit -->
      </class> <!-- HFIC.Testcases.com.LampLogin -->
    </test> <!-- Default test -->
  </suite> <!-- Default suite -->
</testng-results>
