<?xml version="1.0" encoding="UTF-8"?>
<testng-results skipped="0" failed="0" ignored="0" total="4" passed="4">
  <reporter-output>
    <line>
      <![CDATA[Project set up done]]>
    </line>
    <line>
      <![CDATA[Application up and running as expected]]>
    </line>
  </reporter-output>
  <suite name="Default suite" duration-ms="199380" started-at="2021-04-09T00:16:01Z" finished-at="2021-04-09T00:19:20Z">
    <groups>
    </groups>
    <test name="Default test" duration-ms="199380" started-at="2021-04-09T00:16:01Z" finished-at="2021-04-09T00:19:20Z">
      <class name="HFIC.Testcases.com.Enrollment_360_new">
        <test-method status="PASS" signature="Start_up()[pri:0, instance:HFIC.Testcases.com.Enrollment_360_new@e25b2fe]" name="Start_up" is-config="true" duration-ms="1220" started-at="2021-04-09T00:16:00Z" finished-at="2021-04-09T00:16:01Z">
          <reporter-output>
            <line>
              <![CDATA[Project set up done]]>
            </line>
          </reporter-output>
        </test-method> <!-- Start_up -->
        <test-method status="PASS" signature="Application_Start()[pri:0, instance:HFIC.Testcases.com.Enrollment_360_new@e25b2fe]" name="Application_Start" is-config="true" duration-ms="7962" started-at="2021-04-09T00:16:01Z" finished-at="2021-04-09T00:16:09Z">
          <reporter-output>
            <line>
              <![CDATA[Application up and running as expected]]>
            </line>
          </reporter-output>
        </test-method> <!-- Application_Start -->
        <test-method status="PASS" signature="HFIC_Group_Number_Search()[pri:1, instance:HFIC.Testcases.com.Enrollment_360_new@e25b2fe]" name="HFIC_Group_Number_Search" duration-ms="31221" started-at="2021-04-09T00:16:09Z" finished-at="2021-04-09T00:16:40Z">
          <reporter-output>
          </reporter-output>
        </test-method> <!-- HFIC_Group_Number_Search -->
        <test-method status="PASS" signature="Tear_Down(org.testng.ITestResult)[pri:0, instance:HFIC.Testcases.com.Enrollment_360_new@e25b2fe]" name="Tear_Down" is-config="true" duration-ms="321" started-at="2021-04-09T00:16:40Z" finished-at="2021-04-09T00:16:41Z">
          <params>
            <param index="0">
              <value>
                <![CDATA[[TestResult name=HFIC_Group_Number_Search status=SUCCESS method=Enrollment_360_new.HFIC_Group_Number_Search()[pri:1, instance:HFIC.Testcases.com.Enrollment_360_new@e25b2fe] output={null}]]]>
              </value>
            </param>
          </params>
          <reporter-output>
          </reporter-output>
        </test-method> <!-- Tear_Down -->
        <test-method status="PASS" signature="HP_Group_Search()[pri:2, instance:HFIC.Testcases.com.Enrollment_360_new@e25b2fe]" name="HP_Group_Search" duration-ms="32596" started-at="2021-04-09T00:16:41Z" finished-at="2021-04-09T00:17:13Z">
          <reporter-output>
          </reporter-output>
        </test-method> <!-- HP_Group_Search -->
        <test-method status="PASS" signature="Tear_Down(org.testng.ITestResult)[pri:0, instance:HFIC.Testcases.com.Enrollment_360_new@e25b2fe]" name="Tear_Down" is-config="true" duration-ms="313" started-at="2021-04-09T00:17:13Z" finished-at="2021-04-09T00:17:13Z">
          <params>
            <param index="0">
              <value>
                <![CDATA[[TestResult name=HP_Group_Search status=SUCCESS method=Enrollment_360_new.HP_Group_Search()[pri:2, instance:HFIC.Testcases.com.Enrollment_360_new@e25b2fe] output={null}]]]>
              </value>
            </param>
          </params>
          <reporter-output>
          </reporter-output>
        </test-method> <!-- Tear_Down -->
        <test-method status="PASS" signature="MemberSearch()[pri:3, instance:HFIC.Testcases.com.Enrollment_360_new@e25b2fe]" name="MemberSearch" duration-ms="45704" started-at="2021-04-09T00:17:13Z" finished-at="2021-04-09T00:17:59Z">
          <reporter-output>
          </reporter-output>
        </test-method> <!-- MemberSearch -->
        <test-method status="PASS" signature="Tear_Down(org.testng.ITestResult)[pri:0, instance:HFIC.Testcases.com.Enrollment_360_new@e25b2fe]" name="Tear_Down" is-config="true" duration-ms="283" started-at="2021-04-09T00:17:59Z" finished-at="2021-04-09T00:17:59Z">
          <params>
            <param index="0">
              <value>
                <![CDATA[[TestResult name=MemberSearch status=SUCCESS method=Enrollment_360_new.MemberSearch()[pri:3, instance:HFIC.Testcases.com.Enrollment_360_new@e25b2fe] output={null}]]]>
              </value>
            </param>
          </params>
          <reporter-output>
          </reporter-output>
        </test-method> <!-- Tear_Down -->
        <test-method status="PASS" signature="Member_Search_Otherinfo()[pri:4, instance:HFIC.Testcases.com.Enrollment_360_new@e25b2fe]" name="Member_Search_Otherinfo" duration-ms="79563" started-at="2021-04-09T00:17:59Z" finished-at="2021-04-09T00:19:19Z">
          <reporter-output>
          </reporter-output>
        </test-method> <!-- Member_Search_Otherinfo -->
        <test-method status="PASS" signature="Tear_Down(org.testng.ITestResult)[pri:0, instance:HFIC.Testcases.com.Enrollment_360_new@e25b2fe]" name="Tear_Down" is-config="true" duration-ms="288" started-at="2021-04-09T00:19:19Z" finished-at="2021-04-09T00:19:19Z">
          <params>
            <param index="0">
              <value>
                <![CDATA[[TestResult name=Member_Search_Otherinfo status=SUCCESS method=Enrollment_360_new.Member_Search_Otherinfo()[pri:4, instance:HFIC.Testcases.com.Enrollment_360_new@e25b2fe] output={null}]]]>
              </value>
            </param>
          </params>
          <reporter-output>
          </reporter-output>
        </test-method> <!-- Tear_Down -->
        <test-method status="PASS" signature="Application_Exit()[pri:0, instance:HFIC.Testcases.com.Enrollment_360_new@e25b2fe]" name="Application_Exit" is-config="true" duration-ms="1097" started-at="2021-04-09T00:19:19Z" finished-at="2021-04-09T00:19:20Z">
          <reporter-output>
          </reporter-output>
        </test-method> <!-- Application_Exit -->
      </class> <!-- HFIC.Testcases.com.Enrollment_360_new -->
    </test> <!-- Default test -->
  </suite> <!-- Default suite -->
</testng-results>
