<?xml version="1.0" encoding="UTF-8"?>
<testng-results skipped="0" failed="0" total="1" passed="1">
  <reporter-output>
    <line>
      <![CDATA[Project set up done]]>
    </line>
    <line>
      <![CDATA[Application up and running as expected]]>
    </line>
  </reporter-output>
  <suite name="Default suite" duration-ms="237107" started-at="2021-05-10T22:01:17Z" finished-at="2021-05-10T22:05:14Z">
    <groups>
    </groups>
    <test name="Default test" duration-ms="237107" started-at="2021-05-10T22:01:17Z" finished-at="2021-05-10T22:05:14Z">
      <class name="HFIC.Testcases.com.CR_UploadeDocuments">
        <test-method status="PASS" signature="Start_up()[pri:0, instance:HFIC.Testcases.com.CR_UploadeDocuments@2133c8f8]" name="Start_up" is-config="true" duration-ms="1599" started-at="2021-05-10T18:01:16Z" finished-at="2021-05-10T18:01:17Z">
          <reporter-output>
            <line>
              <![CDATA[Project set up done]]>
            </line>
          </reporter-output>
        </test-method> <!-- Start_up -->
        <test-method status="PASS" signature="Application_Start()[pri:0, instance:HFIC.Testcases.com.CR_UploadeDocuments@2133c8f8]" name="Application_Start" is-config="true" duration-ms="11432" started-at="2021-05-10T18:01:17Z" finished-at="2021-05-10T18:01:29Z">
          <reporter-output>
            <line>
              <![CDATA[Application up and running as expected]]>
            </line>
          </reporter-output>
        </test-method> <!-- Application_Start -->
        <test-method status="PASS" signature="CR_Audit_UploadeDocument()[pri:0, instance:HFIC.Testcases.com.CR_UploadeDocuments@2133c8f8]" name="CR_Audit_UploadeDocument" duration-ms="221925" started-at="2021-05-10T18:01:29Z" finished-at="2021-05-10T18:05:11Z">
          <reporter-output>
          </reporter-output>
        </test-method> <!-- CR_Audit_UploadeDocument -->
        <test-method status="PASS" signature="Tear_Down(org.testng.ITestResult)[pri:0, instance:HFIC.Testcases.com.CR_UploadeDocuments@2133c8f8]" name="Tear_Down" is-config="true" duration-ms="1242" started-at="2021-05-10T18:05:11Z" finished-at="2021-05-10T18:05:12Z">
          <params>
            <param index="0">
              <value>
                <![CDATA[[TestResult name=CR_Audit_UploadeDocument status=SUCCESS method=CR_UploadeDocuments.CR_Audit_UploadeDocument()[pri:0, instance:HFIC.Testcases.com.CR_UploadeDocuments@2133c8f8] output={null}]]]>
              </value>
            </param>
          </params>
          <reporter-output>
          </reporter-output>
        </test-method> <!-- Tear_Down -->
        <test-method status="PASS" signature="Application_Exit()[pri:0, instance:HFIC.Testcases.com.CR_UploadeDocuments@2133c8f8]" name="Application_Exit" is-config="true" duration-ms="2493" started-at="2021-05-10T18:05:12Z" finished-at="2021-05-10T18:05:14Z">
          <reporter-output>
          </reporter-output>
        </test-method> <!-- Application_Exit -->
      </class> <!-- HFIC.Testcases.com.CR_UploadeDocuments -->
    </test> <!-- Default test -->
  </suite> <!-- Default suite -->
</testng-results>
