<?xml version="1.0" encoding="UTF-8"?>
<testng-results skipped="0" failed="0" total="1" passed="1">
  <reporter-output>
    <line>
      <![CDATA[Project set up done]]>
    </line>
    <line>
      <![CDATA[Application up and running as expected]]>
    </line>
  </reporter-output>
  <suite name="Default suite" duration-ms="45945" started-at="2021-04-20T16:48:20Z" finished-at="2021-04-20T16:49:06Z">
    <groups>
    </groups>
    <test name="Default test" duration-ms="45945" started-at="2021-04-20T16:48:20Z" finished-at="2021-04-20T16:49:06Z">
      <class name="HFIC.Testcases.com.PEGA_Application_process">
        <test-method status="PASS" signature="Start_up()[pri:0, instance:HFIC.Testcases.com.PEGA_Application_process@7d9d1a19]" name="Start_up" is-config="true" duration-ms="1859" started-at="2021-04-20T12:48:18Z" finished-at="2021-04-20T12:48:20Z">
          <reporter-output>
            <line>
              <![CDATA[Project set up done]]>
            </line>
          </reporter-output>
        </test-method> <!-- Start_up -->
        <test-method status="PASS" signature="Application_Start()[pri:0, instance:HFIC.Testcases.com.PEGA_Application_process@7d9d1a19]" name="Application_Start" is-config="true" duration-ms="5504" started-at="2021-04-20T12:48:20Z" finished-at="2021-04-20T12:48:25Z">
          <reporter-output>
            <line>
              <![CDATA[Application up and running as expected]]>
            </line>
          </reporter-output>
        </test-method> <!-- Application_Start -->
        <test-method status="PASS" signature="PEGA_App_process()[pri:0, instance:HFIC.Testcases.com.PEGA_Application_process@7d9d1a19]" name="PEGA_App_process" duration-ms="39103" started-at="2021-04-20T12:48:25Z" finished-at="2021-04-20T12:49:04Z">
          <reporter-output>
          </reporter-output>
        </test-method> <!-- PEGA_App_process -->
        <test-method status="FAIL" signature="Tear_Down(org.testng.ITestResult)[pri:0, instance:HFIC.Testcases.com.PEGA_Application_process@7d9d1a19]" name="Tear_Down" is-config="true" duration-ms="0" started-at="2021-04-20T12:49:04Z" finished-at="2021-04-20T12:49:04Z">
          <params>
            <param index="0">
              <value>
                <![CDATA[[TestResult name=PEGA_App_process status=SUCCESS method=PEGA_Application_process.PEGA_App_process()[pri:0, instance:HFIC.Testcases.com.PEGA_Application_process@7d9d1a19] output={null}]]]>
              </value>
            </param>
          </params>
          <exception class="java.lang.NullPointerException">
            <full-stacktrace>
              <![CDATA[java.lang.NullPointerException
	at HFIC.Pages.com.Baseclass.Tear_Down(Baseclass.java:63)
	at sun.reflect.NativeMethodAccessorImpl.invoke0(Native Method)
	at sun.reflect.NativeMethodAccessorImpl.invoke(Unknown Source)
	at sun.reflect.DelegatingMethodAccessorImpl.invoke(Unknown Source)
	at java.lang.reflect.Method.invoke(Unknown Source)
	at org.testng.internal.MethodInvocationHelper.invokeMethod(MethodInvocationHelper.java:100)
	at org.testng.internal.Invoker.invokeConfigurationMethod(Invoker.java:515)
	at org.testng.internal.Invoker.invokeConfigurations(Invoker.java:216)
	at org.testng.internal.Invoker.invokeMethod(Invoker.java:712)
	at org.testng.internal.Invoker.invokeTestMethod(Invoker.java:811)
	at org.testng.internal.Invoker.invokeTestMethods(Invoker.java:1129)
	at org.testng.internal.TestMethodWorker.invokeTestMethods(TestMethodWorker.java:129)
	at org.testng.internal.TestMethodWorker.run(TestMethodWorker.java:112)
	at org.testng.TestRunner.privateRun(TestRunner.java:746)
	at org.testng.TestRunner.run(TestRunner.java:600)
	at org.testng.SuiteRunner.runTest(SuiteRunner.java:366)
	at org.testng.SuiteRunner.runSequentially(SuiteRunner.java:361)
	at org.testng.SuiteRunner.privateRun(SuiteRunner.java:319)
	at org.testng.SuiteRunner.run(SuiteRunner.java:268)
	at org.testng.SuiteRunnerWorker.runSuite(SuiteRunnerWorker.java:52)
	at org.testng.SuiteRunnerWorker.run(SuiteRunnerWorker.java:86)
	at org.testng.TestNG.runSuitesSequentially(TestNG.java:1264)
	at org.testng.TestNG.runSuitesLocally(TestNG.java:1189)
	at org.testng.TestNG.runSuites(TestNG.java:1104)
	at org.testng.TestNG.run(TestNG.java:1076)
	at org.testng.remote.AbstractRemoteTestNG.run(AbstractRemoteTestNG.java:126)
	at org.testng.remote.RemoteTestNG.initAndRun(RemoteTestNG.java:152)
	at org.testng.remote.RemoteTestNG.main(RemoteTestNG.java:57)
]]>
            </full-stacktrace>
          </exception> <!-- java.lang.NullPointerException -->
          <reporter-output>
          </reporter-output>
        </test-method> <!-- Tear_Down -->
        <test-method status="SKIP" signature="Application_Exit()[pri:0, instance:HFIC.Testcases.com.PEGA_Application_process@7d9d1a19]" name="Application_Exit" is-config="true" duration-ms="0" started-at="2021-04-20T12:49:06Z" finished-at="2021-04-20T12:49:06Z">
          <reporter-output>
          </reporter-output>
        </test-method> <!-- Application_Exit -->
      </class> <!-- HFIC.Testcases.com.PEGA_Application_process -->
    </test> <!-- Default test -->
  </suite> <!-- Default suite -->
</testng-results>
