<?xml version="1.0" encoding="UTF-8"?>
<testng-results skipped="0" failed="0" ignored="0" total="1" passed="1">
  <reporter-output>
  </reporter-output>
  <suite name="Default suite" duration-ms="46743" started-at="2021-04-05T22:00:22Z" finished-at="2021-04-05T22:01:09Z">
    <groups>
    </groups>
    <test name="Default test" duration-ms="46743" started-at="2021-04-05T22:00:22Z" finished-at="2021-04-05T22:01:09Z">
      <class name="HFIC.Testcases.com.CR_UploadeDocuments">
        <test-method status="PASS" signature="Start_up()[pri:0, instance:HFIC.Testcases.com.CR_UploadeDocuments@e25b2fe]" name="Start_up" is-config="true" duration-ms="934" started-at="2021-04-05T22:00:21Z" finished-at="2021-04-05T22:00:22Z">
          <reporter-output>
          </reporter-output>
        </test-method> <!-- Start_up -->
        <test-method status="PASS" signature="Application_Start()[pri:0, instance:HFIC.Testcases.com.CR_UploadeDocuments@e25b2fe]" name="Application_Start" is-config="true" duration-ms="8118" started-at="2021-04-05T22:00:22Z" finished-at="2021-04-05T22:00:30Z">
          <reporter-output>
          </reporter-output>
        </test-method> <!-- Application_Start -->
        <test-method status="PASS" signature="CR_UploadeDocument()[pri:0, instance:HFIC.Testcases.com.CR_UploadeDocuments@e25b2fe]" name="CR_UploadeDocument" duration-ms="37195" started-at="2021-04-05T22:00:30Z" finished-at="2021-04-05T22:01:07Z">
          <reporter-output>
          </reporter-output>
        </test-method> <!-- CR_UploadeDocument -->
        <test-method status="PASS" signature="Tear_Down(org.testng.ITestResult)[pri:0, instance:HFIC.Testcases.com.CR_UploadeDocuments@e25b2fe]" name="Tear_Down" is-config="true" duration-ms="720" started-at="2021-04-05T22:01:07Z" finished-at="2021-04-05T22:01:08Z">
          <params>
            <param index="0">
              <value>
                <![CDATA[[TestResult name=CR_UploadeDocument status=SUCCESS method=CR_UploadeDocuments.CR_UploadeDocument()[pri:0, instance:HFIC.Testcases.com.CR_UploadeDocuments@e25b2fe] output={null}]]]>
              </value>
            </param>
          </params>
          <reporter-output>
          </reporter-output>
        </test-method> <!-- Tear_Down -->
        <test-method status="PASS" signature="Application_Exit()[pri:0, instance:HFIC.Testcases.com.CR_UploadeDocuments@e25b2fe]" name="Application_Exit" is-config="true" duration-ms="675" started-at="2021-04-05T22:01:08Z" finished-at="2021-04-05T22:01:09Z">
          <reporter-output>
          </reporter-output>
        </test-method> <!-- Application_Exit -->
      </class> <!-- HFIC.Testcases.com.CR_UploadeDocuments -->
    </test> <!-- Default test -->
  </suite> <!-- Default suite -->
</testng-results>
