<?xml version="1.0" encoding="UTF-8"?>
<testng-results skipped="0" failed="0" ignored="0" total="12" passed="12">
  <reporter-output>
    <line>
      <![CDATA[Project set up done]]>
    </line>
    <line>
      <![CDATA[Application up and running as expected]]>
    </line>
  </reporter-output>
  <suite name="Default suite" duration-ms="155116" started-at="2021-04-15T22:40:50Z" finished-at="2021-04-15T22:43:25Z">
    <groups>
    </groups>
    <test name="Default test" duration-ms="155116" started-at="2021-04-15T22:40:50Z" finished-at="2021-04-15T22:43:25Z">
      <class name="HFIC.Testcases.com.LampLogin">
        <test-method status="PASS" signature="Start_up()[pri:0, instance:HFIC.Testcases.com.LampLogin@754ba872]" name="Start_up" is-config="true" duration-ms="1175" started-at="2021-04-15T22:40:49Z" finished-at="2021-04-15T22:40:50Z">
          <reporter-output>
            <line>
              <![CDATA[Project set up done]]>
            </line>
          </reporter-output>
        </test-method> <!-- Start_up -->
        <test-method status="PASS" signature="Application_Start()[pri:0, instance:HFIC.Testcases.com.LampLogin@754ba872]" name="Application_Start" is-config="true" duration-ms="5799" started-at="2021-04-15T22:40:50Z" finished-at="2021-04-15T22:40:56Z">
          <reporter-output>
            <line>
              <![CDATA[Application up and running as expected]]>
            </line>
          </reporter-output>
        </test-method> <!-- Application_Start -->
        <test-method status="PASS" signature="Lamp_Login()[pri:1, instance:HFIC.Testcases.com.LampLogin@754ba872]" name="Lamp_Login" duration-ms="5475" started-at="2021-04-15T22:40:56Z" finished-at="2021-04-15T22:41:01Z">
          <reporter-output>
          </reporter-output>
        </test-method> <!-- Lamp_Login -->
        <test-method status="PASS" signature="Tear_Down(org.testng.ITestResult)[pri:0, instance:HFIC.Testcases.com.LampLogin@754ba872]" name="Tear_Down" is-config="true" duration-ms="799" started-at="2021-04-15T22:41:01Z" finished-at="2021-04-15T22:41:02Z">
          <params>
            <param index="0">
              <value>
                <![CDATA[[TestResult name=Lamp_Login status=SUCCESS method=LampLogin.Lamp_Login()[pri:1, instance:HFIC.Testcases.com.LampLogin@754ba872] output={null}]]]>
              </value>
            </param>
          </params>
          <reporter-output>
          </reporter-output>
        </test-method> <!-- Tear_Down -->
        <test-method status="PASS" signature="Lamp_Homepage1()[pri:2, instance:HFIC.Testcases.com.LampLogin@754ba872]" name="Lamp_Homepage1" duration-ms="5215" started-at="2021-04-15T22:41:02Z" finished-at="2021-04-15T22:41:07Z">
          <reporter-output>
          </reporter-output>
        </test-method> <!-- Lamp_Homepage1 -->
        <test-method status="PASS" signature="Tear_Down(org.testng.ITestResult)[pri:0, instance:HFIC.Testcases.com.LampLogin@754ba872]" name="Tear_Down" is-config="true" duration-ms="315" started-at="2021-04-15T22:41:07Z" finished-at="2021-04-15T22:41:08Z">
          <params>
            <param index="0">
              <value>
                <![CDATA[[TestResult name=Lamp_Homepage1 status=SUCCESS method=LampLogin.Lamp_Homepage1()[pri:2, instance:HFIC.Testcases.com.LampLogin@754ba872] output={null}]]]>
              </value>
            </param>
          </params>
          <reporter-output>
          </reporter-output>
        </test-method> <!-- Tear_Down -->
        <test-method status="PASS" signature="Get_Quotepage1()[pri:3, instance:HFIC.Testcases.com.LampLogin@754ba872]" name="Get_Quotepage1" duration-ms="9254" started-at="2021-04-15T22:41:08Z" finished-at="2021-04-15T22:41:17Z">
          <reporter-output>
          </reporter-output>
        </test-method> <!-- Get_Quotepage1 -->
        <test-method status="PASS" signature="Tear_Down(org.testng.ITestResult)[pri:0, instance:HFIC.Testcases.com.LampLogin@754ba872]" name="Tear_Down" is-config="true" duration-ms="288" started-at="2021-04-15T22:41:17Z" finished-at="2021-04-15T22:41:17Z">
          <params>
            <param index="0">
              <value>
                <![CDATA[[TestResult name=Get_Quotepage1 status=SUCCESS method=LampLogin.Get_Quotepage1()[pri:3, instance:HFIC.Testcases.com.LampLogin@754ba872] output={null}]]]>
              </value>
            </param>
          </params>
          <reporter-output>
          </reporter-output>
        </test-method> <!-- Tear_Down -->
        <test-method status="PASS" signature="HealthInsurencePlans1()[pri:4, instance:HFIC.Testcases.com.LampLogin@754ba872]" name="HealthInsurencePlans1" duration-ms="749" started-at="2021-04-15T22:41:17Z" finished-at="2021-04-15T22:41:18Z">
          <reporter-output>
          </reporter-output>
        </test-method> <!-- HealthInsurencePlans1 -->
        <test-method status="PASS" signature="Tear_Down(org.testng.ITestResult)[pri:0, instance:HFIC.Testcases.com.LampLogin@754ba872]" name="Tear_Down" is-config="true" duration-ms="288" started-at="2021-04-15T22:41:18Z" finished-at="2021-04-15T22:41:18Z">
          <params>
            <param index="0">
              <value>
                <![CDATA[[TestResult name=HealthInsurencePlans1 status=SUCCESS method=LampLogin.HealthInsurencePlans1()[pri:4, instance:HFIC.Testcases.com.LampLogin@754ba872] output={null}]]]>
              </value>
            </param>
          </params>
          <reporter-output>
          </reporter-output>
        </test-method> <!-- Tear_Down -->
        <test-method status="PASS" signature="GroupInformationPage1()[pri:5, instance:HFIC.Testcases.com.LampLogin@754ba872]" name="GroupInformationPage1" duration-ms="7699" started-at="2021-04-15T22:41:18Z" finished-at="2021-04-15T22:41:26Z">
          <reporter-output>
          </reporter-output>
        </test-method> <!-- GroupInformationPage1 -->
        <test-method status="PASS" signature="Tear_Down(org.testng.ITestResult)[pri:0, instance:HFIC.Testcases.com.LampLogin@754ba872]" name="Tear_Down" is-config="true" duration-ms="863" started-at="2021-04-15T22:41:26Z" finished-at="2021-04-15T22:41:27Z">
          <params>
            <param index="0">
              <value>
                <![CDATA[[TestResult name=GroupInformationPage1 status=SUCCESS method=LampLogin.GroupInformationPage1()[pri:5, instance:HFIC.Testcases.com.LampLogin@754ba872] output={null}]]]>
              </value>
            </param>
          </params>
          <reporter-output>
          </reporter-output>
        </test-method> <!-- Tear_Down -->
        <test-method status="PASS" signature="Group_Administration1()[pri:6, instance:HFIC.Testcases.com.LampLogin@754ba872]" name="Group_Administration1" duration-ms="1084" started-at="2021-04-15T22:41:27Z" finished-at="2021-04-15T22:41:28Z">
          <reporter-output>
          </reporter-output>
        </test-method> <!-- Group_Administration1 -->
        <test-method status="PASS" signature="Tear_Down(org.testng.ITestResult)[pri:0, instance:HFIC.Testcases.com.LampLogin@754ba872]" name="Tear_Down" is-config="true" duration-ms="894" started-at="2021-04-15T22:41:28Z" finished-at="2021-04-15T22:41:29Z">
          <params>
            <param index="0">
              <value>
                <![CDATA[[TestResult name=Group_Administration1 status=SUCCESS method=LampLogin.Group_Administration1()[pri:6, instance:HFIC.Testcases.com.LampLogin@754ba872] output={null}]]]>
              </value>
            </param>
          </params>
          <reporter-output>
          </reporter-output>
        </test-method> <!-- Tear_Down -->
        <test-method status="PASS" signature="COBRA_Coverage1()[pri:7, instance:HFIC.Testcases.com.LampLogin@754ba872]" name="COBRA_Coverage1" duration-ms="133" started-at="2021-04-15T22:41:29Z" finished-at="2021-04-15T22:41:29Z">
          <reporter-output>
          </reporter-output>
        </test-method> <!-- COBRA_Coverage1 -->
        <test-method status="PASS" signature="Tear_Down(org.testng.ITestResult)[pri:0, instance:HFIC.Testcases.com.LampLogin@754ba872]" name="Tear_Down" is-config="true" duration-ms="285" started-at="2021-04-15T22:41:29Z" finished-at="2021-04-15T22:41:29Z">
          <params>
            <param index="0">
              <value>
                <![CDATA[[TestResult name=COBRA_Coverage1 status=SUCCESS method=LampLogin.COBRA_Coverage1()[pri:7, instance:HFIC.Testcases.com.LampLogin@754ba872] output={null}]]]>
              </value>
            </param>
          </params>
          <reporter-output>
          </reporter-output>
        </test-method> <!-- Tear_Down -->
        <test-method status="PASS" signature="BrokerGeneral_AgentInformation1()[pri:8, instance:HFIC.Testcases.com.LampLogin@754ba872]" name="BrokerGeneral_AgentInformation1" duration-ms="1216" started-at="2021-04-15T22:41:29Z" finished-at="2021-04-15T22:41:30Z">
          <reporter-output>
          </reporter-output>
        </test-method> <!-- BrokerGeneral_AgentInformation1 -->
        <test-method status="PASS" signature="Tear_Down(org.testng.ITestResult)[pri:0, instance:HFIC.Testcases.com.LampLogin@754ba872]" name="Tear_Down" is-config="true" duration-ms="982" started-at="2021-04-15T22:41:30Z" finished-at="2021-04-15T22:41:31Z">
          <params>
            <param index="0">
              <value>
                <![CDATA[[TestResult name=BrokerGeneral_AgentInformation1 status=SUCCESS method=LampLogin.BrokerGeneral_AgentInformation1()[pri:8, instance:HFIC.Testcases.com.LampLogin@754ba872] output={null}]]]>
              </value>
            </param>
          </params>
          <reporter-output>
          </reporter-output>
        </test-method> <!-- Tear_Down -->
        <test-method status="PASS" signature="AddEmployee1()[pri:9, instance:HFIC.Testcases.com.LampLogin@754ba872]" name="AddEmployee1" duration-ms="23752" started-at="2021-04-15T22:41:31Z" finished-at="2021-04-15T22:41:55Z">
          <reporter-output>
          </reporter-output>
        </test-method> <!-- AddEmployee1 -->
        <test-method status="PASS" signature="Tear_Down(org.testng.ITestResult)[pri:0, instance:HFIC.Testcases.com.LampLogin@754ba872]" name="Tear_Down" is-config="true" duration-ms="269" started-at="2021-04-15T22:41:55Z" finished-at="2021-04-15T22:41:55Z">
          <params>
            <param index="0">
              <value>
                <![CDATA[[TestResult name=AddEmployee1 status=SUCCESS method=LampLogin.AddEmployee1()[pri:9, instance:HFIC.Testcases.com.LampLogin@754ba872] output={null}]]]>
              </value>
            </param>
          </params>
          <reporter-output>
          </reporter-output>
        </test-method> <!-- Tear_Down -->
        <test-method status="PASS" signature="Uploaddocument13()[pri:10, instance:HFIC.Testcases.com.LampLogin@754ba872]" name="Uploaddocument13" duration-ms="65836" started-at="2021-04-15T22:41:55Z" finished-at="2021-04-15T22:43:01Z">
          <reporter-output>
          </reporter-output>
        </test-method> <!-- Uploaddocument13 -->
        <test-method status="PASS" signature="Tear_Down(org.testng.ITestResult)[pri:0, instance:HFIC.Testcases.com.LampLogin@754ba872]" name="Tear_Down" is-config="true" duration-ms="310" started-at="2021-04-15T22:43:01Z" finished-at="2021-04-15T22:43:01Z">
          <params>
            <param index="0">
              <value>
                <![CDATA[[TestResult name=Uploaddocument13 status=SUCCESS method=LampLogin.Uploaddocument13()[pri:10, instance:HFIC.Testcases.com.LampLogin@754ba872] output={null}]]]>
              </value>
            </param>
          </params>
          <reporter-output>
          </reporter-output>
        </test-method> <!-- Tear_Down -->
        <test-method status="PASS" signature="ReviewApplication_Details()[pri:11, instance:HFIC.Testcases.com.LampLogin@754ba872]" name="ReviewApplication_Details" duration-ms="4110" started-at="2021-04-15T22:43:01Z" finished-at="2021-04-15T22:43:06Z">
          <reporter-output>
          </reporter-output>
        </test-method> <!-- ReviewApplication_Details -->
        <test-method status="PASS" signature="Tear_Down(org.testng.ITestResult)[pri:0, instance:HFIC.Testcases.com.LampLogin@754ba872]" name="Tear_Down" is-config="true" duration-ms="259" started-at="2021-04-15T22:43:06Z" finished-at="2021-04-15T22:43:06Z">
          <params>
            <param index="0">
              <value>
                <![CDATA[[TestResult name=ReviewApplication_Details status=SUCCESS method=LampLogin.ReviewApplication_Details()[pri:11, instance:HFIC.Testcases.com.LampLogin@754ba872] output={null}]]]>
              </value>
            </param>
          </params>
          <reporter-output>
          </reporter-output>
        </test-method> <!-- Tear_Down -->
        <test-method status="PASS" signature="Agreement1()[pri:12, instance:HFIC.Testcases.com.LampLogin@754ba872]" name="Agreement1" duration-ms="18146" started-at="2021-04-15T22:43:06Z" finished-at="2021-04-15T22:43:24Z">
          <reporter-output>
          </reporter-output>
        </test-method> <!-- Agreement1 -->
        <test-method status="PASS" signature="Tear_Down(org.testng.ITestResult)[pri:0, instance:HFIC.Testcases.com.LampLogin@754ba872]" name="Tear_Down" is-config="true" duration-ms="295" started-at="2021-04-15T22:43:24Z" finished-at="2021-04-15T22:43:24Z">
          <params>
            <param index="0">
              <value>
                <![CDATA[[TestResult name=Agreement1 status=SUCCESS method=LampLogin.Agreement1()[pri:12, instance:HFIC.Testcases.com.LampLogin@754ba872] output={null}]]]>
              </value>
            </param>
          </params>
          <reporter-output>
          </reporter-output>
        </test-method> <!-- Tear_Down -->
        <test-method status="PASS" signature="Application_Exit()[pri:0, instance:HFIC.Testcases.com.LampLogin@754ba872]" name="Application_Exit" is-config="true" duration-ms="755" started-at="2021-04-15T22:43:24Z" finished-at="2021-04-15T22:43:25Z">
          <reporter-output>
          </reporter-output>
        </test-method> <!-- Application_Exit -->
      </class> <!-- HFIC.Testcases.com.LampLogin -->
    </test> <!-- Default test -->
  </suite> <!-- Default suite -->
</testng-results>
