<?xml version="1.0" encoding="UTF-8"?>
<testng-results skipped="0" failed="0" total="1" passed="1">
  <reporter-output>
    <line>
      <![CDATA[Project set up done]]>
    </line>
    <line>
      <![CDATA[Application up and running as expected]]>
    </line>
  </reporter-output>
  <suite name="Default suite" duration-ms="62562" started-at="2021-05-12T13:22:51Z" finished-at="2021-05-12T13:23:54Z">
    <groups>
    </groups>
    <test name="Default test" duration-ms="62562" started-at="2021-05-12T13:22:51Z" finished-at="2021-05-12T13:23:54Z">
      <class name="HFIC.Testcases.com.CR_UpdateHSA_Group_Member">
        <test-method status="PASS" signature="Start_up()[pri:0, instance:HFIC.Testcases.com.CR_UpdateHSA_Group_Member@2133c8f8]" name="Start_up" is-config="true" duration-ms="1848" started-at="2021-05-12T09:22:49Z" finished-at="2021-05-12T09:22:51Z">
          <reporter-output>
            <line>
              <![CDATA[Project set up done]]>
            </line>
          </reporter-output>
        </test-method> <!-- Start_up -->
        <test-method status="PASS" signature="Application_Start()[pri:0, instance:HFIC.Testcases.com.CR_UpdateHSA_Group_Member@2133c8f8]" name="Application_Start" is-config="true" duration-ms="11569" started-at="2021-05-12T09:22:51Z" finished-at="2021-05-12T09:23:03Z">
          <reporter-output>
            <line>
              <![CDATA[Application up and running as expected]]>
            </line>
          </reporter-output>
        </test-method> <!-- Application_Start -->
        <test-method status="PASS" signature="CR_HSA_Member_update()[pri:0, instance:HFIC.Testcases.com.CR_UpdateHSA_Group_Member@2133c8f8]" name="CR_HSA_Member_update" duration-ms="46567" started-at="2021-05-12T09:23:03Z" finished-at="2021-05-12T09:23:49Z">
          <reporter-output>
          </reporter-output>
        </test-method> <!-- CR_HSA_Member_update -->
        <test-method status="PASS" signature="Tear_Down(org.testng.ITestResult)[pri:0, instance:HFIC.Testcases.com.CR_UpdateHSA_Group_Member@2133c8f8]" name="Tear_Down" is-config="true" duration-ms="1223" started-at="2021-05-12T09:23:49Z" finished-at="2021-05-12T09:23:51Z">
          <params>
            <param index="0">
              <value>
                <![CDATA[[TestResult name=CR_HSA_Member_update status=SUCCESS method=CR_UpdateHSA_Group_Member.CR_HSA_Member_update()[pri:0, instance:HFIC.Testcases.com.CR_UpdateHSA_Group_Member@2133c8f8] output={null}]]]>
              </value>
            </param>
          </params>
          <reporter-output>
          </reporter-output>
        </test-method> <!-- Tear_Down -->
        <test-method status="PASS" signature="Application_Exit()[pri:0, instance:HFIC.Testcases.com.CR_UpdateHSA_Group_Member@2133c8f8]" name="Application_Exit" is-config="true" duration-ms="3185" started-at="2021-05-12T09:23:51Z" finished-at="2021-05-12T09:23:54Z">
          <reporter-output>
          </reporter-output>
        </test-method> <!-- Application_Exit -->
      </class> <!-- HFIC.Testcases.com.CR_UpdateHSA_Group_Member -->
    </test> <!-- Default test -->
  </suite> <!-- Default suite -->
</testng-results>
