<?xml version="1.0" encoding="UTF-8"?>
<testng-results skipped="0" failed="0" ignored="0" total="2" passed="2">
  <reporter-output>
    <line>
      <![CDATA[Project set up done]]>
    </line>
    <line>
      <![CDATA[Application up and running as expected]]>
    </line>
  </reporter-output>
  <suite name="Default suite" duration-ms="55305" started-at="2021-04-12T02:58:46Z" finished-at="2021-04-12T02:59:42Z">
    <groups>
    </groups>
    <test name="Default test" duration-ms="55305" started-at="2021-04-12T02:58:46Z" finished-at="2021-04-12T02:59:42Z">
      <class name="HFIC.Testcases.com.CR_UpdateHSA_Group_Member">
        <test-method status="PASS" signature="Start_up()[pri:0, instance:HFIC.Testcases.com.CR_UpdateHSA_Group_Member@e25b2fe]" name="Start_up" is-config="true" duration-ms="987" started-at="2021-04-12T02:58:45Z" finished-at="2021-04-12T02:58:46Z">
          <reporter-output>
            <line>
              <![CDATA[Project set up done]]>
            </line>
          </reporter-output>
        </test-method> <!-- Start_up -->
        <test-method status="PASS" signature="Application_Start()[pri:0, instance:HFIC.Testcases.com.CR_UpdateHSA_Group_Member@e25b2fe]" name="Application_Start" is-config="true" duration-ms="7706" started-at="2021-04-12T02:58:46Z" finished-at="2021-04-12T02:58:54Z">
          <reporter-output>
            <line>
              <![CDATA[Application up and running as expected]]>
            </line>
          </reporter-output>
        </test-method> <!-- Application_Start -->
        <test-method status="PASS" signature="CR_HSA_Member_update()[pri:1, instance:HFIC.Testcases.com.CR_UpdateHSA_Group_Member@e25b2fe]" name="CR_HSA_Member_update" duration-ms="21620" started-at="2021-04-12T02:58:54Z" finished-at="2021-04-12T02:59:16Z">
          <reporter-output>
          </reporter-output>
        </test-method> <!-- CR_HSA_Member_update -->
        <test-method status="PASS" signature="Tear_Down(org.testng.ITestResult)[pri:0, instance:HFIC.Testcases.com.CR_UpdateHSA_Group_Member@e25b2fe]" name="Tear_Down" is-config="true" duration-ms="648" started-at="2021-04-12T02:59:16Z" finished-at="2021-04-12T02:59:16Z">
          <params>
            <param index="0">
              <value>
                <![CDATA[[TestResult name=CR_HSA_Member_update status=SUCCESS method=CR_UpdateHSA_Group_Member.CR_HSA_Member_update()[pri:1, instance:HFIC.Testcases.com.CR_UpdateHSA_Group_Member@e25b2fe] output={null}]]]>
              </value>
            </param>
          </params>
          <reporter-output>
          </reporter-output>
        </test-method> <!-- Tear_Down -->
        <test-method status="PASS" signature="CR_HSA_Group_update()[pri:2, instance:HFIC.Testcases.com.CR_UpdateHSA_Group_Member@e25b2fe]" name="CR_HSA_Group_update" duration-ms="24237" started-at="2021-04-12T02:59:16Z" finished-at="2021-04-12T02:59:41Z">
          <reporter-output>
          </reporter-output>
        </test-method> <!-- CR_HSA_Group_update -->
        <test-method status="PASS" signature="Tear_Down(org.testng.ITestResult)[pri:0, instance:HFIC.Testcases.com.CR_UpdateHSA_Group_Member@e25b2fe]" name="Tear_Down" is-config="true" duration-ms="419" started-at="2021-04-12T02:59:41Z" finished-at="2021-04-12T02:59:41Z">
          <params>
            <param index="0">
              <value>
                <![CDATA[[TestResult name=CR_HSA_Group_update status=SUCCESS method=CR_UpdateHSA_Group_Member.CR_HSA_Group_update()[pri:2, instance:HFIC.Testcases.com.CR_UpdateHSA_Group_Member@e25b2fe] output={null}]]]>
              </value>
            </param>
          </params>
          <reporter-output>
          </reporter-output>
        </test-method> <!-- Tear_Down -->
        <test-method status="PASS" signature="Application_Exit()[pri:0, instance:HFIC.Testcases.com.CR_UpdateHSA_Group_Member@e25b2fe]" name="Application_Exit" is-config="true" duration-ms="654" started-at="2021-04-12T02:59:41Z" finished-at="2021-04-12T02:59:42Z">
          <reporter-output>
          </reporter-output>
        </test-method> <!-- Application_Exit -->
      </class> <!-- HFIC.Testcases.com.CR_UpdateHSA_Group_Member -->
    </test> <!-- Default test -->
  </suite> <!-- Default suite -->
</testng-results>
