<?xml version="1.0" encoding="UTF-8"?>
<testng-results skipped="0" failed="0" ignored="0" total="2" passed="2">
  <reporter-output>
    <line>
      <![CDATA[Project set up done]]>
    </line>
    <line>
      <![CDATA[Application up and running as expected]]>
    </line>
  </reporter-output>
  <suite name="Default suite" duration-ms="57723" started-at="2021-04-09T22:06:08Z" finished-at="2021-04-09T22:07:06Z">
    <groups>
    </groups>
    <test name="Default test" duration-ms="57723" started-at="2021-04-09T22:06:08Z" finished-at="2021-04-09T22:07:06Z">
      <class name="HFIC.Testcases.com.CR_HSAnew">
        <test-method status="PASS" signature="Start_up()[pri:0, instance:HFIC.Testcases.com.CR_HSAnew@e25b2fe]" name="Start_up" is-config="true" duration-ms="1110" started-at="2021-04-09T22:06:07Z" finished-at="2021-04-09T22:06:08Z">
          <reporter-output>
            <line>
              <![CDATA[Project set up done]]>
            </line>
          </reporter-output>
        </test-method> <!-- Start_up -->
        <test-method status="PASS" signature="Application_Start()[pri:0, instance:HFIC.Testcases.com.CR_HSAnew@e25b2fe]" name="Application_Start" is-config="true" duration-ms="6112" started-at="2021-04-09T22:06:08Z" finished-at="2021-04-09T22:06:14Z">
          <reporter-output>
            <line>
              <![CDATA[Application up and running as expected]]>
            </line>
          </reporter-output>
        </test-method> <!-- Application_Start -->
        <test-method status="PASS" signature="CR_HSA_Member_update()[pri:1, instance:HFIC.Testcases.com.CR_HSAnew@e25b2fe]" name="CR_HSA_Member_update" duration-ms="24342" started-at="2021-04-09T22:06:14Z" finished-at="2021-04-09T22:06:38Z">
          <reporter-output>
          </reporter-output>
        </test-method> <!-- CR_HSA_Member_update -->
        <test-method status="PASS" signature="Tear_Down(org.testng.ITestResult)[pri:0, instance:HFIC.Testcases.com.CR_HSAnew@e25b2fe]" name="Tear_Down" is-config="true" duration-ms="308" started-at="2021-04-09T22:06:38Z" finished-at="2021-04-09T22:06:39Z">
          <params>
            <param index="0">
              <value>
                <![CDATA[[TestResult name=CR_HSA_Member_update status=SUCCESS method=CR_HSAnew.CR_HSA_Member_update()[pri:1, instance:HFIC.Testcases.com.CR_HSAnew@e25b2fe] output={null}]]]>
              </value>
            </param>
          </params>
          <reporter-output>
          </reporter-output>
        </test-method> <!-- Tear_Down -->
        <test-method status="PASS" signature="CR_HSA_Group_update()[pri:2, instance:HFIC.Testcases.com.CR_HSAnew@e25b2fe]" name="CR_HSA_Group_update" duration-ms="25529" started-at="2021-04-09T22:06:39Z" finished-at="2021-04-09T22:07:04Z">
          <reporter-output>
          </reporter-output>
        </test-method> <!-- CR_HSA_Group_update -->
        <test-method status="PASS" signature="Tear_Down(org.testng.ITestResult)[pri:0, instance:HFIC.Testcases.com.CR_HSAnew@e25b2fe]" name="Tear_Down" is-config="true" duration-ms="297" started-at="2021-04-09T22:07:04Z" finished-at="2021-04-09T22:07:04Z">
          <params>
            <param index="0">
              <value>
                <![CDATA[[TestResult name=CR_HSA_Group_update status=SUCCESS method=CR_HSAnew.CR_HSA_Group_update()[pri:2, instance:HFIC.Testcases.com.CR_HSAnew@e25b2fe] output={null}]]]>
              </value>
            </param>
          </params>
          <reporter-output>
          </reporter-output>
        </test-method> <!-- Tear_Down -->
        <test-method status="PASS" signature="Application_Exit()[pri:0, instance:HFIC.Testcases.com.CR_HSAnew@e25b2fe]" name="Application_Exit" is-config="true" duration-ms="1100" started-at="2021-04-09T22:07:04Z" finished-at="2021-04-09T22:07:06Z">
          <reporter-output>
          </reporter-output>
        </test-method> <!-- Application_Exit -->
      </class> <!-- HFIC.Testcases.com.CR_HSAnew -->
    </test> <!-- Default test -->
  </suite> <!-- Default suite -->
</testng-results>
