<?xml version="1.0" encoding="UTF-8"?>
<testng-results skipped="0" failed="0" total="1" passed="1">
  <reporter-output>
    <line>
      <![CDATA[Project set up done]]>
    </line>
    <line>
      <![CDATA[Application up and running as expected]]>
    </line>
  </reporter-output>
  <suite name="Default suite" duration-ms="371701" started-at="2021-05-12T17:24:45Z" finished-at="2021-05-12T17:30:56Z">
    <groups>
    </groups>
    <test name="Default test" duration-ms="371701" started-at="2021-05-12T17:24:45Z" finished-at="2021-05-12T17:30:56Z">
      <class name="HFIC.Testcases.com.Enrollment_360_Search">
        <test-method status="PASS" signature="Start_up()[pri:0, instance:HFIC.Testcases.com.Enrollment_360_Search@2133c8f8]" name="Start_up" is-config="true" duration-ms="1784" started-at="2021-05-12T13:24:43Z" finished-at="2021-05-12T13:24:45Z">
          <reporter-output>
            <line>
              <![CDATA[Project set up done]]>
            </line>
          </reporter-output>
        </test-method> <!-- Start_up -->
        <test-method status="PASS" signature="Application_Start()[pri:0, instance:HFIC.Testcases.com.Enrollment_360_Search@2133c8f8]" name="Application_Start" is-config="true" duration-ms="17367" started-at="2021-05-12T13:24:45Z" finished-at="2021-05-12T13:25:02Z">
          <reporter-output>
            <line>
              <![CDATA[Application up and running as expected]]>
            </line>
          </reporter-output>
        </test-method> <!-- Application_Start -->
        <test-method status="PASS" signature="HFIC_Group_Number_Search()[pri:0, instance:HFIC.Testcases.com.Enrollment_360_Search@2133c8f8]" name="HFIC_Group_Number_Search" duration-ms="348906" started-at="2021-05-12T13:25:02Z" finished-at="2021-05-12T13:30:51Z">
          <reporter-output>
          </reporter-output>
        </test-method> <!-- HFIC_Group_Number_Search -->
        <test-method status="PASS" signature="Tear_Down(org.testng.ITestResult)[pri:0, instance:HFIC.Testcases.com.Enrollment_360_Search@2133c8f8]" name="Tear_Down" is-config="true" duration-ms="2749" started-at="2021-05-12T13:30:51Z" finished-at="2021-05-12T13:30:54Z">
          <params>
            <param index="0">
              <value>
                <![CDATA[[TestResult name=HFIC_Group_Number_Search status=SUCCESS method=Enrollment_360_Search.HFIC_Group_Number_Search()[pri:0, instance:HFIC.Testcases.com.Enrollment_360_Search@2133c8f8] output={null}]]]>
              </value>
            </param>
          </params>
          <reporter-output>
          </reporter-output>
        </test-method> <!-- Tear_Down -->
        <test-method status="PASS" signature="Application_Exit()[pri:0, instance:HFIC.Testcases.com.Enrollment_360_Search@2133c8f8]" name="Application_Exit" is-config="true" duration-ms="2663" started-at="2021-05-12T13:30:54Z" finished-at="2021-05-12T13:30:56Z">
          <reporter-output>
          </reporter-output>
        </test-method> <!-- Application_Exit -->
      </class> <!-- HFIC.Testcases.com.Enrollment_360_Search -->
    </test> <!-- Default test -->
  </suite> <!-- Default suite -->
</testng-results>
