<?xml version="1.0" encoding="UTF-8"?>
<testng-results skipped="0" failed="0" ignored="0" total="3" passed="3">
  <reporter-output>
    <line>
      <![CDATA[Project set up done]]>
    </line>
    <line>
      <![CDATA[Application up and running as expected]]>
    </line>
  </reporter-output>
  <suite name="Default suite" duration-ms="252173" started-at="2021-04-11T19:42:02Z" finished-at="2021-04-11T19:46:14Z">
    <groups>
    </groups>
    <test name="Default test" duration-ms="252173" started-at="2021-04-11T19:42:02Z" finished-at="2021-04-11T19:46:14Z">
      <class name="HFIC.Testcases.com.PEGA_Search">
        <test-method status="PASS" signature="Start_up()[pri:0, instance:HFIC.Testcases.com.PEGA_Search@e25b2fe]" name="Start_up" is-config="true" duration-ms="892" started-at="2021-04-11T19:42:01Z" finished-at="2021-04-11T19:42:02Z">
          <reporter-output>
            <line>
              <![CDATA[Project set up done]]>
            </line>
          </reporter-output>
        </test-method> <!-- Start_up -->
        <test-method status="PASS" signature="Application_Start()[pri:0, instance:HFIC.Testcases.com.PEGA_Search@e25b2fe]" name="Application_Start" is-config="true" duration-ms="6580" started-at="2021-04-11T19:42:02Z" finished-at="2021-04-11T19:42:09Z">
          <reporter-output>
            <line>
              <![CDATA[Application up and running as expected]]>
            </line>
          </reporter-output>
        </test-method> <!-- Application_Start -->
        <test-method status="PASS" signature="Application_Search()[pri:0, instance:HFIC.Testcases.com.PEGA_Search@e25b2fe]" name="Application_Search" duration-ms="154328" started-at="2021-04-11T19:42:09Z" finished-at="2021-04-11T19:44:43Z">
          <reporter-output>
          </reporter-output>
        </test-method> <!-- Application_Search -->
        <test-method status="PASS" signature="Tear_Down(org.testng.ITestResult)[pri:0, instance:HFIC.Testcases.com.PEGA_Search@e25b2fe]" name="Tear_Down" is-config="true" duration-ms="545" started-at="2021-04-11T19:44:43Z" finished-at="2021-04-11T19:44:44Z">
          <params>
            <param index="0">
              <value>
                <![CDATA[[TestResult name=Application_Search status=SUCCESS method=PEGA_Search.Application_Search()[pri:0, instance:HFIC.Testcases.com.PEGA_Search@e25b2fe] output={null}]]]>
              </value>
            </param>
          </params>
          <reporter-output>
          </reporter-output>
        </test-method> <!-- Tear_Down -->
        <test-method status="PASS" signature="Task_B_Search()[pri:0, instance:HFIC.Testcases.com.PEGA_Search@e25b2fe]" name="Task_B_Search" duration-ms="54806" started-at="2021-04-11T19:44:44Z" finished-at="2021-04-11T19:45:38Z">
          <reporter-output>
          </reporter-output>
        </test-method> <!-- Task_B_Search -->
        <test-method status="PASS" signature="Tear_Down(org.testng.ITestResult)[pri:0, instance:HFIC.Testcases.com.PEGA_Search@e25b2fe]" name="Tear_Down" is-config="true" duration-ms="289" started-at="2021-04-11T19:45:38Z" finished-at="2021-04-11T19:45:39Z">
          <params>
            <param index="0">
              <value>
                <![CDATA[[TestResult name=Task_B_Search status=SUCCESS method=PEGA_Search.Task_B_Search()[pri:0, instance:HFIC.Testcases.com.PEGA_Search@e25b2fe] output={null}]]]>
              </value>
            </param>
          </params>
          <reporter-output>
          </reporter-output>
        </test-method> <!-- Tear_Down -->
        <test-method status="PASS" signature="Task_M_Search()[pri:0, instance:HFIC.Testcases.com.PEGA_Search@e25b2fe]" name="Task_M_Search" duration-ms="34620" started-at="2021-04-11T19:45:39Z" finished-at="2021-04-11T19:46:13Z">
          <reporter-output>
          </reporter-output>
        </test-method> <!-- Task_M_Search -->
        <test-method status="PASS" signature="Tear_Down(org.testng.ITestResult)[pri:0, instance:HFIC.Testcases.com.PEGA_Search@e25b2fe]" name="Tear_Down" is-config="true" duration-ms="303" started-at="2021-04-11T19:46:13Z" finished-at="2021-04-11T19:46:14Z">
          <params>
            <param index="0">
              <value>
                <![CDATA[[TestResult name=Task_M_Search status=SUCCESS method=PEGA_Search.Task_M_Search()[pri:0, instance:HFIC.Testcases.com.PEGA_Search@e25b2fe] output={null}]]]>
              </value>
            </param>
          </params>
          <reporter-output>
          </reporter-output>
        </test-method> <!-- Tear_Down -->
        <test-method status="PASS" signature="Application_Exit()[pri:0, instance:HFIC.Testcases.com.PEGA_Search@e25b2fe]" name="Application_Exit" is-config="true" duration-ms="679" started-at="2021-04-11T19:46:14Z" finished-at="2021-04-11T19:46:14Z">
          <reporter-output>
          </reporter-output>
        </test-method> <!-- Application_Exit -->
      </class> <!-- HFIC.Testcases.com.PEGA_Search -->
    </test> <!-- Default test -->
  </suite> <!-- Default suite -->
</testng-results>
