<?xml version="1.0" encoding="UTF-8"?>
<testng-results skipped="0" failed="0" ignored="0" total="12" passed="12">
  <reporter-output>
    <line>
      <![CDATA[Project set up done]]>
    </line>
    <line>
      <![CDATA[Application up and running as expected]]>
    </line>
  </reporter-output>
  <suite name="Default suite" duration-ms="431205" started-at="2021-04-12T23:46:59Z" finished-at="2021-04-12T23:54:10Z">
    <groups>
    </groups>
    <test name="Default test" duration-ms="431205" started-at="2021-04-12T23:46:59Z" finished-at="2021-04-12T23:54:10Z">
      <class name="HFIC.Testcases.com.PEGA_Search">
        <test-method status="PASS" signature="Start_up()[pri:0, instance:HFIC.Testcases.com.PEGA_Search@754ba872]" name="Start_up" is-config="true" duration-ms="1094" started-at="2021-04-12T23:46:57Z" finished-at="2021-04-12T23:46:59Z">
          <reporter-output>
            <line>
              <![CDATA[Project set up done]]>
            </line>
          </reporter-output>
        </test-method> <!-- Start_up -->
        <test-method status="PASS" signature="Application_Start()[pri:0, instance:HFIC.Testcases.com.PEGA_Search@754ba872]" name="Application_Start" is-config="true" duration-ms="5494" started-at="2021-04-12T23:46:59Z" finished-at="2021-04-12T23:47:04Z">
          <reporter-output>
            <line>
              <![CDATA[Application up and running as expected]]>
            </line>
          </reporter-output>
        </test-method> <!-- Application_Start -->
        <test-method status="PASS" signature="HFIC_Initial_Application_Search()[pri:1, instance:HFIC.Testcases.com.PEGA_Search@754ba872]" name="HFIC_Initial_Application_Search" duration-ms="38713" started-at="2021-04-12T23:47:04Z" finished-at="2021-04-12T23:47:43Z">
          <reporter-output>
          </reporter-output>
        </test-method> <!-- HFIC_Initial_Application_Search -->
        <test-method status="PASS" signature="Tear_Down(org.testng.ITestResult)[pri:0, instance:HFIC.Testcases.com.PEGA_Search@754ba872]" name="Tear_Down" is-config="true" duration-ms="573" started-at="2021-04-12T23:47:43Z" finished-at="2021-04-12T23:47:43Z">
          <params>
            <param index="0">
              <value>
                <![CDATA[[TestResult name=HFIC_Initial_Application_Search status=SUCCESS method=PEGA_Search.HFIC_Initial_Application_Search()[pri:1, instance:HFIC.Testcases.com.PEGA_Search@754ba872] output={null}]]]>
              </value>
            </param>
          </params>
          <reporter-output>
          </reporter-output>
        </test-method> <!-- Tear_Down -->
        <test-method status="PASS" signature="HFIC_Maintenance_Application_Search()[pri:2, instance:HFIC.Testcases.com.PEGA_Search@754ba872]" name="HFIC_Maintenance_Application_Search" duration-ms="40449" started-at="2021-04-12T23:47:43Z" finished-at="2021-04-12T23:48:24Z">
          <reporter-output>
          </reporter-output>
        </test-method> <!-- HFIC_Maintenance_Application_Search -->
        <test-method status="PASS" signature="Tear_Down(org.testng.ITestResult)[pri:0, instance:HFIC.Testcases.com.PEGA_Search@754ba872]" name="Tear_Down" is-config="true" duration-ms="300" started-at="2021-04-12T23:48:24Z" finished-at="2021-04-12T23:48:24Z">
          <params>
            <param index="0">
              <value>
                <![CDATA[[TestResult name=HFIC_Maintenance_Application_Search status=SUCCESS method=PEGA_Search.HFIC_Maintenance_Application_Search()[pri:2, instance:HFIC.Testcases.com.PEGA_Search@754ba872] output={null}]]]>
              </value>
            </param>
          </params>
          <reporter-output>
          </reporter-output>
        </test-method> <!-- Tear_Down -->
        <test-method status="PASS" signature="HFIC_Renewal_Application_Search()[pri:3, instance:HFIC.Testcases.com.PEGA_Search@754ba872]" name="HFIC_Renewal_Application_Search" duration-ms="40479" started-at="2021-04-12T23:48:24Z" finished-at="2021-04-12T23:49:05Z">
          <reporter-output>
          </reporter-output>
        </test-method> <!-- HFIC_Renewal_Application_Search -->
        <test-method status="PASS" signature="Tear_Down(org.testng.ITestResult)[pri:0, instance:HFIC.Testcases.com.PEGA_Search@754ba872]" name="Tear_Down" is-config="true" duration-ms="309" started-at="2021-04-12T23:49:05Z" finished-at="2021-04-12T23:49:05Z">
          <params>
            <param index="0">
              <value>
                <![CDATA[[TestResult name=HFIC_Renewal_Application_Search status=SUCCESS method=PEGA_Search.HFIC_Renewal_Application_Search()[pri:3, instance:HFIC.Testcases.com.PEGA_Search@754ba872] output={null}]]]>
              </value>
            </param>
          </params>
          <reporter-output>
          </reporter-output>
        </test-method> <!-- Tear_Down -->
        <test-method status="PASS" signature="Task_B_Search()[pri:4, instance:HFIC.Testcases.com.PEGA_Search@754ba872]" name="Task_B_Search" duration-ms="51537" started-at="2021-04-12T23:49:05Z" finished-at="2021-04-12T23:49:56Z">
          <reporter-output>
          </reporter-output>
        </test-method> <!-- Task_B_Search -->
        <test-method status="PASS" signature="Tear_Down(org.testng.ITestResult)[pri:0, instance:HFIC.Testcases.com.PEGA_Search@754ba872]" name="Tear_Down" is-config="true" duration-ms="294" started-at="2021-04-12T23:49:56Z" finished-at="2021-04-12T23:49:57Z">
          <params>
            <param index="0">
              <value>
                <![CDATA[[TestResult name=Task_B_Search status=SUCCESS method=PEGA_Search.Task_B_Search()[pri:4, instance:HFIC.Testcases.com.PEGA_Search@754ba872] output={null}]]]>
              </value>
            </param>
          </params>
          <reporter-output>
          </reporter-output>
        </test-method> <!-- Tear_Down -->
        <test-method status="PASS" signature="Task_M_Search()[pri:5, instance:HFIC.Testcases.com.PEGA_Search@754ba872]" name="Task_M_Search" duration-ms="26808" started-at="2021-04-12T23:49:57Z" finished-at="2021-04-12T23:50:24Z">
          <reporter-output>
          </reporter-output>
        </test-method> <!-- Task_M_Search -->
        <test-method status="PASS" signature="Tear_Down(org.testng.ITestResult)[pri:0, instance:HFIC.Testcases.com.PEGA_Search@754ba872]" name="Tear_Down" is-config="true" duration-ms="281" started-at="2021-04-12T23:50:24Z" finished-at="2021-04-12T23:50:24Z">
          <params>
            <param index="0">
              <value>
                <![CDATA[[TestResult name=Task_M_Search status=SUCCESS method=PEGA_Search.Task_M_Search()[pri:5, instance:HFIC.Testcases.com.PEGA_Search@754ba872] output={null}]]]>
              </value>
            </param>
          </params>
          <reporter-output>
          </reporter-output>
        </test-method> <!-- Tear_Down -->
        <test-method status="PASS" signature="Task_G_Search()[pri:6, instance:HFIC.Testcases.com.PEGA_Search@754ba872]" name="Task_G_Search" duration-ms="15431" started-at="2021-04-12T23:50:24Z" finished-at="2021-04-12T23:50:39Z">
          <reporter-output>
          </reporter-output>
        </test-method> <!-- Task_G_Search -->
        <test-method status="PASS" signature="Tear_Down(org.testng.ITestResult)[pri:0, instance:HFIC.Testcases.com.PEGA_Search@754ba872]" name="Tear_Down" is-config="true" duration-ms="331" started-at="2021-04-12T23:50:39Z" finished-at="2021-04-12T23:50:40Z">
          <params>
            <param index="0">
              <value>
                <![CDATA[[TestResult name=Task_G_Search status=SUCCESS method=PEGA_Search.Task_G_Search()[pri:6, instance:HFIC.Testcases.com.PEGA_Search@754ba872] output={null}]]]>
              </value>
            </param>
          </params>
          <reporter-output>
          </reporter-output>
        </test-method> <!-- Tear_Down -->
        <test-method status="PASS" signature="Task_Payment_Exception_Search()[pri:7, instance:HFIC.Testcases.com.PEGA_Search@754ba872]" name="Task_Payment_Exception_Search" duration-ms="19378" started-at="2021-04-12T23:50:40Z" finished-at="2021-04-12T23:50:59Z">
          <reporter-output>
          </reporter-output>
        </test-method> <!-- Task_Payment_Exception_Search -->
        <test-method status="PASS" signature="Tear_Down(org.testng.ITestResult)[pri:0, instance:HFIC.Testcases.com.PEGA_Search@754ba872]" name="Tear_Down" is-config="true" duration-ms="301" started-at="2021-04-12T23:50:59Z" finished-at="2021-04-12T23:50:59Z">
          <params>
            <param index="0">
              <value>
                <![CDATA[[TestResult name=Task_Payment_Exception_Search status=SUCCESS method=PEGA_Search.Task_Payment_Exception_Search()[pri:7, instance:HFIC.Testcases.com.PEGA_Search@754ba872] output={null}]]]>
              </value>
            </param>
          </params>
          <reporter-output>
          </reporter-output>
        </test-method> <!-- Tear_Down -->
        <test-method status="PASS" signature="Task_COBTask_Search()[pri:8, instance:HFIC.Testcases.com.PEGA_Search@754ba872]" name="Task_COBTask_Search" duration-ms="35877" started-at="2021-04-12T23:50:59Z" finished-at="2021-04-12T23:51:35Z">
          <reporter-output>
          </reporter-output>
        </test-method> <!-- Task_COBTask_Search -->
        <test-method status="PASS" signature="Tear_Down(org.testng.ITestResult)[pri:0, instance:HFIC.Testcases.com.PEGA_Search@754ba872]" name="Tear_Down" is-config="true" duration-ms="294" started-at="2021-04-12T23:51:35Z" finished-at="2021-04-12T23:51:35Z">
          <params>
            <param index="0">
              <value>
                <![CDATA[[TestResult name=Task_COBTask_Search status=SUCCESS method=PEGA_Search.Task_COBTask_Search()[pri:8, instance:HFIC.Testcases.com.PEGA_Search@754ba872] output={null}]]]>
              </value>
            </param>
          </params>
          <reporter-output>
          </reporter-output>
        </test-method> <!-- Tear_Down -->
        <test-method status="PASS" signature="Task_QLETrack_Search()[pri:9, instance:HFIC.Testcases.com.PEGA_Search@754ba872]" name="Task_QLETrack_Search" duration-ms="36259" started-at="2021-04-12T23:51:35Z" finished-at="2021-04-12T23:52:12Z">
          <reporter-output>
          </reporter-output>
        </test-method> <!-- Task_QLETrack_Search -->
        <test-method status="PASS" signature="Tear_Down(org.testng.ITestResult)[pri:0, instance:HFIC.Testcases.com.PEGA_Search@754ba872]" name="Tear_Down" is-config="true" duration-ms="310" started-at="2021-04-12T23:52:12Z" finished-at="2021-04-12T23:52:12Z">
          <params>
            <param index="0">
              <value>
                <![CDATA[[TestResult name=Task_QLETrack_Search status=SUCCESS method=PEGA_Search.Task_QLETrack_Search()[pri:9, instance:HFIC.Testcases.com.PEGA_Search@754ba872] output={null}]]]>
              </value>
            </param>
          </params>
          <reporter-output>
          </reporter-output>
        </test-method> <!-- Tear_Down -->
        <test-method status="PASS" signature="Task_Presumptive_Search()[pri:10, instance:HFIC.Testcases.com.PEGA_Search@754ba872]" name="Task_Presumptive_Search" duration-ms="44727" started-at="2021-04-12T23:52:12Z" finished-at="2021-04-12T23:52:57Z">
          <reporter-output>
          </reporter-output>
        </test-method> <!-- Task_Presumptive_Search -->
        <test-method status="PASS" signature="Tear_Down(org.testng.ITestResult)[pri:0, instance:HFIC.Testcases.com.PEGA_Search@754ba872]" name="Tear_Down" is-config="true" duration-ms="299" started-at="2021-04-12T23:52:57Z" finished-at="2021-04-12T23:52:57Z">
          <params>
            <param index="0">
              <value>
                <![CDATA[[TestResult name=Task_Presumptive_Search status=SUCCESS method=PEGA_Search.Task_Presumptive_Search()[pri:10, instance:HFIC.Testcases.com.PEGA_Search@754ba872] output={null}]]]>
              </value>
            </param>
          </params>
          <reporter-output>
          </reporter-output>
        </test-method> <!-- Tear_Down -->
        <test-method status="PASS" signature="HP_Group_Task_Serach()[pri:11, instance:HFIC.Testcases.com.PEGA_Search@754ba872]" name="HP_Group_Task_Serach" duration-ms="26318" started-at="2021-04-12T23:52:57Z" finished-at="2021-04-12T23:53:23Z">
          <reporter-output>
          </reporter-output>
        </test-method> <!-- HP_Group_Task_Serach -->
        <test-method status="PASS" signature="Tear_Down(org.testng.ITestResult)[pri:0, instance:HFIC.Testcases.com.PEGA_Search@754ba872]" name="Tear_Down" is-config="true" duration-ms="279" started-at="2021-04-12T23:53:23Z" finished-at="2021-04-12T23:53:24Z">
          <params>
            <param index="0">
              <value>
                <![CDATA[[TestResult name=HP_Group_Task_Serach status=SUCCESS method=PEGA_Search.HP_Group_Task_Serach()[pri:11, instance:HFIC.Testcases.com.PEGA_Search@754ba872] output={null}]]]>
              </value>
            </param>
          </params>
          <reporter-output>
          </reporter-output>
        </test-method> <!-- Tear_Down -->
        <test-method status="PASS" signature="HP_Reconciliation_Task_Serach()[pri:12, instance:HFIC.Testcases.com.PEGA_Search@754ba872]" name="HP_Reconciliation_Task_Serach" duration-ms="45118" started-at="2021-04-12T23:53:24Z" finished-at="2021-04-12T23:54:09Z">
          <reporter-output>
          </reporter-output>
        </test-method> <!-- HP_Reconciliation_Task_Serach -->
        <test-method status="PASS" signature="Tear_Down(org.testng.ITestResult)[pri:0, instance:HFIC.Testcases.com.PEGA_Search@754ba872]" name="Tear_Down" is-config="true" duration-ms="284" started-at="2021-04-12T23:54:09Z" finished-at="2021-04-12T23:54:09Z">
          <params>
            <param index="0">
              <value>
                <![CDATA[[TestResult name=HP_Reconciliation_Task_Serach status=SUCCESS method=PEGA_Search.HP_Reconciliation_Task_Serach()[pri:12, instance:HFIC.Testcases.com.PEGA_Search@754ba872] output={null}]]]>
              </value>
            </param>
          </params>
          <reporter-output>
          </reporter-output>
        </test-method> <!-- Tear_Down -->
        <test-method status="PASS" signature="Application_Exit()[pri:0, instance:HFIC.Testcases.com.PEGA_Search@754ba872]" name="Application_Exit" is-config="true" duration-ms="715" started-at="2021-04-12T23:54:09Z" finished-at="2021-04-12T23:54:10Z">
          <reporter-output>
          </reporter-output>
        </test-method> <!-- Application_Exit -->
      </class> <!-- HFIC.Testcases.com.PEGA_Search -->
    </test> <!-- Default test -->
  </suite> <!-- Default suite -->
</testng-results>
