<?xml version="1.0" encoding="UTF-8"?>
<testng-results skipped="0" failed="0" ignored="0" total="1" passed="1">
  <reporter-output>
    <line>
      <![CDATA[Project set up done]]>
    </line>
    <line>
      <![CDATA[Application up and running as expected]]>
    </line>
  </reporter-output>
  <suite name="Default suite" duration-ms="67935" started-at="2021-04-11T01:55:20Z" finished-at="2021-04-11T01:56:28Z">
    <groups>
    </groups>
    <test name="Default test" duration-ms="67935" started-at="2021-04-11T01:55:20Z" finished-at="2021-04-11T01:56:28Z">
      <class name="HFIC.Testcases.com.PEGA_Search">
        <test-method status="PASS" signature="Start_up()[pri:0, instance:HFIC.Testcases.com.PEGA_Search@e25b2fe]" name="Start_up" is-config="true" duration-ms="960" started-at="2021-04-11T01:55:19Z" finished-at="2021-04-11T01:55:20Z">
          <reporter-output>
            <line>
              <![CDATA[Project set up done]]>
            </line>
          </reporter-output>
        </test-method> <!-- Start_up -->
        <test-method status="PASS" signature="Application_Start()[pri:0, instance:HFIC.Testcases.com.PEGA_Search@e25b2fe]" name="Application_Start" is-config="true" duration-ms="7341" started-at="2021-04-11T01:55:20Z" finished-at="2021-04-11T01:55:28Z">
          <reporter-output>
            <line>
              <![CDATA[Application up and running as expected]]>
            </line>
          </reporter-output>
        </test-method> <!-- Application_Start -->
        <test-method status="PASS" signature="Application_Search()[pri:0, instance:HFIC.Testcases.com.PEGA_Search@e25b2fe]" name="Application_Search" duration-ms="59288" started-at="2021-04-11T01:55:28Z" finished-at="2021-04-11T01:56:27Z">
          <reporter-output>
          </reporter-output>
        </test-method> <!-- Application_Search -->
        <test-method status="PASS" signature="Tear_Down(org.testng.ITestResult)[pri:0, instance:HFIC.Testcases.com.PEGA_Search@e25b2fe]" name="Tear_Down" is-config="true" duration-ms="598" started-at="2021-04-11T01:56:27Z" finished-at="2021-04-11T01:56:28Z">
          <params>
            <param index="0">
              <value>
                <![CDATA[[TestResult name=Application_Search status=SUCCESS method=PEGA_Search.Application_Search()[pri:0, instance:HFIC.Testcases.com.PEGA_Search@e25b2fe] output={null}]]]>
              </value>
            </param>
          </params>
          <reporter-output>
          </reporter-output>
        </test-method> <!-- Tear_Down -->
        <test-method status="PASS" signature="Application_Exit()[pri:0, instance:HFIC.Testcases.com.PEGA_Search@e25b2fe]" name="Application_Exit" is-config="true" duration-ms="681" started-at="2021-04-11T01:56:28Z" finished-at="2021-04-11T01:56:28Z">
          <reporter-output>
          </reporter-output>
        </test-method> <!-- Application_Exit -->
      </class> <!-- HFIC.Testcases.com.PEGA_Search -->
    </test> <!-- Default test -->
  </suite> <!-- Default suite -->
</testng-results>
