<?xml version="1.0" encoding="UTF-8"?>
<testng-results skipped="0" failed="0" ignored="0" total="2" passed="2">
  <reporter-output>
    <line>
      <![CDATA[Project set up done]]>
    </line>
    <line>
      <![CDATA[Application up and running as expected]]>
    </line>
  </reporter-output>
  <suite name="Default suite" duration-ms="297098" started-at="2021-04-10T19:24:34Z" finished-at="2021-04-10T19:29:32Z">
    <groups>
    </groups>
    <test name="Default test" duration-ms="297098" started-at="2021-04-10T19:24:34Z" finished-at="2021-04-10T19:29:32Z">
      <class name="HFIC.Testcases.com.CR_UploadeDocuments">
        <test-method status="PASS" signature="Start_up()[pri:0, instance:HFIC.Testcases.com.CR_UploadeDocuments@e25b2fe]" name="Start_up" is-config="true" duration-ms="959" started-at="2021-04-10T19:24:33Z" finished-at="2021-04-10T19:24:34Z">
          <reporter-output>
            <line>
              <![CDATA[Project set up done]]>
            </line>
          </reporter-output>
        </test-method> <!-- Start_up -->
        <test-method status="PASS" signature="Application_Start()[pri:0, instance:HFIC.Testcases.com.CR_UploadeDocuments@e25b2fe]" name="Application_Start" is-config="true" duration-ms="7312" started-at="2021-04-10T19:24:34Z" finished-at="2021-04-10T19:24:42Z">
          <reporter-output>
            <line>
              <![CDATA[Application up and running as expected]]>
            </line>
          </reporter-output>
        </test-method> <!-- Application_Start -->
        <test-method status="PASS" signature="CR_Audit_UploadeDocument()[pri:1, instance:HFIC.Testcases.com.CR_UploadeDocuments@e25b2fe]" name="CR_Audit_UploadeDocument" duration-ms="104451" started-at="2021-04-10T19:24:42Z" finished-at="2021-04-10T19:26:26Z">
          <reporter-output>
          </reporter-output>
        </test-method> <!-- CR_Audit_UploadeDocument -->
        <test-method status="PASS" signature="Tear_Down(org.testng.ITestResult)[pri:0, instance:HFIC.Testcases.com.CR_UploadeDocuments@e25b2fe]" name="Tear_Down" is-config="true" duration-ms="764" started-at="2021-04-10T19:26:26Z" finished-at="2021-04-10T19:26:27Z">
          <params>
            <param index="0">
              <value>
                <![CDATA[[TestResult name=CR_Audit_UploadeDocument status=SUCCESS method=CR_UploadeDocuments.CR_Audit_UploadeDocument()[pri:1, instance:HFIC.Testcases.com.CR_UploadeDocuments@e25b2fe] output={null}]]]>
              </value>
            </param>
          </params>
          <reporter-output>
          </reporter-output>
        </test-method> <!-- Tear_Down -->
        <test-method status="PASS" signature="CR_Other_UploadeDocument()[pri:2, instance:HFIC.Testcases.com.CR_UploadeDocuments@e25b2fe]" name="CR_Other_UploadeDocument" duration-ms="183374" started-at="2021-04-10T19:26:27Z" finished-at="2021-04-10T19:29:30Z">
          <reporter-output>
          </reporter-output>
        </test-method> <!-- CR_Other_UploadeDocument -->
        <test-method status="PASS" signature="Tear_Down(org.testng.ITestResult)[pri:0, instance:HFIC.Testcases.com.CR_UploadeDocuments@e25b2fe]" name="Tear_Down" is-config="true" duration-ms="459" started-at="2021-04-10T19:29:30Z" finished-at="2021-04-10T19:29:31Z">
          <params>
            <param index="0">
              <value>
                <![CDATA[[TestResult name=CR_Other_UploadeDocument status=SUCCESS method=CR_UploadeDocuments.CR_Other_UploadeDocument()[pri:2, instance:HFIC.Testcases.com.CR_UploadeDocuments@e25b2fe] output={null}]]]>
              </value>
            </param>
          </params>
          <reporter-output>
          </reporter-output>
        </test-method> <!-- Tear_Down -->
        <test-method status="PASS" signature="Application_Exit()[pri:0, instance:HFIC.Testcases.com.CR_UploadeDocuments@e25b2fe]" name="Application_Exit" is-config="true" duration-ms="708" started-at="2021-04-10T19:29:31Z" finished-at="2021-04-10T19:29:32Z">
          <reporter-output>
          </reporter-output>
        </test-method> <!-- Application_Exit -->
      </class> <!-- HFIC.Testcases.com.CR_UploadeDocuments -->
    </test> <!-- Default test -->
  </suite> <!-- Default suite -->
</testng-results>
