<?xml version="1.0" encoding="UTF-8"?>
<testng-results skipped="0" failed="0" ignored="0" total="2" passed="2">
  <reporter-output>
    <line>
      <![CDATA[Project set up done]]>
    </line>
    <line>
      <![CDATA[Application up and running as expected]]>
    </line>
  </reporter-output>
  <suite name="Default suite" duration-ms="71223" started-at="2021-04-10T03:14:51Z" finished-at="2021-04-10T03:16:02Z">
    <groups>
    </groups>
    <test name="Default test" duration-ms="71223" started-at="2021-04-10T03:14:51Z" finished-at="2021-04-10T03:16:02Z">
      <class name="HFIC.Testcases.com.Enrollment_360_new">
        <test-method status="PASS" signature="Start_up()[pri:0, instance:HFIC.Testcases.com.Enrollment_360_new@e25b2fe]" name="Start_up" is-config="true" duration-ms="1041" started-at="2021-04-10T03:14:50Z" finished-at="2021-04-10T03:14:51Z">
          <reporter-output>
            <line>
              <![CDATA[Project set up done]]>
            </line>
          </reporter-output>
        </test-method> <!-- Start_up -->
        <test-method status="PASS" signature="Application_Start()[pri:0, instance:HFIC.Testcases.com.Enrollment_360_new@e25b2fe]" name="Application_Start" is-config="true" duration-ms="7571" started-at="2021-04-10T03:14:51Z" finished-at="2021-04-10T03:14:59Z">
          <reporter-output>
            <line>
              <![CDATA[Application up and running as expected]]>
            </line>
          </reporter-output>
        </test-method> <!-- Application_Start -->
        <test-method status="PASS" signature="HFIC_Group_Number_Search()[pri:1, instance:HFIC.Testcases.com.Enrollment_360_new@e25b2fe]" name="HFIC_Group_Number_Search" duration-ms="30247" started-at="2021-04-10T03:14:59Z" finished-at="2021-04-10T03:15:29Z">
          <reporter-output>
          </reporter-output>
        </test-method> <!-- HFIC_Group_Number_Search -->
        <test-method status="PASS" signature="Tear_Down(org.testng.ITestResult)[pri:0, instance:HFIC.Testcases.com.Enrollment_360_new@e25b2fe]" name="Tear_Down" is-config="true" duration-ms="675" started-at="2021-04-10T03:15:29Z" finished-at="2021-04-10T03:15:29Z">
          <params>
            <param index="0">
              <value>
                <![CDATA[[TestResult name=HFIC_Group_Number_Search status=SUCCESS method=Enrollment_360_new.HFIC_Group_Number_Search()[pri:1, instance:HFIC.Testcases.com.Enrollment_360_new@e25b2fe] output={null}]]]>
              </value>
            </param>
          </params>
          <reporter-output>
          </reporter-output>
        </test-method> <!-- Tear_Down -->
        <test-method status="PASS" signature="HP_Group_Search()[pri:2, instance:HFIC.Testcases.com.Enrollment_360_new@e25b2fe]" name="HP_Group_Search" duration-ms="31741" started-at="2021-04-10T03:15:29Z" finished-at="2021-04-10T03:16:01Z">
          <reporter-output>
          </reporter-output>
        </test-method> <!-- HP_Group_Search -->
        <test-method status="PASS" signature="Tear_Down(org.testng.ITestResult)[pri:0, instance:HFIC.Testcases.com.Enrollment_360_new@e25b2fe]" name="Tear_Down" is-config="true" duration-ms="293" started-at="2021-04-10T03:16:01Z" finished-at="2021-04-10T03:16:02Z">
          <params>
            <param index="0">
              <value>
                <![CDATA[[TestResult name=HP_Group_Search status=SUCCESS method=Enrollment_360_new.HP_Group_Search()[pri:2, instance:HFIC.Testcases.com.Enrollment_360_new@e25b2fe] output={null}]]]>
              </value>
            </param>
          </params>
          <reporter-output>
          </reporter-output>
        </test-method> <!-- Tear_Down -->
        <test-method status="PASS" signature="Application_Exit()[pri:0, instance:HFIC.Testcases.com.Enrollment_360_new@e25b2fe]" name="Application_Exit" is-config="true" duration-ms="665" started-at="2021-04-10T03:16:02Z" finished-at="2021-04-10T03:16:02Z">
          <reporter-output>
          </reporter-output>
        </test-method> <!-- Application_Exit -->
      </class> <!-- HFIC.Testcases.com.Enrollment_360_new -->
    </test> <!-- Default test -->
  </suite> <!-- Default suite -->
</testng-results>
