<?xml version="1.0" encoding="UTF-8"?>
<testng-results skipped="0" failed="1" total="1" passed="0">
  <reporter-output>
    <line>
      <![CDATA[Project set up done]]>
    </line>
    <line>
      <![CDATA[Application up and running as expected]]>
    </line>
  </reporter-output>
  <suite name="Default suite" duration-ms="85200" started-at="2021-05-13T16:28:13Z" finished-at="2021-05-13T16:29:38Z">
    <groups>
    </groups>
    <test name="Default test" duration-ms="85200" started-at="2021-05-13T16:28:13Z" finished-at="2021-05-13T16:29:38Z">
      <class name="HFIC.Testcases.com.CR_Member_Add">
        <test-method status="PASS" signature="Start_up()[pri:0, instance:HFIC.Testcases.com.CR_Member_Add@2133c8f8]" name="Start_up" is-config="true" duration-ms="1885" started-at="2021-05-13T12:28:11Z" finished-at="2021-05-13T12:28:13Z">
          <reporter-output>
            <line>
              <![CDATA[Project set up done]]>
            </line>
          </reporter-output>
        </test-method> <!-- Start_up -->
        <test-method status="PASS" signature="Application_Start()[pri:0, instance:HFIC.Testcases.com.CR_Member_Add@2133c8f8]" name="Application_Start" is-config="true" duration-ms="11865" started-at="2021-05-13T12:28:13Z" finished-at="2021-05-13T12:28:25Z">
          <reporter-output>
            <line>
              <![CDATA[Application up and running as expected]]>
            </line>
          </reporter-output>
        </test-method> <!-- Application_Start -->
        <test-method status="FAIL" signature="Memberadd()[pri:0, instance:HFIC.Testcases.com.CR_Member_Add@2133c8f8]" name="Memberadd" duration-ms="65896" started-at="2021-05-13T12:28:25Z" finished-at="2021-05-13T12:29:31Z">
          <exception class="org.openqa.selenium.NoSuchWindowException">
            <message>
              <![CDATA[no such window
  (Session info: chrome=89.0.4389.128)
  (Driver info: chromedriver=89.0.4389.23 (61b08ee2c50024bab004e48d2b1b083cdbdac579-refs/branch-heads/4389@{#294}),platform=Windows NT 10.0.14393 x86_64) (WARNING: The server did not provide any stacktrace information)
Command duration or timeout: 12 milliseconds
Build info: version: '2.53.1', revision: 'a36b8b1cd5757287168e54b817830adce9b0158d', time: '2016-06-30 19:26:09'
System info: host: 'SVFL-XAAD-021', ip: '10.200.188.240', os.name: 'Windows Server 2016', os.arch: 'amd64', os.version: '10.0', java.version: '1.8.0_211'
Driver info: org.openqa.selenium.chrome.ChromeDriver
Capabilities [{mobileEmulationEnabled=false, timeouts={implicit=0, pageLoad=300000, script=30000}, hasTouchScreen=false, platform=XP, acceptSslCerts=false, goog:chromeOptions={debuggerAddress=localhost:62556}, acceptInsecureCerts=false, webStorageEnabled=true, browserName=chrome, takesScreenshot=true, javascriptEnabled=true, setWindowRect=true, webauthn:extension:largeBlob=true, unexpectedAlertBehaviour=ignore, applicationCacheEnabled=false, rotatable=false, networkConnectionEnabled=false, chrome={chromedriverVersion=89.0.4389.23 (61b08ee2c50024bab004e48d2b1b083cdbdac579-refs/branch-heads/4389@{#294}), userDataDir=C:\Users\SMUTCH~1\AppData\Local\Temp\9\scoped_dir59352_984797852}, takesHeapSnapshot=true, pageLoadStrategy=normal, strictFileInteractability=false, databaseEnabled=false, handlesAlerts=true, version=89.0.4389.128, browserConnectionEnabled=false, proxy={}, nativeEvents=true, locationContextEnabled=true, cssSelectorsEnabled=true, webauthn:virtualAuthenticators=true}]
Session ID: d6e02a1d8fafb4d6d42e45de3d4929a5]]>
            </message>
            <full-stacktrace>
              <![CDATA[org.openqa.selenium.NoSuchWindowException: no such window
  (Session info: chrome=89.0.4389.128)
  (Driver info: chromedriver=89.0.4389.23 (61b08ee2c50024bab004e48d2b1b083cdbdac579-refs/branch-heads/4389@{#294}),platform=Windows NT 10.0.14393 x86_64) (WARNING: The server did not provide any stacktrace information)
Command duration or timeout: 12 milliseconds
Build info: version: '2.53.1', revision: 'a36b8b1cd5757287168e54b817830adce9b0158d', time: '2016-06-30 19:26:09'
System info: host: 'SVFL-XAAD-021', ip: '10.200.188.240', os.name: 'Windows Server 2016', os.arch: 'amd64', os.version: '10.0', java.version: '1.8.0_211'
Driver info: org.openqa.selenium.chrome.ChromeDriver
Capabilities [{mobileEmulationEnabled=false, timeouts={implicit=0, pageLoad=300000, script=30000}, hasTouchScreen=false, platform=XP, acceptSslCerts=false, goog:chromeOptions={debuggerAddress=localhost:62556}, acceptInsecureCerts=false, webStorageEnabled=true, browserName=chrome, takesScreenshot=true, javascriptEnabled=true, setWindowRect=true, webauthn:extension:largeBlob=true, unexpectedAlertBehaviour=ignore, applicationCacheEnabled=false, rotatable=false, networkConnectionEnabled=false, chrome={chromedriverVersion=89.0.4389.23 (61b08ee2c50024bab004e48d2b1b083cdbdac579-refs/branch-heads/4389@{#294}), userDataDir=C:\Users\SMUTCH~1\AppData\Local\Temp\9\scoped_dir59352_984797852}, takesHeapSnapshot=true, pageLoadStrategy=normal, strictFileInteractability=false, databaseEnabled=false, handlesAlerts=true, version=89.0.4389.128, browserConnectionEnabled=false, proxy={}, nativeEvents=true, locationContextEnabled=true, cssSelectorsEnabled=true, webauthn:virtualAuthenticators=true}]
Session ID: d6e02a1d8fafb4d6d42e45de3d4929a5
	at sun.reflect.NativeConstructorAccessorImpl.newInstance0(Native Method)
	at sun.reflect.NativeConstructorAccessorImpl.newInstance(Unknown Source)
	at sun.reflect.DelegatingConstructorAccessorImpl.newInstance(Unknown Source)
	at java.lang.reflect.Constructor.newInstance(Unknown Source)
	at org.openqa.selenium.remote.ErrorHandler.createThrowable(ErrorHandler.java:206)
	at org.openqa.selenium.remote.ErrorHandler.throwIfResponseFailed(ErrorHandler.java:158)
	at org.openqa.selenium.remote.RemoteWebDriver.execute(RemoteWebDriver.java:678)
	at org.openqa.selenium.remote.RemoteWebDriver$RemoteTargetLocator.window(RemoteWebDriver.java:1015)
	at Pages.com.CR_Mem_add.Add_Member(CR_Mem_add.java:175)
	at HFIC.Testcases.com.CR_Member_Add.Memberadd(CR_Member_Add.java:16)
	at sun.reflect.NativeMethodAccessorImpl.invoke0(Native Method)
	at sun.reflect.NativeMethodAccessorImpl.invoke(Unknown Source)
	at sun.reflect.DelegatingMethodAccessorImpl.invoke(Unknown Source)
	at java.lang.reflect.Method.invoke(Unknown Source)
	at org.testng.internal.MethodInvocationHelper.invokeMethod(MethodInvocationHelper.java:86)
	at org.testng.internal.Invoker.invokeMethod(Invoker.java:645)
	at org.testng.internal.Invoker.invokeTestMethod(Invoker.java:822)
	at org.testng.internal.Invoker.invokeTestMethods(Invoker.java:1130)
	at org.testng.internal.TestMethodWorker.invokeTestMethods(TestMethodWorker.java:129)
	at org.testng.internal.TestMethodWorker.run(TestMethodWorker.java:112)
	at org.testng.TestRunner.privateRun(TestRunner.java:782)
	at org.testng.TestRunner.run(TestRunner.java:632)
	at org.testng.SuiteRunner.runTest(SuiteRunner.java:366)
	at org.testng.SuiteRunner.runSequentially(SuiteRunner.java:361)
	at org.testng.SuiteRunner.privateRun(SuiteRunner.java:319)
	at org.testng.SuiteRunner.run(SuiteRunner.java:268)
	at org.testng.SuiteRunnerWorker.runSuite(SuiteRunnerWorker.java:52)
	at org.testng.SuiteRunnerWorker.run(SuiteRunnerWorker.java:86)
	at org.testng.TestNG.runSuitesSequentially(TestNG.java:1244)
	at org.testng.TestNG.runSuitesLocally(TestNG.java:1169)
	at org.testng.TestNG.run(TestNG.java:1064)
	at org.testng.remote.RemoteTestNG.run(RemoteTestNG.java:113)
	at org.testng.remote.RemoteTestNG.initAndRun(RemoteTestNG.java:206)
	at org.testng.remote.RemoteTestNG.main(RemoteTestNG.java:177)
]]>
            </full-stacktrace>
          </exception> <!-- org.openqa.selenium.NoSuchWindowException -->
          <reporter-output>
          </reporter-output>
        </test-method> <!-- Memberadd -->
        <test-method status="PASS" signature="Tear_Down(org.testng.ITestResult)[pri:0, instance:HFIC.Testcases.com.CR_Member_Add@2133c8f8]" name="Tear_Down" is-config="true" duration-ms="955" started-at="2021-05-13T12:29:31Z" finished-at="2021-05-13T12:29:31Z">
          <params>
            <param index="0">
              <value>
                <![CDATA[[TestResult name=Memberadd status=FAILURE method=CR_Member_Add.Memberadd()[pri:0, instance:HFIC.Testcases.com.CR_Member_Add@2133c8f8] output={null}]]]>
              </value>
            </param>
          </params>
          <reporter-output>
          </reporter-output>
        </test-method> <!-- Tear_Down -->
        <test-method status="PASS" signature="Application_Exit()[pri:0, instance:HFIC.Testcases.com.CR_Member_Add@2133c8f8]" name="Application_Exit" is-config="true" duration-ms="6448" started-at="2021-05-13T12:29:31Z" finished-at="2021-05-13T12:29:38Z">
          <reporter-output>
          </reporter-output>
        </test-method> <!-- Application_Exit -->
      </class> <!-- HFIC.Testcases.com.CR_Member_Add -->
    </test> <!-- Default test -->
  </suite> <!-- Default suite -->
</testng-results>
