<?xml version="1.0" encoding="UTF-8"?>
<!-- Generated by org.testng.reporters.JUnitXMLReporter -->
<testsuite hostname="SVFL-XAADQAF-40" ignored="0" name="Test" tests="7" failures="3" timestamp="04 Apr 2021 15:09:33 GMT" time="489.924" errors="0">
  <testcase name="uplod_Documents" time="135.617" classname="PEGA.Changerequest">
    <failure type="org.openqa.selenium.ElementClickInterceptedException" message="element click intercepted: Element &amp;lt;img data-template=&amp;quot;&amp;quot; data-click=&amp;quot;[[&amp;amp;quot;processAction&amp;amp;quot;, [&amp;amp;quot;HFICNotesDetails&amp;amp;quot;,&amp;amp;quot;true&amp;amp;quot;,&amp;amp;quot;:event&amp;amp;quot;,&amp;amp;quot;&amp;amp;quot;,&amp;amp;quot;Rule-HTML-Section&amp;amp;quot;,&amp;amp;quot;hfic_modal_modal&amp;amp;quot;,&amp;amp;quot;RejectReasonModalTemplate&amp;amp;quot;,&amp;amp;quot;%7B%22mobile%22%3A%7B%22reveal%22%3A%7B%22effect%22%3A%22anim-bottom%22%7D%2C%22isCustomDismiss%22%3A%22false%22%7D%7D&amp;amp;quot;,&amp;amp;quot;true&amp;amp;quot;,&amp;amp;quot;HF-Product-Enroll-Work-Maint-ChangeRequest&amp;amp;quot;,&amp;amp;quot;HF-Product-Enroll-Work-Maint-ChangeRequest&amp;amp;quot;,&amp;amp;quot;false&amp;amp;quot;,&amp;amp;quot;false&amp;amp;quot;,&amp;amp;quot;&amp;amp;quot;,&amp;amp;quot;&amp;amp;quot;]],[&amp;amp;quot;refresh&amp;amp;quot;, [&amp;amp;quot;otherSection&amp;amp;quot;,&amp;amp;quot;DocumentUploadUI&amp;amp;quot;, &amp;amp;quot;&amp;amp;quot;, &amp;amp;quot;=&amp;amp;quot;, &amp;amp;quot;&amp;amp;quot;, &amp;amp;quot;,&amp;amp;quot;,&amp;amp;quot;:event&amp;amp;quot;,&amp;amp;quot;&amp;amp;quot;,[&amp;amp;quot;pzuiactionzzz=CXt0cn17U1RBTkRBUkR9ZWVlYjI2NjEzZDc4MjFiNzRmOGJkYzdmNGFmY2ZkYTg2OTVmYzA4NTkzYjViYTE3NmVhODYwOGFmYmFhOTdlOGZmMjYzNzVkM2MwY2ExZTRmMTZlYTUyZWEzOWQzMDQ4NmI2NDJkODRlYTVlODZmMWNiOWM0NzViNmFjYjIxZTE%3D*&amp;amp;quot;,{},{}],&amp;amp;quot;pyWorkPage&amp;amp;quot;]]]&amp;quot; data-ctl=&amp;quot;Icon&amp;quot; src=&amp;quot;webwb/hficnotes_11608496393.png!!.png&amp;quot; name=&amp;quot;HFICCaseHeader_pyWorkPage_16&amp;quot; tabindex=&amp;quot;0&amp;quot; role=&amp;quot;link&amp;quot;&amp;gt; is not clickable at point (1095, 142). Other element would receive the click: &amp;lt;div class=&amp;quot;modal-align-cell hfic_modal_reject_reason_modal&amp;quot;&amp;gt;...&amp;lt;/div&amp;gt;
  (Session info: chrome=89.0.4389.114)
Build info: version: &amp;apos;3.141.59&amp;apos;, revision: &amp;apos;e82be7d358&amp;apos;, time: &amp;apos;2018-11-14T08:17:03&amp;apos;
System info: host: &amp;apos;SVFL-XAADQAF-40&amp;apos;, ip: &amp;apos;10.200.189.204&amp;apos;, os.name: &amp;apos;Windows Server 2016&amp;apos;, os.arch: &amp;apos;amd64&amp;apos;, os.version: &amp;apos;10.0&amp;apos;, java.version: &amp;apos;1.8.0_211&amp;apos;
Driver info: org.openqa.selenium.chrome.ChromeDriver
Capabilities {acceptInsecureCerts: false, browserName: chrome, browserVersion: 89.0.4389.114, chrome: {chromedriverVersion: 89.0.4389.23 (61b08ee2c5002..., userDataDir: C:\Users\SMUTCH~1\AppData\L...}, goog:chromeOptions: {debuggerAddress: localhost:52468}, javascriptEnabled: true, networkConnectionEnabled: false, pageLoadStrategy: normal, platform: WINDOWS, platformName: WINDOWS, proxy: Proxy(), setWindowRect: true, strictFileInteractability: false, timeouts: {implicit: 0, pageLoad: 300000, script: 30000}, unhandledPromptBehavior: dismiss and notify, webauthn:extension:largeBlob: true, webauthn:virtualAuthenticators: true}
Session ID: fcdbdbba2f6037fc2d61ded8961f4000">
      <![CDATA[org.openqa.selenium.ElementClickInterceptedException: element click intercepted: Element <img data-template="" data-click="[[&quot;processAction&quot;, [&quot;HFICNotesDetails&quot;,&quot;true&quot;,&quot;:event&quot;,&quot;&quot;,&quot;Rule-HTML-Section&quot;,&quot;hfic_modal_modal&quot;,&quot;RejectReasonModalTemplate&quot;,&quot;%7B%22mobile%22%3A%7B%22reveal%22%3A%7B%22effect%22%3A%22anim-bottom%22%7D%2C%22isCustomDismiss%22%3A%22false%22%7D%7D&quot;,&quot;true&quot;,&quot;HF-Product-Enroll-Work-Maint-ChangeRequest&quot;,&quot;HF-Product-Enroll-Work-Maint-ChangeRequest&quot;,&quot;false&quot;,&quot;false&quot;,&quot;&quot;,&quot;&quot;]],[&quot;refresh&quot;, [&quot;otherSection&quot;,&quot;DocumentUploadUI&quot;, &quot;&quot;, &quot;=&quot;, &quot;&quot;, &quot;,&quot;,&quot;:event&quot;,&quot;&quot;,[&quot;pzuiactionzzz=CXt0cn17U1RBTkRBUkR9ZWVlYjI2NjEzZDc4MjFiNzRmOGJkYzdmNGFmY2ZkYTg2OTVmYzA4NTkzYjViYTE3NmVhODYwOGFmYmFhOTdlOGZmMjYzNzVkM2MwY2ExZTRmMTZlYTUyZWEzOWQzMDQ4NmI2NDJkODRlYTVlODZmMWNiOWM0NzViNmFjYjIxZTE%3D*&quot;,{},{}],&quot;pyWorkPage&quot;]]]" data-ctl="Icon" src="webwb/hficnotes_11608496393.png!!.png" name="HFICCaseHeader_pyWorkPage_16" tabindex="0" role="link"> is not clickable at point (1095, 142). Other element would receive the click: <div class="modal-align-cell hfic_modal_reject_reason_modal">...</div>
  (Session info: chrome=89.0.4389.114)
Build info: version: '3.141.59', revision: 'e82be7d358', time: '2018-11-14T08:17:03'
System info: host: 'SVFL-XAADQAF-40', ip: '10.200.189.204', os.name: 'Windows Server 2016', os.arch: 'amd64', os.version: '10.0', java.version: '1.8.0_211'
Driver info: org.openqa.selenium.chrome.ChromeDriver
Capabilities {acceptInsecureCerts: false, browserName: chrome, browserVersion: 89.0.4389.114, chrome: {chromedriverVersion: 89.0.4389.23 (61b08ee2c5002..., userDataDir: C:\Users\SMUTCH~1\AppData\L...}, goog:chromeOptions: {debuggerAddress: localhost:52468}, javascriptEnabled: true, networkConnectionEnabled: false, pageLoadStrategy: normal, platform: WINDOWS, platformName: WINDOWS, proxy: Proxy(), setWindowRect: true, strictFileInteractability: false, timeouts: {implicit: 0, pageLoad: 300000, script: 30000}, unhandledPromptBehavior: dismiss and notify, webauthn:extension:largeBlob: true, webauthn:virtualAuthenticators: true}
Session ID: fcdbdbba2f6037fc2d61ded8961f4000
at org.openqa.selenium.remote.http.W3CHttpResponseCodec.createException(W3CHttpResponseCodec.java:187)
at org.openqa.selenium.remote.http.W3CHttpResponseCodec.decode(W3CHttpResponseCodec.java:122)
at org.openqa.selenium.remote.http.W3CHttpResponseCodec.decode(W3CHttpResponseCodec.java:49)
at org.openqa.selenium.remote.HttpCommandExecutor.execute(HttpCommandExecutor.java:158)
at org.openqa.selenium.remote.service.DriverCommandExecutor.execute(DriverCommandExecutor.java:83)
at org.openqa.selenium.remote.RemoteWebDriver.execute(RemoteWebDriver.java:552)
at org.openqa.selenium.remote.RemoteWebElement.execute(RemoteWebElement.java:285)
at org.openqa.selenium.remote.RemoteWebElement.click(RemoteWebElement.java:84)
at PEGA.Changerequest.uplod_Documents(Changerequest.java:91)
... Removed 29 stack frames]]>
    </failure>
  </testcase> <!-- uplod_Documents -->
  <testcase name="uplod_Documents" time="69.463" classname="PEGA.Changerequest6"/>
  <testcase name="uplod_Documents" time="32.58" classname="PEGA.Changerequest7">
    <failure type="java.lang.NullPointerException">
      <![CDATA[java.lang.NullPointerException
at Utilities.com.TestDataProvider.getstringdata(TestDataProvider.java:25)
at PEGA.Changerequest7.uplod_Documents(Changerequest7.java:63)
... Removed 25 stack frames]]>
    </failure>
  </testcase> <!-- uplod_Documents -->
  <testcase name="uplod_Documents" time="69.914" classname="PEGA.Changerequest4"/>
  <testcase name="uplod_Documents" time="70.02" classname="PEGA.Changerequest5"/>
  <testcase name="uplod_Documents" time="56.119" classname="PEGA.Changerequest2"/>
  <testcase name="uplod_Documents" time="53.42" classname="PEGA.Changerequest3">
    <failure type="org.openqa.selenium.ElementClickInterceptedException" message="element click intercepted: Element &amp;lt;button data-ctl=&amp;quot;&amp;quot; data-click=&amp;quot;[[&amp;amp;quot;setMobileTransition&amp;amp;quot;,[&amp;amp;quot;pega.mobile.transitions.NONE&amp;amp;quot;]],[&amp;amp;quot;setUserStart&amp;amp;quot;,[&amp;amp;quot;FINISHASSIGNMENT&amp;amp;quot;]],[&amp;amp;quot;doFormSubmit&amp;amp;quot;,[&amp;amp;quot;pyActivity=FinishAssignment&amp;amp;quot;,&amp;amp;quot;:this&amp;amp;quot;,&amp;amp;quot;&amp;amp;quot;,&amp;amp;quot;:event&amp;amp;quot;]]]&amp;quot; name=&amp;quot;DocumentUploadUI_pyWorkPage_48&amp;quot; class=&amp;quot;Cancel_Edit_Button pzhc pzbutton&amp;quot; type=&amp;quot;button&amp;quot; title=&amp;quot;&amp;quot; disabled=&amp;quot;&amp;quot; tabindex=&amp;quot;-1&amp;quot;&amp;gt;...&amp;lt;/button&amp;gt; is not clickable at point (696, 465). Other element would receive the click: &amp;lt;span data-template=&amp;quot;&amp;quot;&amp;gt;...&amp;lt;/span&amp;gt;
  (Session info: chrome=89.0.4389.114)
Build info: version: &amp;apos;3.141.59&amp;apos;, revision: &amp;apos;e82be7d358&amp;apos;, time: &amp;apos;2018-11-14T08:17:03&amp;apos;
System info: host: &amp;apos;SVFL-XAADQAF-40&amp;apos;, ip: &amp;apos;10.200.189.204&amp;apos;, os.name: &amp;apos;Windows Server 2016&amp;apos;, os.arch: &amp;apos;amd64&amp;apos;, os.version: &amp;apos;10.0&amp;apos;, java.version: &amp;apos;1.8.0_211&amp;apos;
Driver info: org.openqa.selenium.chrome.ChromeDriver
Capabilities {acceptInsecureCerts: false, browserName: chrome, browserVersion: 89.0.4389.114, chrome: {chromedriverVersion: 89.0.4389.23 (61b08ee2c5002..., userDataDir: C:\Users\SMUTCH~1\AppData\L...}, goog:chromeOptions: {debuggerAddress: localhost:52825}, javascriptEnabled: true, networkConnectionEnabled: false, pageLoadStrategy: normal, platform: WINDOWS, platformName: WINDOWS, proxy: Proxy(), setWindowRect: true, strictFileInteractability: false, timeouts: {implicit: 0, pageLoad: 300000, script: 30000}, unhandledPromptBehavior: dismiss and notify, webauthn:extension:largeBlob: true, webauthn:virtualAuthenticators: true}
Session ID: f5cdca097d1b7420b5ecb2d7fcef4574">
      <![CDATA[org.openqa.selenium.ElementClickInterceptedException: element click intercepted: Element <button data-ctl="" data-click="[[&quot;setMobileTransition&quot;,[&quot;pega.mobile.transitions.NONE&quot;]],[&quot;setUserStart&quot;,[&quot;FINISHASSIGNMENT&quot;]],[&quot;doFormSubmit&quot;,[&quot;pyActivity=FinishAssignment&quot;,&quot;:this&quot;,&quot;&quot;,&quot;:event&quot;]]]" name="DocumentUploadUI_pyWorkPage_48" class="Cancel_Edit_Button pzhc pzbutton" type="button" title="" disabled="" tabindex="-1">...</button> is not clickable at point (696, 465). Other element would receive the click: <span data-template="">...</span>
  (Session info: chrome=89.0.4389.114)
Build info: version: '3.141.59', revision: 'e82be7d358', time: '2018-11-14T08:17:03'
System info: host: 'SVFL-XAADQAF-40', ip: '10.200.189.204', os.name: 'Windows Server 2016', os.arch: 'amd64', os.version: '10.0', java.version: '1.8.0_211'
Driver info: org.openqa.selenium.chrome.ChromeDriver
Capabilities {acceptInsecureCerts: false, browserName: chrome, browserVersion: 89.0.4389.114, chrome: {chromedriverVersion: 89.0.4389.23 (61b08ee2c5002..., userDataDir: C:\Users\SMUTCH~1\AppData\L...}, goog:chromeOptions: {debuggerAddress: localhost:52825}, javascriptEnabled: true, networkConnectionEnabled: false, pageLoadStrategy: normal, platform: WINDOWS, platformName: WINDOWS, proxy: Proxy(), setWindowRect: true, strictFileInteractability: false, timeouts: {implicit: 0, pageLoad: 300000, script: 30000}, unhandledPromptBehavior: dismiss and notify, webauthn:extension:largeBlob: true, webauthn:virtualAuthenticators: true}
Session ID: f5cdca097d1b7420b5ecb2d7fcef4574
at org.openqa.selenium.remote.http.W3CHttpResponseCodec.createException(W3CHttpResponseCodec.java:187)
at org.openqa.selenium.remote.http.W3CHttpResponseCodec.decode(W3CHttpResponseCodec.java:122)
at org.openqa.selenium.remote.http.W3CHttpResponseCodec.decode(W3CHttpResponseCodec.java:49)
at org.openqa.selenium.remote.HttpCommandExecutor.execute(HttpCommandExecutor.java:158)
at org.openqa.selenium.remote.service.DriverCommandExecutor.execute(DriverCommandExecutor.java:83)
at org.openqa.selenium.remote.RemoteWebDriver.execute(RemoteWebDriver.java:552)
at org.openqa.selenium.remote.RemoteWebElement.execute(RemoteWebElement.java:285)
at org.openqa.selenium.remote.RemoteWebElement.click(RemoteWebElement.java:84)
at PEGA.Changerequest3.uplod_Documents(Changerequest3.java:109)
... Removed 29 stack frames]]>
    </failure>
  </testcase> <!-- uplod_Documents -->
</testsuite> <!-- Test -->
