<?xml version="1.0" encoding="UTF-8"?>
<!-- Generated by org.testng.reporters.JUnitXMLReporter -->
<testsuite hostname="SVFL-XAADQAF-17" ignored="4" name="Test" tests="8" failures="0" timestamp="09 Apr 2021 22:35:12 GMT" time="56.507" errors="0">
  <testcase name="@BeforeClass Application_Start" time="0.0" classname="HFIC.Pages.com.Baseclass">
    <failure type="java.lang.NullPointerException">
      <![CDATA[java.lang.NullPointerException
at HFIC.Pages.com.Baseclass.Application_Start(Baseclass.java:50)
... Removed 26 stack frames]]>
    </failure>
  </testcase> <!-- @BeforeClass Application_Start -->
  <testcase name="@AfterMethod Tear_Down" time="0.0" classname="HFIC.Pages.com.Baseclass">
    <skipped/>
  </testcase> <!-- @AfterMethod Tear_Down -->
  <testcase name="@BeforeClass Application_Start" time="0.001" classname="HFIC.Pages.com.Baseclass">
    <failure type="java.lang.NullPointerException">
      <![CDATA[java.lang.NullPointerException
at HFIC.Pages.com.Baseclass.Application_Start(Baseclass.java:50)
... Removed 26 stack frames]]>
    </failure>
  </testcase> <!-- @BeforeClass Application_Start -->
  <testcase name="@AfterMethod Tear_Down" time="0.0" classname="HFIC.Pages.com.Baseclass">
    <skipped/>
  </testcase> <!-- @AfterMethod Tear_Down -->
  <testcase name="@AfterMethod Tear_Down" time="0.0" classname="HFIC.Pages.com.Baseclass">
    <skipped/>
  </testcase> <!-- @AfterMethod Tear_Down -->
  <testcase name="@AfterClass Application_Exit" time="0.0" classname="HFIC.Pages.com.Baseclass">
    <skipped/>
  </testcase> <!-- @AfterClass Application_Exit -->
  <testcase name="@AfterMethod Tear_Down" time="0.0" classname="HFIC.Pages.com.Baseclass">
    <skipped/>
  </testcase> <!-- @AfterMethod Tear_Down -->
  <testcase name="@AfterMethod Tear_Down" time="0.0" classname="HFIC.Pages.com.Baseclass">
    <skipped/>
  </testcase> <!-- @AfterMethod Tear_Down -->
  <testcase name="@AfterMethod Tear_Down" time="0.0" classname="HFIC.Pages.com.Baseclass">
    <skipped/>
  </testcase> <!-- @AfterMethod Tear_Down -->
  <testcase name="@AfterClass Application_Exit" time="0.0" classname="HFIC.Pages.com.Baseclass">
    <skipped/>
  </testcase> <!-- @AfterClass Application_Exit -->
  <testcase name="CR_HSA_Member_update" time="23.883" classname="HFIC.Testcases.com.CR_HSAnew"/>
  <testcase name="CR_Audit_UploadeDocument" time="0.0" classname="HFIC.Testcases.com.CR_UploadeDocuments">
    <skipped/>
  </testcase> <!-- CR_Audit_UploadeDocument -->
  <testcase name="HFIC_Group_Number_Search" time="0.0" classname="HFIC.Testcases.com.Enrollment_360_new">
    <skipped/>
  </testcase> <!-- HFIC_Group_Number_Search -->
  <testcase name="CR_HSA_Group_update" time="24.903" classname="HFIC.Testcases.com.CR_HSAnew"/>
  <testcase name="CR_Other_UploadeDocument" time="0.0" classname="HFIC.Testcases.com.CR_UploadeDocuments">
    <skipped/>
  </testcase> <!-- CR_Other_UploadeDocument -->
  <testcase name="HP_Group_Search" time="0.0" classname="HFIC.Testcases.com.Enrollment_360_new">
    <skipped/>
  </testcase> <!-- HP_Group_Search -->
  <testcase name="MemberSearch" time="0.0" classname="HFIC.Testcases.com.Enrollment_360_new">
    <skipped/>
  </testcase> <!-- MemberSearch -->
  <testcase name="Member_Search_Otherinfo" time="0.0" classname="HFIC.Testcases.com.Enrollment_360_new">
    <skipped/>
  </testcase> <!-- Member_Search_Otherinfo -->
  <testcase name="@AfterSuite report" time="0.0" classname="HFIC.Pages.com.Baseclass">
    <ignored/>
  </testcase> <!-- @AfterSuite report -->
  <testcase name="@AfterSuite report" time="0.0" classname="HFIC.Pages.com.Baseclass">
    <ignored/>
  </testcase> <!-- @AfterSuite report -->
  <testcase name="@BeforeSuite Start_up" time="0.0" classname="HFIC.Pages.com.Baseclass">
    <ignored/>
  </testcase> <!-- @BeforeSuite Start_up -->
  <testcase name="@BeforeSuite Start_up" time="0.0" classname="HFIC.Pages.com.Baseclass">
    <ignored/>
  </testcase> <!-- @BeforeSuite Start_up -->
</testsuite> <!-- Test -->
