<?xml version="1.0" encoding="UTF-8"?>
<!-- Generated by org.testng.reporters.JUnitXMLReporter -->
<testsuite hostname="SVFL-XAADQAF-40" ignored="0" name="Test" tests="1" failures="1" timestamp="04 Apr 2021 20:19:40 GMT" time="16.896" errors="0">
  <testcase name="@AfterMethod Tear_Down" time="0.302" classname="HFIC.Pages.com.Baseclass">
    <failure type="java.io.FileNotFoundException" message="C:\Users\smutchumilli\git\HFIC\HFICTestResults\04_04_2021_16_19_40.png (The system cannot find the path specified)">
      <![CDATA[java.io.FileNotFoundException: C:\Users\smutchumilli\git\HFIC\HFICTestResults\04_04_2021_16_19_40.png (The system cannot find the path specified)
at java.io.FileOutputStream.open0(Native Method)
at java.io.FileOutputStream.open(Unknown Source)
at java.io.FileOutputStream.<init>(Unknown Source)
at java.io.FileOutputStream.<init>(Unknown Source)
at org.openqa.selenium.io.FileHandler.copyFile(FileHandler.java:138)
at org.openqa.selenium.io.FileHandler.copy(FileHandler.java:117)
at Utilities.com.Helper.Get_Screenshot(Helper.java:20)
at HFIC.Pages.com.Baseclass.Tear_Down(Baseclass.java:57)
... Removed 28 stack frames]]>
    </failure>
  </testcase> <!-- @AfterMethod Tear_Down -->
  <testcase name="CR_UploadeDocument" time="9.218" classname="HFIC.Testcases.com.CR_UploadeDocuments">
    <failure type="java.lang.UnsupportedOperationException" message="You may only deselect options of a multi-select">
      <![CDATA[java.lang.UnsupportedOperationException: You may only deselect options of a multi-select
at org.openqa.selenium.support.ui.Select.deselectByIndex(Select.java:244)
at HFIC.Pages.com.ChangeRequest_Uplodedocuments.CR_Uplodedocument(ChangeRequest_Uplodedocuments.java:66)
at HFIC.Testcases.com.CR_UploadeDocuments.CR_UploadeDocument(CR_UploadeDocuments.java:16)
... Removed 25 stack frames]]>
    </failure>
  </testcase> <!-- CR_UploadeDocument -->
</testsuite> <!-- Test -->
